# JRE version: OpenJDK Runtime Environment Temurin-21.0.12.1+1 (21.0.12.1+1) (build 21.0.12.1+1-LTS)
# Java VM: OpenJDK 64-Bit Server VM Temurin-21.0.12.1+1 (21.0.12.1+1-LTS, mixed mode, sharing, tiered, compressed oops, compressed class ptrs, g1 gc, windows-amd64)
GC Precious Log:
 CardTable entry size: 512
 Card Set container configuration: InlinePtr #cards 4 size 8 Array Of Cards #cards 32 size 80 Howl #buckets 8 coarsen threshold 7372 Howl Bitmap #cards 1024 size 144 coarsen threshold 921 Card regions per heap region 1 cards per card region 8192
 CPUs: 20 total, 20 available
 Memory: 16068M
 Large Page Support: Disabled
 NUMA Support: Disabled
 Compressed Oops: Enabled (Zero based)
 Heap Region Size: 4M
 Heap Min Capacity: 8M
 Heap Initial Capacity: 252M
 Heap Max Capacity: 8G
 Pre-touch: Disabled
 Parallel Workers: 15
 Concurrent Workers: 4
 Concurrent Refinement Workers: 15
 Periodic GC: Disabled
Heap:
 garbage-first heap   total 110592K, used 54301K [0x0000000600000000, 0x0000000800000000)
  region size 4096K, 2 young (8192K), 1 survivors (4096K)
 Metaspace       used 67069K, committed 69056K, reserved 1114112K
  class space    used 9847K, committed 10816K, reserved 1048576K
GC Heap History (20 events):
Event: 112.700 GC heap before
{Heap before GC invocations=9 (full 0):
 garbage-first heap   total 110592K, used 92431K [0x0000000600000000, 0x0000000800000000)
  region size 4096K, 16 young (65536K), 1 survivors (4096K)
 Metaspace       used 38807K, committed 40320K, reserved 1114112K
  class space    used 5634K, committed 6336K, reserved 1048576K
}
Event: 112.719 GC heap after
{Heap after GC invocations=10 (full 0):
 garbage-first heap   total 110592K, used 32746K [0x0000000600000000, 0x0000000800000000)
  region size 4096K, 2 young (8192K), 2 survivors (8192K)
 Metaspace       used 38807K, committed 40320K, reserved 1114112K
  class space    used 5634K, committed 6336K, reserved 1048576K
}
Event: 129.291 GC heap before
{Heap before GC invocations=10 (full 0):
 garbage-first heap   total 110592K, used 90090K [0x0000000600000000, 0x0000000800000000)
  region size 4096K, 16 young (65536K), 2 survivors (8192K)
 Metaspace       used 41935K, committed 43584K, reserved 1114112K
  class space    used 6154K, committed 6976K, reserved 1048576K
}
Event: 129.307 GC heap after
{Heap after GC invocations=11 (full 0):
 garbage-first heap   total 110592K, used 34309K [0x0000000600000000, 0x0000000800000000)
  region size 4096K, 2 young (8192K), 2 survivors (8192K)
 Metaspace       used 41935K, committed 43584K, reserved 1114112K
  class space    used 6154K, committed 6976K, reserved 1048576K
}
Event: 137.438 GC heap before
{Heap before GC invocations=11 (full 0):
 garbage-first heap   total 110592K, used 91653K [0x0000000600000000, 0x0000000800000000)
  region size 4096K, 16 young (65536K), 2 survivors (8192K)
 Metaspace       used 46957K, committed 48640K, reserved 1114112K
  class space    used 6926K, committed 7744K, reserved 1048576K
}
Event: 137.445 GC heap after
{Heap after GC invocations=12 (full 0):
 garbage-first heap   total 110592K, used 37661K [0x0000000600000000, 0x0000000800000000)
  region size 4096K, 2 young (8192K), 2 survivors (8192K)
 Metaspace       used 46957K, committed 48640K, reserved 1114112K
  class space    used 6926K, committed 7744K, reserved 1048576K
}
Event: 148.552 GC heap before
{Heap before GC invocations=12 (full 0):
 garbage-first heap   total 110592K, used 90909K [0x0000000600000000, 0x0000000800000000)
  region size 4096K, 16 young (65536K), 2 survivors (8192K)
 Metaspace       used 48397K, committed 50176K, reserved 1114112K
  class space    used 7126K, committed 8000K, reserved 1048576K
}
Event: 148.565 GC heap after
{Heap after GC invocations=13 (full 0):
 garbage-first heap   total 110592K, used 42281K [0x0000000600000000, 0x0000000800000000)
  region size 4096K, 2 young (8192K), 2 survivors (8192K)
 Metaspace       used 48397K, committed 50176K, reserved 1114112K
  class space    used 7126K, committed 8000K, reserved 1048576K
}
Event: 155.509 GC heap before
{Heap before GC invocations=13 (full 0):
 garbage-first heap   total 110592K, used 91433K [0x0000000600000000, 0x0000000800000000)
  region size 4096K, 15 young (61440K), 2 survivors (8192K)
 Metaspace       used 53092K, committed 54976K, reserved 1114112K
  class space    used 7873K, committed 8768K, reserved 1048576K
}
Event: 155.515 GC heap after
{Heap after GC invocations=14 (full 0):
 garbage-first heap   total 110592K, used 46740K [0x0000000600000000, 0x0000000800000000)
  region size 4096K, 2 young (8192K), 2 survivors (8192K)
 Metaspace       used 53092K, committed 54976K, reserved 1114112K
  class space    used 7873K, committed 8768K, reserved 1048576K
}
Event: 158.048 GC heap before
{Heap before GC invocations=14 (full 0):
 garbage-first heap   total 110592K, used 91796K [0x0000000600000000, 0x0000000800000000)
  region size 4096K, 13 young (53248K), 2 survivors (8192K)
 Metaspace       used 58240K, committed 60160K, reserved 1114112K
  class space    used 8556K, committed 9472K, reserved 1048576K
}
Event: 158.052 GC heap after
{Heap after GC invocations=15 (full 0):
 garbage-first heap   total 110592K, used 50048K [0x0000000600000000, 0x0000000800000000)
  region size 4096K, 1 young (4096K), 1 survivors (4096K)
 Metaspace       used 58240K, committed 60160K, reserved 1114112K
  class space    used 8556K, committed 9472K, reserved 1048576K
}
Event: 158.540 GC heap before
{Heap before GC invocations=15 (full 0):
 garbage-first heap   total 110592K, used 54144K [0x0000000600000000, 0x0000000800000000)
  region size 4096K, 3 young (12288K), 1 survivors (4096K)
 Metaspace       used 58733K, committed 60608K, reserved 1114112K
  class space    used 8625K, committed 9536K, reserved 1048576K
}
Event: 158.545 GC heap after
{Heap after GC invocations=16 (full 0):
 garbage-first heap   total 110592K, used 50353K [0x0000000600000000, 0x0000000800000000)
  region size 4096K, 1 young (4096K), 1 survivors (4096K)
 Metaspace       used 58733K, committed 60608K, reserved 1114112K
  class space    used 8625K, committed 9536K, reserved 1048576K
}
Event: 160.864 GC heap before
{Heap before GC invocations=17 (full 0):
 garbage-first heap   total 110592K, used 95409K [0x0000000600000000, 0x0000000800000000)
  region size 4096K, 12 young (49152K), 1 survivors (4096K)
 Metaspace       used 61669K, committed 63680K, reserved 1114112K
  class space    used 9052K, committed 10048K, reserved 1048576K
}
Event: 160.868 GC heap after
{Heap after GC invocations=18 (full 0):
 garbage-first heap   total 110592K, used 51228K [0x0000000600000000, 0x0000000800000000)
  region size 4096K, 1 young (4096K), 1 survivors (4096K)
 Metaspace       used 61669K, committed 63680K, reserved 1114112K
  class space    used 9052K, committed 10048K, reserved 1048576K
}
Event: 166.977 GC heap before
{Heap before GC invocations=18 (full 0):
 garbage-first heap   total 110592K, used 96284K [0x0000000600000000, 0x0000000800000000)
  region size 4096K, 12 young (49152K), 1 survivors (4096K)
 Metaspace       used 64153K, committed 66112K, reserved 1114112K
  class space    used 9415K, committed 10368K, reserved 1048576K
}
Event: 166.983 GC heap after
{Heap after GC invocations=19 (full 0):
 garbage-first heap   total 110592K, used 54141K [0x0000000600000000, 0x0000000800000000)
  region size 4096K, 2 young (8192K), 2 survivors (8192K)
 Metaspace       used 64153K, committed 66112K, reserved 1114112K
  class space    used 9415K, committed 10368K, reserved 1048576K
}
Event: 168.604 GC heap before
{Heap before GC invocations=19 (full 0):
 garbage-first heap   total 110592K, used 95101K [0x0000000600000000, 0x0000000800000000)
  region size 4096K, 12 young (49152K), 2 survivors (8192K)
 Metaspace       used 66959K, committed 68992K, reserved 1114112K
  class space    used 9831K, committed 10816K, reserved 1048576K
}
Event: 168.610 GC heap after
{Heap after GC invocations=20 (full 0):
 garbage-first heap   total 110592K, used 54301K [0x0000000600000000, 0x0000000800000000)
  region size 4096K, 1 young (4096K), 1 survivors (4096K)
 Metaspace       used 66959K, committed 68992K, reserved 1114112K
  class space    used 9831K, committed 10816K, reserved 1048576K
}

