# JRE version: OpenJDK Runtime Environment Temurin-21.0.12.1+1 (21.0.12.1+1) (build 21.0.12.1+1-LTS)
# Java VM: OpenJDK 64-Bit Server VM Temurin-21.0.12.1+1 (21.0.12.1+1-LTS, mixed mode, sharing, tiered, compressed oops, compressed class ptrs, g1 gc, windows-amd64)
GC Precious Log:
 CardTable entry size: 512
 Card Set container configuration: InlinePtr #cards 4 size 8 Array Of Cards #cards 32 size 80 Howl #buckets 8 coarsen threshold 7372 Howl Bitmap #cards 1024 size 144 coarsen threshold 921 Card regions per heap region 1 cards per card region 8192
 CPUs: 20 total, 20 available
 Memory: 16068M
 Large Page Support: Disabled
 NUMA Support: Disabled
 Compressed Oops: Enabled (Zero based)
 Heap Region Size: 4M
 Heap Min Capacity: 8M
 Heap Initial Capacity: 252M
 Heap Max Capacity: 8G
 Pre-touch: Disabled
 Parallel Workers: 15
 Concurrent Workers: 4
 Concurrent Refinement Workers: 15
 Periodic GC: Disabled
Heap:
 garbage-first heap   total 102400K, used 71803K [0x0000000600000000, 0x0000000800000000)
  region size 4096K, 12 young (49152K), 1 survivors (4096K)
 Metaspace       used 36841K, committed 38272K, reserved 1114112K
  class space    used 5306K, committed 6016K, reserved 1048576K
GC Heap History (14 events):
Event: 0.556 GC heap before
{Heap before GC invocations=0 (full 0):
 garbage-first heap   total 258048K, used 20480K [0x0000000600000000, 0x0000000800000000)
  region size 4096K, 5 young (20480K), 0 survivors (0K)
 Metaspace       used 881K, committed 1024K, reserved 1114112K
  class space    used 71K, committed 128K, reserved 1048576K
}
Event: 0.560 GC heap after
{Heap after GC invocations=1 (full 0):
 garbage-first heap   total 258048K, used 1707K [0x0000000600000000, 0x0000000800000000)
  region size 4096K, 1 young (4096K), 1 survivors (4096K)
 Metaspace       used 881K, committed 1024K, reserved 1114112K
  class space    used 71K, committed 128K, reserved 1048576K
}
Event: 1.718 GC heap before
{Heap before GC invocations=1 (full 0):
 garbage-first heap   total 258048K, used 46763K [0x0000000600000000, 0x0000000800000000)
  region size 4096K, 11 young (45056K), 1 survivors (4096K)
 Metaspace       used 4600K, committed 4800K, reserved 1114112K
  class space    used 582K, committed 704K, reserved 1048576K
}
Event: 1.725 GC heap after
{Heap after GC invocations=2 (full 0):
 garbage-first heap   total 258048K, used 11625K [0x0000000600000000, 0x0000000800000000)
  region size 4096K, 2 young (8192K), 2 survivors (8192K)
 Metaspace       used 4600K, committed 4800K, reserved 1114112K
  class space    used 582K, committed 704K, reserved 1048576K
}
Event: 7.839 GC heap before
{Heap before GC invocations=2 (full 0):
 garbage-first heap   total 258048K, used 114025K [0x0000000600000000, 0x0000000800000000)
  region size 4096K, 28 young (114688K), 2 survivors (8192K)
 Metaspace       used 16077K, committed 16576K, reserved 1114112K
  class space    used 2207K, committed 2432K, reserved 1048576K
}
Event: 7.859 GC heap after
{Heap after GC invocations=3 (full 0):
 garbage-first heap   total 258048K, used 21177K [0x0000000600000000, 0x0000000800000000)
  region size 4096K, 4 young (16384K), 4 survivors (16384K)
 Metaspace       used 16077K, committed 16576K, reserved 1114112K
  class space    used 2207K, committed 2432K, reserved 1048576K
}
Event: 9.036 GC heap before
{Heap before GC invocations=3 (full 0):
 garbage-first heap   total 258048K, used 53945K [0x0000000600000000, 0x0000000800000000)
  region size 4096K, 13 young (53248K), 4 survivors (16384K)
 Metaspace       used 20894K, committed 21504K, reserved 1114112K
  class space    used 2901K, committed 3200K, reserved 1048576K
}
Event: 9.044 GC heap after
{Heap after GC invocations=4 (full 0):
 garbage-first heap   total 258048K, used 24100K [0x0000000600000000, 0x0000000800000000)
  region size 4096K, 3 young (12288K), 3 survivors (12288K)
 Metaspace       used 20894K, committed 21504K, reserved 1114112K
  class space    used 2901K, committed 3200K, reserved 1048576K
}
Event: 10.740 GC heap before
{Heap before GC invocations=5 (full 0):
 garbage-first heap   total 81920K, used 81444K [0x0000000600000000, 0x0000000800000000)
  region size 4096K, 17 young (69632K), 3 survivors (12288K)
 Metaspace       used 27932K, committed 28992K, reserved 1114112K
  class space    used 4016K, committed 4544K, reserved 1048576K
}
Event: 10.749 GC heap after
{Heap after GC invocations=6 (full 0):
 garbage-first heap   total 102400K, used 27205K [0x0000000600000000, 0x0000000800000000)
  region size 4096K, 2 young (8192K), 2 survivors (8192K)
 Metaspace       used 27932K, committed 28992K, reserved 1114112K
  class space    used 4016K, committed 4544K, reserved 1048576K
}
Event: 11.942 GC heap before
{Heap before GC invocations=6 (full 0):
 garbage-first heap   total 102400K, used 72261K [0x0000000600000000, 0x0000000800000000)
  region size 4096K, 14 young (57344K), 2 survivors (8192K)
 Metaspace       used 34128K, committed 35456K, reserved 1114112K
  class space    used 4908K, committed 5568K, reserved 1048576K
}
Event: 11.947 GC heap after
{Heap after GC invocations=7 (full 0):
 garbage-first heap   total 102400K, used 30155K [0x0000000600000000, 0x0000000800000000)
  region size 4096K, 2 young (8192K), 2 survivors (8192K)
 Metaspace       used 34128K, committed 35456K, reserved 1114112K
  class space    used 4908K, committed 5568K, reserved 1048576K
}
Event: 12.035 GC heap before
{Heap before GC invocations=7 (full 0):
 garbage-first heap   total 102400K, used 30155K [0x0000000600000000, 0x0000000800000000)
  region size 4096K, 3 young (12288K), 2 survivors (8192K)
 Metaspace       used 34684K, committed 35968K, reserved 1114112K
  class space    used 4953K, committed 5568K, reserved 1048576K
}
Event: 12.038 GC heap after
{Heap after GC invocations=8 (full 0):
 garbage-first heap   total 102400K, used 30843K [0x0000000600000000, 0x0000000800000000)
  region size 4096K, 1 young (4096K), 1 survivors (4096K)
 Metaspace       used 34684K, committed 35968K, reserved 1114112K
  class space    used 4953K, committed 5568K, reserved 1048576K
}

