# JRE version: OpenJDK Runtime Environment Temurin-21.0.12.1+1 (21.0.12.1+1) (build 21.0.12.1+1-LTS)
# Java VM: OpenJDK 64-Bit Server VM Temurin-21.0.12.1+1 (21.0.12.1+1-LTS, mixed mode, sharing, tiered, compressed oops, compressed class ptrs, g1 gc, windows-amd64)
GC Precious Log:
 CardTable entry size: 512
 Card Set container configuration: InlinePtr #cards 4 size 8 Array Of Cards #cards 32 size 80 Howl #buckets 8 coarsen threshold 7372 Howl Bitmap #cards 1024 size 144 coarsen threshold 921 Card regions per heap region 1 cards per card region 8192
 CPUs: 20 total, 20 available
 Memory: 16068M
 Large Page Support: Disabled
 NUMA Support: Disabled
 Compressed Oops: Enabled (Zero based)
 Heap Region Size: 4M
 Heap Min Capacity: 8M
 Heap Initial Capacity: 252M
 Heap Max Capacity: 8G
 Pre-touch: Disabled
 Parallel Workers: 15
 Concurrent Workers: 4
 Concurrent Refinement Workers: 15
 Periodic GC: Disabled
Heap:
 garbage-first heap   total 98304K, used 66232K [0x0000000600000000, 0x0000000800000000)
  region size 4096K, 11 young (45056K), 2 survivors (8192K)
 Metaspace       used 41713K, committed 43456K, reserved 1114112K
  class space    used 6103K, committed 6976K, reserved 1048576K
GC Heap History (18 events):
Event: 0.730 GC heap before
{Heap before GC invocations=0 (full 0):
 garbage-first heap   total 258048K, used 20480K [0x0000000600000000, 0x0000000800000000)
  region size 4096K, 5 young (20480K), 0 survivors (0K)
 Metaspace       used 882K, committed 1024K, reserved 1114112K
  class space    used 71K, committed 128K, reserved 1048576K
}
Event: 0.734 GC heap after
{Heap after GC invocations=1 (full 0):
 garbage-first heap   total 258048K, used 1680K [0x0000000600000000, 0x0000000800000000)
  region size 4096K, 1 young (4096K), 1 survivors (4096K)
 Metaspace       used 882K, committed 1024K, reserved 1114112K
  class space    used 71K, committed 128K, reserved 1048576K
}
Event: 2.200 GC heap before
{Heap before GC invocations=1 (full 0):
 garbage-first heap   total 258048K, used 42640K [0x0000000600000000, 0x0000000800000000)
  region size 4096K, 11 young (45056K), 1 survivors (4096K)
 Metaspace       used 4611K, committed 4800K, reserved 1114112K
  class space    used 583K, committed 704K, reserved 1048576K
}
Event: 2.206 GC heap after
{Heap after GC invocations=2 (full 0):
 garbage-first heap   total 258048K, used 11492K [0x0000000600000000, 0x0000000800000000)
  region size 4096K, 2 young (8192K), 2 survivors (8192K)
 Metaspace       used 4611K, committed 4800K, reserved 1114112K
  class space    used 583K, committed 704K, reserved 1048576K
}
Event: 7.241 GC heap before
{Heap before GC invocations=2 (full 0):
 garbage-first heap   total 258048K, used 77028K [0x0000000600000000, 0x0000000800000000)
  region size 4096K, 19 young (77824K), 2 survivors (8192K)
 Metaspace       used 10402K, committed 10752K, reserved 1114112K
  class space    used 1402K, committed 1536K, reserved 1048576K
}
Event: 7.250 GC heap after
{Heap after GC invocations=3 (full 0):
 garbage-first heap   total 258048K, used 19895K [0x0000000600000000, 0x0000000800000000)
  region size 4096K, 3 young (12288K), 3 survivors (12288K)
 Metaspace       used 10402K, committed 10752K, reserved 1114112K
  class space    used 1402K, committed 1536K, reserved 1048576K
}
Event: 20.634 GC heap before
{Heap before GC invocations=3 (full 0):
 garbage-first heap   total 258048K, used 89527K [0x0000000600000000, 0x0000000800000000)
  region size 4096K, 21 young (86016K), 3 survivors (12288K)
 Metaspace       used 20860K, committed 21504K, reserved 1114112K
  class space    used 2894K, committed 3200K, reserved 1048576K
}
Event: 20.647 GC heap after
{Heap after GC invocations=4 (full 0):
 garbage-first heap   total 258048K, used 23340K [0x0000000600000000, 0x0000000800000000)
  region size 4096K, 3 young (12288K), 3 survivors (12288K)
 Metaspace       used 20860K, committed 21504K, reserved 1114112K
  class space    used 2894K, committed 3200K, reserved 1048576K
}
Event: 26.904 GC heap before
{Heap before GC invocations=5 (full 0):
 garbage-first heap   total 81920K, used 80684K [0x0000000600000000, 0x0000000800000000)
  region size 4096K, 17 young (69632K), 3 survivors (12288K)
 Metaspace       used 28040K, committed 29120K, reserved 1114112K
  class space    used 4032K, committed 4544K, reserved 1048576K
}
Event: 26.912 GC heap after
{Heap after GC invocations=6 (full 0):
 garbage-first heap   total 98304K, used 26712K [0x0000000600000000, 0x0000000800000000)
  region size 4096K, 2 young (8192K), 2 survivors (8192K)
 Metaspace       used 28040K, committed 29120K, reserved 1114112K
  class space    used 4032K, committed 4544K, reserved 1048576K
}
Event: 28.766 GC heap before
{Heap before GC invocations=6 (full 0):
 garbage-first heap   total 98304K, used 71768K [0x0000000600000000, 0x0000000800000000)
  region size 4096K, 14 young (57344K), 2 survivors (8192K)
 Metaspace       used 34292K, committed 35584K, reserved 1114112K
  class space    used 4929K, committed 5568K, reserved 1048576K
}
Event: 28.772 GC heap after
{Heap after GC invocations=7 (full 0):
 garbage-first heap   total 98304K, used 29300K [0x0000000600000000, 0x0000000800000000)
  region size 4096K, 2 young (8192K), 2 survivors (8192K)
 Metaspace       used 34292K, committed 35584K, reserved 1114112K
  class space    used 4929K, committed 5568K, reserved 1048576K
}
Event: 28.877 GC heap before
{Heap before GC invocations=7 (full 0):
 garbage-first heap   total 98304K, used 29300K [0x0000000600000000, 0x0000000800000000)
  region size 4096K, 3 young (12288K), 2 survivors (8192K)
 Metaspace       used 34680K, committed 35968K, reserved 1114112K
  class space    used 4967K, committed 5568K, reserved 1048576K
}
Event: 28.881 GC heap after
{Heap after GC invocations=8 (full 0):
 garbage-first heap   total 98304K, used 30348K [0x0000000600000000, 0x0000000800000000)
  region size 4096K, 1 young (4096K), 1 survivors (4096K)
 Metaspace       used 34680K, committed 35968K, reserved 1114112K
  class space    used 4967K, committed 5568K, reserved 1048576K
}
Event: 77.010 GC heap before
{Heap before GC invocations=9 (full 0):
 garbage-first heap   total 98304K, used 79500K [0x0000000600000000, 0x0000000800000000)
  region size 4096K, 13 young (53248K), 1 survivors (4096K)
 Metaspace       used 36958K, committed 38400K, reserved 1114112K
  class space    used 5317K, committed 6016K, reserved 1048576K
}
Event: 77.238 GC heap after
{Heap after GC invocations=10 (full 0):
 garbage-first heap   total 98304K, used 31765K [0x0000000600000000, 0x0000000800000000)
  region size 4096K, 2 young (8192K), 2 survivors (8192K)
 Metaspace       used 36958K, committed 38400K, reserved 1114112K
  class space    used 5317K, committed 6016K, reserved 1048576K
}
Event: 193.818 GC heap before
{Heap before GC invocations=10 (full 0):
 garbage-first heap   total 98304K, used 76821K [0x0000000600000000, 0x0000000800000000)
  region size 4096K, 13 young (53248K), 2 survivors (8192K)
 Metaspace       used 40510K, committed 42048K, reserved 1114112K
  class space    used 5905K, committed 6656K, reserved 1048576K
}
Event: 193.836 GC heap after
{Heap after GC invocations=11 (full 0):
 garbage-first heap   total 98304K, used 33464K [0x0000000600000000, 0x0000000800000000)
  region size 4096K, 2 young (8192K), 2 survivors (8192K)
 Metaspace       used 40510K, committed 42048K, reserved 1114112K
  class space    used 5905K, committed 6656K, reserved 1048576K
}

