# JRE version: OpenJDK Runtime Environment Temurin-21.0.12.1+1 (21.0.12.1+1) (build 21.0.12.1+1-LTS)
# Java VM: OpenJDK 64-Bit Server VM Temurin-21.0.12.1+1 (21.0.12.1+1-LTS, mixed mode, sharing, tiered, compressed oops, compressed class ptrs, g1 gc, windows-amd64)
GC Precious Log:
 CardTable entry size: 512
 Card Set container configuration: InlinePtr #cards 4 size 8 Array Of Cards #cards 32 size 80 Howl #buckets 8 coarsen threshold 7372 Howl Bitmap #cards 1024 size 144 coarsen threshold 921 Card regions per heap region 1 cards per card region 8192
 CPUs: 20 total, 20 available
 Memory: 16068M
 Large Page Support: Disabled
 NUMA Support: Disabled
 Compressed Oops: Enabled (Zero based)
 Heap Region Size: 4M
 Heap Min Capacity: 8M
 Heap Initial Capacity: 252M
 Heap Max Capacity: 8G
 Pre-touch: Disabled
 Parallel Workers: 15
 Concurrent Workers: 4
 Concurrent Refinement Workers: 15
 Periodic GC: Disabled
Heap:
 garbage-first heap   total 106496K, used 37401K [0x0000000600000000, 0x0000000800000000)
  region size 4096K, 3 young (12288K), 1 survivors (4096K)
 Metaspace       used 40962K, committed 42496K, reserved 1114112K
  class space    used 5970K, committed 6720K, reserved 1048576K
GC Heap History (18 events):
Event: 0.708 GC heap before
{Heap before GC invocations=0 (full 0):
 garbage-first heap   total 258048K, used 20480K [0x0000000600000000, 0x0000000800000000)
  region size 4096K, 5 young (20480K), 0 survivors (0K)
 Metaspace       used 880K, committed 1024K, reserved 1114112K
  class space    used 71K, committed 128K, reserved 1048576K
}
Event: 0.710 GC heap after
{Heap after GC invocations=1 (full 0):
 garbage-first heap   total 258048K, used 1600K [0x0000000600000000, 0x0000000800000000)
  region size 4096K, 1 young (4096K), 1 survivors (4096K)
 Metaspace       used 880K, committed 1024K, reserved 1114112K
  class space    used 71K, committed 128K, reserved 1048576K
}
Event: 1.825 GC heap before
{Heap before GC invocations=1 (full 0):
 garbage-first heap   total 258048K, used 42560K [0x0000000600000000, 0x0000000800000000)
  region size 4096K, 11 young (45056K), 1 survivors (4096K)
 Metaspace       used 4603K, committed 4800K, reserved 1114112K
  class space    used 581K, committed 704K, reserved 1048576K
}
Event: 1.831 GC heap after
{Heap after GC invocations=2 (full 0):
 garbage-first heap   total 258048K, used 11423K [0x0000000600000000, 0x0000000800000000)
  region size 4096K, 2 young (8192K), 2 survivors (8192K)
 Metaspace       used 4603K, committed 4800K, reserved 1114112K
  class space    used 581K, committed 704K, reserved 1048576K
}
Event: 46.404 GC heap before
{Heap before GC invocations=2 (full 0):
 garbage-first heap   total 258048K, used 150687K [0x0000000600000000, 0x0000000800000000)
  region size 4096K, 37 young (151552K), 2 survivors (8192K)
 Metaspace       used 20691K, committed 21312K, reserved 1114112K
  class space    used 2848K, committed 3136K, reserved 1048576K
}
Event: 46.509 GC heap after
{Heap after GC invocations=3 (full 0):
 garbage-first heap   total 258048K, used 23461K [0x0000000600000000, 0x0000000800000000)
  region size 4096K, 5 young (20480K), 5 survivors (20480K)
 Metaspace       used 20691K, committed 21312K, reserved 1114112K
  class space    used 2848K, committed 3136K, reserved 1048576K
}
Event: 47.002 GC heap before
{Heap before GC invocations=3 (full 0):
 garbage-first heap   total 258048K, used 23461K [0x0000000600000000, 0x0000000800000000)
  region size 4096K, 6 young (24576K), 5 survivors (20480K)
 Metaspace       used 20903K, committed 21504K, reserved 1114112K
  class space    used 2889K, committed 3136K, reserved 1048576K
}
Event: 47.051 GC heap after
{Heap after GC invocations=4 (full 0):
 garbage-first heap   total 258048K, used 24724K [0x0000000600000000, 0x0000000800000000)
  region size 4096K, 1 young (4096K), 1 survivors (4096K)
 Metaspace       used 20903K, committed 21504K, reserved 1114112K
  class space    used 2889K, committed 3136K, reserved 1048576K
}
Event: 51.887 GC heap before
{Heap before GC invocations=5 (full 0):
 garbage-first heap   total 98304K, used 94356K [0x0000000600000000, 0x0000000800000000)
  region size 4096K, 18 young (73728K), 1 survivors (4096K)
 Metaspace       used 29509K, committed 30592K, reserved 1114112K
  class space    used 4282K, committed 4800K, reserved 1048576K
}
Event: 51.893 GC heap after
{Heap after GC invocations=6 (full 0):
 garbage-first heap   total 106496K, used 27180K [0x0000000600000000, 0x0000000800000000)
  region size 4096K, 2 young (8192K), 2 survivors (8192K)
 Metaspace       used 29509K, committed 30592K, reserved 1114112K
  class space    used 4282K, committed 4800K, reserved 1048576K
}
Event: 54.687 GC heap before
{Heap before GC invocations=6 (full 0):
 garbage-first heap   total 106496K, used 59948K [0x0000000600000000, 0x0000000800000000)
  region size 4096K, 12 young (49152K), 2 survivors (8192K)
 Metaspace       used 34732K, committed 35968K, reserved 1114112K
  class space    used 4957K, committed 5568K, reserved 1048576K
}
Event: 54.693 GC heap after
{Heap after GC invocations=7 (full 0):
 garbage-first heap   total 106496K, used 29502K [0x0000000600000000, 0x0000000800000000)
  region size 4096K, 2 young (8192K), 2 survivors (8192K)
 Metaspace       used 34732K, committed 35968K, reserved 1114112K
  class space    used 4957K, committed 5568K, reserved 1048576K
}
Event: 55.092 GC heap before
{Heap before GC invocations=7 (full 0):
 garbage-first heap   total 106496K, used 29502K [0x0000000600000000, 0x0000000800000000)
  region size 4096K, 3 young (12288K), 2 survivors (8192K)
 Metaspace       used 34994K, committed 36288K, reserved 1114112K
  class space    used 4979K, committed 5568K, reserved 1048576K
}
Event: 55.096 GC heap after
{Heap after GC invocations=8 (full 0):
 garbage-first heap   total 106496K, used 30070K [0x0000000600000000, 0x0000000800000000)
  region size 4096K, 1 young (4096K), 1 survivors (4096K)
 Metaspace       used 34994K, committed 36288K, reserved 1114112K
  class space    used 4979K, committed 5568K, reserved 1048576K
}
Event: 144.451 GC heap before
{Heap before GC invocations=9 (full 0):
 garbage-first heap   total 106496K, used 87414K [0x0000000600000000, 0x0000000800000000)
  region size 4096K, 15 young (61440K), 1 survivors (4096K)
 Metaspace       used 37579K, committed 39040K, reserved 1114112K
  class space    used 5412K, committed 6144K, reserved 1048576K
}
Event: 144.472 GC heap after
{Heap after GC invocations=10 (full 0):
 garbage-first heap   total 106496K, used 31467K [0x0000000600000000, 0x0000000800000000)
  region size 4096K, 2 young (8192K), 2 survivors (8192K)
 Metaspace       used 37579K, committed 39040K, reserved 1114112K
  class space    used 5412K, committed 6144K, reserved 1048576K
}
Event: 166.678 GC heap before
{Heap before GC invocations=10 (full 0):
 garbage-first heap   total 106496K, used 84715K [0x0000000600000000, 0x0000000800000000)
  region size 4096K, 15 young (61440K), 2 survivors (8192K)
 Metaspace       used 40490K, committed 42048K, reserved 1114112K
  class space    used 5894K, committed 6656K, reserved 1048576K
}
Event: 166.697 GC heap after
{Heap after GC invocations=11 (full 0):
 garbage-first heap   total 106496K, used 33305K [0x0000000600000000, 0x0000000800000000)
  region size 4096K, 1 young (4096K), 1 survivors (4096K)
 Metaspace       used 40490K, committed 42048K, reserved 1114112K
  class space    used 5894K, committed 6656K, reserved 1048576K
}

