# JRE version: OpenJDK Runtime Environment Temurin-21.0.12.1+1 (21.0.12.1+1) (build 21.0.12.1+1-LTS)
# Java VM: OpenJDK 64-Bit Server VM Temurin-21.0.12.1+1 (21.0.12.1+1-LTS, mixed mode, sharing, tiered, compressed oops, compressed class ptrs, g1 gc, windows-amd64)
GC Precious Log:
 CardTable entry size: 512
 Card Set container configuration: InlinePtr #cards 4 size 8 Array Of Cards #cards 32 size 80 Howl #buckets 8 coarsen threshold 7372 Howl Bitmap #cards 1024 size 144 coarsen threshold 921 Card regions per heap region 1 cards per card region 8192
 CPUs: 20 total, 20 available
 Memory: 16068M
 Large Page Support: Disabled
 NUMA Support: Disabled
 Compressed Oops: Enabled (Zero based)
 Heap Region Size: 4M
 Heap Min Capacity: 8M
 Heap Initial Capacity: 252M
 Heap Max Capacity: 8G
 Pre-touch: Disabled
 Parallel Workers: 15
 Concurrent Workers: 4
 Concurrent Refinement Workers: 15
 Periodic GC: Disabled
Heap:
 garbage-first heap   total 98304K, used 55825K [0x0000000600000000, 0x0000000800000000)
  region size 4096K, 8 young (32768K), 2 survivors (8192K)
 Metaspace       used 46974K, committed 48704K, reserved 1114112K
  class space    used 6953K, committed 7808K, reserved 1048576K
GC Heap History (20 events):
Event: 0.946 GC heap before
{Heap before GC invocations=0 (full 0):
 garbage-first heap   total 258048K, used 20480K [0x0000000600000000, 0x0000000800000000)
  region size 4096K, 5 young (20480K), 0 survivors (0K)
 Metaspace       used 883K, committed 1024K, reserved 1114112K
  class space    used 71K, committed 128K, reserved 1048576K
}
Event: 0.950 GC heap after
{Heap after GC invocations=1 (full 0):
 garbage-first heap   total 258048K, used 1680K [0x0000000600000000, 0x0000000800000000)
  region size 4096K, 1 young (4096K), 1 survivors (4096K)
 Metaspace       used 883K, committed 1024K, reserved 1114112K
  class space    used 71K, committed 128K, reserved 1048576K
}
Event: 2.441 GC heap before
{Heap before GC invocations=1 (full 0):
 garbage-first heap   total 258048K, used 42640K [0x0000000600000000, 0x0000000800000000)
  region size 4096K, 11 young (45056K), 1 survivors (4096K)
 Metaspace       used 4588K, committed 4800K, reserved 1114112K
  class space    used 581K, committed 704K, reserved 1048576K
}
Event: 2.446 GC heap after
{Heap after GC invocations=2 (full 0):
 garbage-first heap   total 258048K, used 11518K [0x0000000600000000, 0x0000000800000000)
  region size 4096K, 2 young (8192K), 2 survivors (8192K)
 Metaspace       used 4588K, committed 4800K, reserved 1114112K
  class space    used 581K, committed 704K, reserved 1048576K
}
Event: 4.097 GC heap before
{Heap before GC invocations=2 (full 0):
 garbage-first heap   total 258048K, used 77054K [0x0000000600000000, 0x0000000800000000)
  region size 4096K, 19 young (77824K), 2 survivors (8192K)
 Metaspace       used 10056K, committed 10368K, reserved 1114112K
  class space    used 1350K, committed 1472K, reserved 1048576K
}
Event: 4.106 GC heap after
{Heap after GC invocations=3 (full 0):
 garbage-first heap   total 258048K, used 19944K [0x0000000600000000, 0x0000000800000000)
  region size 4096K, 3 young (12288K), 3 survivors (12288K)
 Metaspace       used 10056K, committed 10368K, reserved 1114112K
  class space    used 1350K, committed 1472K, reserved 1048576K
}
Event: 19.483 GC heap before
{Heap before GC invocations=3 (full 0):
 garbage-first heap   total 258048K, used 89576K [0x0000000600000000, 0x0000000800000000)
  region size 4096K, 21 young (86016K), 3 survivors (12288K)
 Metaspace       used 20876K, committed 21504K, reserved 1114112K
  class space    used 2887K, committed 3136K, reserved 1048576K
}
Event: 19.495 GC heap after
{Heap after GC invocations=4 (full 0):
 garbage-first heap   total 258048K, used 23563K [0x0000000600000000, 0x0000000800000000)
  region size 4096K, 3 young (12288K), 3 survivors (12288K)
 Metaspace       used 20876K, committed 21504K, reserved 1114112K
  class space    used 2887K, committed 3136K, reserved 1048576K
}
Event: 21.804 GC heap before
{Heap before GC invocations=5 (full 0):
 garbage-first heap   total 81920K, used 80907K [0x0000000600000000, 0x0000000800000000)
  region size 4096K, 17 young (69632K), 3 survivors (12288K)
 Metaspace       used 28136K, committed 29184K, reserved 1114112K
  class space    used 4042K, committed 4544K, reserved 1048576K
}
Event: 21.815 GC heap after
{Heap after GC invocations=6 (full 0):
 garbage-first heap   total 98304K, used 27152K [0x0000000600000000, 0x0000000800000000)
  region size 4096K, 2 young (8192K), 2 survivors (8192K)
 Metaspace       used 28136K, committed 29184K, reserved 1114112K
  class space    used 4042K, committed 4544K, reserved 1048576K
}
Event: 23.285 GC heap before
{Heap before GC invocations=6 (full 0):
 garbage-first heap   total 98304K, used 76304K [0x0000000600000000, 0x0000000800000000)
  region size 4096K, 14 young (57344K), 2 survivors (8192K)
 Metaspace       used 34584K, committed 35904K, reserved 1114112K
  class space    used 4955K, committed 5568K, reserved 1048576K
}
Event: 23.291 GC heap after
{Heap after GC invocations=7 (full 0):
 garbage-first heap   total 98304K, used 30115K [0x0000000600000000, 0x0000000800000000)
  region size 4096K, 2 young (8192K), 2 survivors (8192K)
 Metaspace       used 34584K, committed 35904K, reserved 1114112K
  class space    used 4955K, committed 5568K, reserved 1048576K
}
Event: 23.305 GC heap before
{Heap before GC invocations=7 (full 0):
 garbage-first heap   total 98304K, used 30115K [0x0000000600000000, 0x0000000800000000)
  region size 4096K, 3 young (12288K), 2 survivors (8192K)
 Metaspace       used 34693K, committed 35968K, reserved 1114112K
  class space    used 4962K, committed 5568K, reserved 1048576K
}
Event: 23.309 GC heap after
{Heap after GC invocations=8 (full 0):
 garbage-first heap   total 98304K, used 30421K [0x0000000600000000, 0x0000000800000000)
  region size 4096K, 1 young (4096K), 1 survivors (4096K)
 Metaspace       used 34693K, committed 35968K, reserved 1114112K
  class space    used 4962K, committed 5568K, reserved 1048576K
}
Event: 90.437 GC heap before
{Heap before GC invocations=9 (full 0):
 garbage-first heap   total 98304K, used 83669K [0x0000000600000000, 0x0000000800000000)
  region size 4096K, 14 young (57344K), 1 survivors (4096K)
 Metaspace       used 37474K, committed 39040K, reserved 1114112K
  class space    used 5408K, committed 6144K, reserved 1048576K
}
Event: 90.460 GC heap after
{Heap after GC invocations=10 (full 0):
 garbage-first heap   total 98304K, used 31906K [0x0000000600000000, 0x0000000800000000)
  region size 4096K, 2 young (8192K), 2 survivors (8192K)
 Metaspace       used 37474K, committed 39040K, reserved 1114112K
  class space    used 5408K, committed 6144K, reserved 1048576K
}
Event: 92.346 GC heap before
{Heap before GC invocations=10 (full 0):
 garbage-first heap   total 98304K, used 81058K [0x0000000600000000, 0x0000000800000000)
  region size 4096K, 14 young (57344K), 2 survivors (8192K)
 Metaspace       used 40464K, committed 42048K, reserved 1114112K
  class space    used 5904K, committed 6656K, reserved 1048576K
}
Event: 92.395 GC heap after
{Heap after GC invocations=11 (full 0):
 garbage-first heap   total 98304K, used 33640K [0x0000000600000000, 0x0000000800000000)
  region size 4096K, 1 young (4096K), 1 survivors (4096K)
 Metaspace       used 40464K, committed 42048K, reserved 1114112K
  class space    used 5904K, committed 6656K, reserved 1048576K
}
Event: 99.712 GC heap before
{Heap before GC invocations=11 (full 0):
 garbage-first heap   total 98304K, used 82792K [0x0000000600000000, 0x0000000800000000)
  region size 4096K, 13 young (53248K), 1 survivors (4096K)
 Metaspace       used 45223K, committed 46976K, reserved 1114112K
  class space    used 6674K, committed 7552K, reserved 1048576K
}
Event: 99.718 GC heap after
{Heap after GC invocations=12 (full 0):
 garbage-first heap   total 98304K, used 35345K [0x0000000600000000, 0x0000000800000000)
  region size 4096K, 2 young (8192K), 2 survivors (8192K)
 Metaspace       used 45223K, committed 46976K, reserved 1114112K
  class space    used 6674K, committed 7552K, reserved 1048576K
}

