# JRE version: OpenJDK Runtime Environment Temurin-21.0.12.1+1 (21.0.12.1+1) (build 21.0.12.1+1-LTS)
# Java VM: OpenJDK 64-Bit Server VM Temurin-21.0.12.1+1 (21.0.12.1+1-LTS, mixed mode, sharing, tiered, compressed oops, compressed class ptrs, g1 gc, windows-amd64)
GC Precious Log:
 CardTable entry size: 512
 Card Set container configuration: InlinePtr #cards 4 size 8 Array Of Cards #cards 32 size 80 Howl #buckets 8 coarsen threshold 7372 Howl Bitmap #cards 1024 size 144 coarsen threshold 921 Card regions per heap region 1 cards per card region 8192
 CPUs: 20 total, 20 available
 Memory: 16068M
 Large Page Support: Disabled
 NUMA Support: Disabled
 Compressed Oops: Enabled (Zero based)
 Heap Region Size: 4M
 Heap Min Capacity: 8M
 Heap Initial Capacity: 252M
 Heap Max Capacity: 8G
 Pre-touch: Disabled
 Parallel Workers: 15
 Concurrent Workers: 4
 Concurrent Refinement Workers: 15
 Periodic GC: Disabled
Heap:
 garbage-first heap   total 122880K, used 81411K [0x0000000600000000, 0x0000000800000000)
  region size 4096K, 10 young (40960K), 2 survivors (8192K)
 Metaspace       used 67497K, committed 69568K, reserved 1114112K
  class space    used 9964K, committed 11008K, reserved 1048576K
GC Heap History (20 events):
Event: 82.145 GC heap before
{Heap before GC invocations=7 (full 0):
 garbage-first heap   total 102400K, used 30585K [0x0000000600000000, 0x0000000800000000)
  region size 4096K, 3 young (12288K), 2 survivors (8192K)
 Metaspace       used 35004K, committed 36288K, reserved 1114112K
  class space    used 4984K, committed 5632K, reserved 1048576K
}
Event: 82.151 GC heap after
{Heap after GC invocations=8 (full 0):
 garbage-first heap   total 102400K, used 30860K [0x0000000600000000, 0x0000000800000000)
  region size 4096K, 1 young (4096K), 1 survivors (4096K)
 Metaspace       used 35004K, committed 36288K, reserved 1114112K
  class space    used 4984K, committed 5632K, reserved 1048576K
}
Event: 211.812 GC heap before
{Heap before GC invocations=9 (full 0):
 garbage-first heap   total 102400K, used 84108K [0x0000000600000000, 0x0000000800000000)
  region size 4096K, 14 young (57344K), 1 survivors (4096K)
 Metaspace       used 36978K, committed 38336K, reserved 1114112K
  class space    used 5311K, committed 5952K, reserved 1048576K
}
Event: 211.901 GC heap after
{Heap after GC invocations=10 (full 0):
 garbage-first heap   total 102400K, used 32123K [0x0000000600000000, 0x0000000800000000)
  region size 4096K, 2 young (8192K), 2 survivors (8192K)
 Metaspace       used 36978K, committed 38336K, reserved 1114112K
  class space    used 5311K, committed 5952K, reserved 1048576K
}
Event: 224.986 GC heap before
{Heap before GC invocations=10 (full 0):
 garbage-first heap   total 102400K, used 85371K [0x0000000600000000, 0x0000000800000000)
  region size 4096K, 15 young (61440K), 2 survivors (8192K)
 Metaspace       used 40485K, committed 42176K, reserved 1114112K
  class space    used 5904K, committed 6720K, reserved 1048576K
}
Event: 225.001 GC heap after
{Heap after GC invocations=11 (full 0):
 garbage-first heap   total 102400K, used 33618K [0x0000000600000000, 0x0000000800000000)
  region size 4096K, 1 young (4096K), 1 survivors (4096K)
 Metaspace       used 40485K, committed 42176K, reserved 1114112K
  class space    used 5904K, committed 6720K, reserved 1048576K
}
Event: 232.290 GC heap before
{Heap before GC invocations=11 (full 0):
 garbage-first heap   total 102400K, used 86866K [0x0000000600000000, 0x0000000800000000)
  region size 4096K, 14 young (57344K), 1 survivors (4096K)
 Metaspace       used 45580K, committed 47296K, reserved 1114112K
  class space    used 6733K, committed 7616K, reserved 1048576K
}
Event: 232.307 GC heap after
{Heap after GC invocations=12 (full 0):
 garbage-first heap   total 102400K, used 35760K [0x0000000600000000, 0x0000000800000000)
  region size 4096K, 2 young (8192K), 2 survivors (8192K)
 Metaspace       used 45580K, committed 47296K, reserved 1114112K
  class space    used 6733K, committed 7616K, reserved 1048576K
}
Event: 237.479 GC heap before
{Heap before GC invocations=12 (full 0):
 garbage-first heap   total 102400K, used 84912K [0x0000000600000000, 0x0000000800000000)
  region size 4096K, 14 young (57344K), 2 survivors (8192K)
 Metaspace       used 47903K, committed 49600K, reserved 1114112K
  class space    used 7110K, committed 7936K, reserved 1048576K
}
Event: 237.568 GC heap after
{Heap after GC invocations=13 (full 0):
 garbage-first heap   total 102400K, used 40960K [0x0000000600000000, 0x0000000800000000)
  region size 4096K, 2 young (8192K), 2 survivors (8192K)
 Metaspace       used 47903K, committed 49600K, reserved 1114112K
  class space    used 7110K, committed 7936K, reserved 1048576K
}
Event: 240.710 GC heap before
{Heap before GC invocations=13 (full 0):
 garbage-first heap   total 102400K, used 90112K [0x0000000600000000, 0x0000000800000000)
  region size 4096K, 14 young (57344K), 2 survivors (8192K)
 Metaspace       used 51229K, committed 53120K, reserved 1114112K
  class space    used 7671K, committed 8576K, reserved 1048576K
}
Event: 240.724 GC heap after
{Heap after GC invocations=14 (full 0):
 garbage-first heap   total 122880K, used 42138K [0x0000000600000000, 0x0000000800000000)
  region size 4096K, 1 young (4096K), 1 survivors (4096K)
 Metaspace       used 51229K, committed 53120K, reserved 1114112K
  class space    used 7671K, committed 8576K, reserved 1048576K
}
Event: 242.258 GC heap before
{Heap before GC invocations=14 (full 0):
 garbage-first heap   total 122880K, used 99482K [0x0000000600000000, 0x0000000800000000)
  region size 4096K, 16 young (65536K), 1 survivors (4096K)
 Metaspace       used 57846K, committed 59712K, reserved 1114112K
  class space    used 8529K, committed 9408K, reserved 1048576K
}
Event: 242.264 GC heap after
{Heap after GC invocations=15 (full 0):
 garbage-first heap   total 122880K, used 47897K [0x0000000600000000, 0x0000000800000000)
  region size 4096K, 2 young (8192K), 2 survivors (8192K)
 Metaspace       used 57846K, committed 59712K, reserved 1114112K
  class space    used 8529K, committed 9408K, reserved 1048576K
}
Event: 242.631 GC heap before
{Heap before GC invocations=15 (full 0):
 garbage-first heap   total 122880K, used 60185K [0x0000000600000000, 0x0000000800000000)
  region size 4096K, 6 young (24576K), 2 survivors (8192K)
 Metaspace       used 58848K, committed 60736K, reserved 1114112K
  class space    used 8692K, committed 9664K, reserved 1048576K
}
Event: 242.639 GC heap after
{Heap after GC invocations=16 (full 0):
 garbage-first heap   total 122880K, used 49524K [0x0000000600000000, 0x0000000800000000)
  region size 4096K, 1 young (4096K), 1 survivors (4096K)
 Metaspace       used 58848K, committed 60736K, reserved 1114112K
  class space    used 8692K, committed 9664K, reserved 1048576K
}
Event: 243.828 GC heap before
{Heap before GC invocations=17 (full 0):
 garbage-first heap   total 122880K, used 102772K [0x0000000600000000, 0x0000000800000000)
  region size 4096K, 14 young (57344K), 1 survivors (4096K)
 Metaspace       used 62286K, committed 64256K, reserved 1114112K
  class space    used 9201K, committed 10176K, reserved 1048576K
}
Event: 243.831 GC heap after
{Heap after GC invocations=18 (full 0):
 garbage-first heap   total 122880K, used 50642K [0x0000000600000000, 0x0000000800000000)
  region size 4096K, 1 young (4096K), 1 survivors (4096K)
 Metaspace       used 62286K, committed 64256K, reserved 1114112K
  class space    used 9201K, committed 10176K, reserved 1048576K
}
Event: 252.130 GC heap before
{Heap before GC invocations=18 (full 0):
 garbage-first heap   total 122880K, used 107986K [0x0000000600000000, 0x0000000800000000)
  region size 4096K, 15 young (61440K), 1 survivors (4096K)
 Metaspace       used 65264K, committed 67264K, reserved 1114112K
  class space    used 9615K, committed 10624K, reserved 1048576K
}
Event: 252.134 GC heap after
{Heap after GC invocations=19 (full 0):
 garbage-first heap   total 122880K, used 52739K [0x0000000600000000, 0x0000000800000000)
  region size 4096K, 2 young (8192K), 2 survivors (8192K)
 Metaspace       used 65264K, committed 67264K, reserved 1114112K
  class space    used 9615K, committed 10624K, reserved 1048576K
}

