# JRE version: OpenJDK Runtime Environment Temurin-21.0.12.1+1 (21.0.12.1+1) (build 21.0.12.1+1-LTS)
# Java VM: OpenJDK 64-Bit Server VM Temurin-21.0.12.1+1 (21.0.12.1+1-LTS, mixed mode, sharing, tiered, compressed oops, compressed class ptrs, g1 gc, windows-amd64)
GC Precious Log:
 CardTable entry size: 512
 Card Set container configuration: InlinePtr #cards 4 size 8 Array Of Cards #cards 32 size 80 Howl #buckets 8 coarsen threshold 7372 Howl Bitmap #cards 1024 size 144 coarsen threshold 921 Card regions per heap region 1 cards per card region 8192
 CPUs: 20 total, 20 available
 Memory: 16068M
 Large Page Support: Disabled
 NUMA Support: Disabled
 Compressed Oops: Enabled (Zero based)
 Heap Region Size: 4M
 Heap Min Capacity: 8M
 Heap Initial Capacity: 252M
 Heap Max Capacity: 8G
 Pre-touch: Disabled
 Parallel Workers: 15
 Concurrent Workers: 4
 Concurrent Refinement Workers: 15
 Periodic GC: Disabled
Heap:
 garbage-first heap   total 102400K, used 55430K [0x0000000600000000, 0x0000000800000000)
  region size 4096K, 7 young (28672K), 2 survivors (8192K)
 Metaspace       used 50829K, committed 52672K, reserved 1114112K
  class space    used 7569K, committed 8448K, reserved 1048576K
GC Heap History (20 events):
Event: 4.982 GC heap before
{Heap before GC invocations=2 (full 0):
 garbage-first heap   total 258048K, used 81239K [0x0000000600000000, 0x0000000800000000)
  region size 4096K, 19 young (77824K), 2 survivors (8192K)
 Metaspace       used 10374K, committed 10688K, reserved 1114112K
  class space    used 1402K, committed 1536K, reserved 1048576K
}
Event: 5.000 GC heap after
{Heap after GC invocations=3 (full 0):
 garbage-first heap   total 258048K, used 19883K [0x0000000600000000, 0x0000000800000000)
  region size 4096K, 3 young (12288K), 3 survivors (12288K)
 Metaspace       used 10374K, committed 10688K, reserved 1114112K
  class space    used 1402K, committed 1536K, reserved 1048576K
}
Event: 14.807 GC heap before
{Heap before GC invocations=3 (full 0):
 garbage-first heap   total 258048K, used 85419K [0x0000000600000000, 0x0000000800000000)
  region size 4096K, 21 young (86016K), 3 survivors (12288K)
 Metaspace       used 20897K, committed 21504K, reserved 1114112K
  class space    used 2900K, committed 3200K, reserved 1048576K
}
Event: 14.817 GC heap after
{Heap after GC invocations=4 (full 0):
 garbage-first heap   total 258048K, used 23659K [0x0000000600000000, 0x0000000800000000)
  region size 4096K, 3 young (12288K), 3 survivors (12288K)
 Metaspace       used 20897K, committed 21504K, reserved 1114112K
  class space    used 2900K, committed 3200K, reserved 1048576K
}
Event: 16.801 GC heap before
{Heap before GC invocations=5 (full 0):
 garbage-first heap   total 81920K, used 81003K [0x0000000600000000, 0x0000000800000000)
  region size 4096K, 17 young (69632K), 3 survivors (12288K)
 Metaspace       used 27994K, committed 28992K, reserved 1114112K
  class space    used 4025K, committed 4544K, reserved 1048576K
}
Event: 16.812 GC heap after
{Heap after GC invocations=6 (full 0):
 garbage-first heap   total 102400K, used 26951K [0x0000000600000000, 0x0000000800000000)
  region size 4096K, 2 young (8192K), 2 survivors (8192K)
 Metaspace       used 27994K, committed 28992K, reserved 1114112K
  class space    used 4025K, committed 4544K, reserved 1048576K
}
Event: 18.554 GC heap before
{Heap before GC invocations=6 (full 0):
 garbage-first heap   total 102400K, used 76103K [0x0000000600000000, 0x0000000800000000)
  region size 4096K, 14 young (57344K), 2 survivors (8192K)
 Metaspace       used 34335K, committed 35712K, reserved 1114112K
  class space    used 4931K, committed 5568K, reserved 1048576K
}
Event: 18.562 GC heap after
{Heap after GC invocations=7 (full 0):
 garbage-first heap   total 102400K, used 30264K [0x0000000600000000, 0x0000000800000000)
  region size 4096K, 2 young (8192K), 2 survivors (8192K)
 Metaspace       used 34335K, committed 35712K, reserved 1114112K
  class space    used 4931K, committed 5568K, reserved 1048576K
}
Event: 18.628 GC heap before
{Heap before GC invocations=7 (full 0):
 garbage-first heap   total 102400K, used 30264K [0x0000000600000000, 0x0000000800000000)
  region size 4096K, 3 young (12288K), 2 survivors (8192K)
 Metaspace       used 34688K, committed 35968K, reserved 1114112K
  class space    used 4965K, committed 5568K, reserved 1048576K
}
Event: 18.633 GC heap after
{Heap after GC invocations=8 (full 0):
 garbage-first heap   total 102400K, used 30459K [0x0000000600000000, 0x0000000800000000)
  region size 4096K, 1 young (4096K), 1 survivors (4096K)
 Metaspace       used 34688K, committed 35968K, reserved 1114112K
  class space    used 4965K, committed 5568K, reserved 1048576K
}
Event: 114.895 GC heap before
{Heap before GC invocations=9 (full 0):
 garbage-first heap   total 102400K, used 83707K [0x0000000600000000, 0x0000000800000000)
  region size 4096K, 14 young (57344K), 1 survivors (4096K)
 Metaspace       used 36949K, committed 38400K, reserved 1114112K
  class space    used 5317K, committed 6016K, reserved 1048576K
}
Event: 115.106 GC heap after
{Heap after GC invocations=10 (full 0):
 garbage-first heap   total 102400K, used 32132K [0x0000000600000000, 0x0000000800000000)
  region size 4096K, 2 young (8192K), 2 survivors (8192K)
 Metaspace       used 36949K, committed 38400K, reserved 1114112K
  class space    used 5317K, committed 6016K, reserved 1048576K
}
Event: 182.235 GC heap before
{Heap before GC invocations=10 (full 0):
 garbage-first heap   total 102400K, used 64900K [0x0000000600000000, 0x0000000800000000)
  region size 4096K, 10 young (40960K), 2 survivors (8192K)
 Metaspace       used 39981K, committed 41536K, reserved 1114112K
  class space    used 5826K, committed 6592K, reserved 1048576K
}
Event: 182.253 GC heap after
{Heap after GC invocations=11 (full 0):
 garbage-first heap   total 102400K, used 32565K [0x0000000600000000, 0x0000000800000000)
  region size 4096K, 1 young (4096K), 1 survivors (4096K)
 Metaspace       used 39981K, committed 41536K, reserved 1114112K
  class space    used 5826K, committed 6592K, reserved 1048576K
}
Event: 196.620 GC heap before
{Heap before GC invocations=11 (full 0):
 garbage-first heap   total 102400K, used 85813K [0x0000000600000000, 0x0000000800000000)
  region size 4096K, 14 young (57344K), 1 survivors (4096K)
 Metaspace       used 42867K, committed 44608K, reserved 1114112K
  class space    used 6323K, committed 7168K, reserved 1048576K
}
Event: 196.625 GC heap after
{Heap after GC invocations=12 (full 0):
 garbage-first heap   total 102400K, used 34238K [0x0000000600000000, 0x0000000800000000)
  region size 4096K, 2 young (8192K), 2 survivors (8192K)
 Metaspace       used 42867K, committed 44608K, reserved 1114112K
  class space    used 6323K, committed 7168K, reserved 1048576K
}
Event: 203.036 GC heap before
{Heap before GC invocations=12 (full 0):
 garbage-first heap   total 102400K, used 83390K [0x0000000600000000, 0x0000000800000000)
  region size 4096K, 14 young (57344K), 2 survivors (8192K)
 Metaspace       used 47105K, committed 48832K, reserved 1114112K
  class space    used 6965K, committed 7808K, reserved 1048576K
}
Event: 203.074 GC heap after
{Heap after GC invocations=13 (full 0):
 garbage-first heap   total 102400K, used 37116K [0x0000000600000000, 0x0000000800000000)
  region size 4096K, 2 young (8192K), 2 survivors (8192K)
 Metaspace       used 47105K, committed 48832K, reserved 1114112K
  class space    used 6965K, committed 7808K, reserved 1048576K
}
Event: 204.969 GC heap before
{Heap before GC invocations=13 (full 0):
 garbage-first heap   total 102400K, used 86268K [0x0000000600000000, 0x0000000800000000)
  region size 4096K, 14 young (57344K), 2 survivors (8192K)
 Metaspace       used 48915K, committed 50688K, reserved 1114112K
  class space    used 7230K, committed 8128K, reserved 1048576K
}
Event: 204.985 GC heap after
{Heap after GC invocations=14 (full 0):
 garbage-first heap   total 102400K, used 39046K [0x0000000600000000, 0x0000000800000000)
  region size 4096K, 2 young (8192K), 2 survivors (8192K)
 Metaspace       used 48915K, committed 50688K, reserved 1114112K
  class space    used 7230K, committed 8128K, reserved 1048576K
}

