# JRE version: OpenJDK Runtime Environment Temurin-21.0.12.1+1 (21.0.12.1+1) (build 21.0.12.1+1-LTS)
# Java VM: OpenJDK 64-Bit Server VM Temurin-21.0.12.1+1 (21.0.12.1+1-LTS, mixed mode, sharing, tiered, compressed oops, compressed class ptrs, g1 gc, windows-amd64)
GC Precious Log:
 CardTable entry size: 512
 Card Set container configuration: InlinePtr #cards 4 size 8 Array Of Cards #cards 32 size 80 Howl #buckets 8 coarsen threshold 7372 Howl Bitmap #cards 1024 size 144 coarsen threshold 921 Card regions per heap region 1 cards per card region 8192
 CPUs: 20 total, 20 available
 Memory: 16068M
 Large Page Support: Disabled
 NUMA Support: Disabled
 Compressed Oops: Enabled (Zero based)
 Heap Region Size: 4M
 Heap Min Capacity: 8M
 Heap Initial Capacity: 252M
 Heap Max Capacity: 8G
 Pre-touch: Disabled
 Parallel Workers: 15
 Concurrent Workers: 4
 Concurrent Refinement Workers: 15
 Periodic GC: Disabled
Heap:
 garbage-first heap   total 106496K, used 70903K [0x0000000600000000, 0x0000000800000000)
  region size 4096K, 7 young (28672K), 1 survivors (4096K)
 Metaspace       used 60017K, committed 62016K, reserved 1114112K
  class space    used 8840K, committed 9792K, reserved 1048576K
GC Heap History (20 events):
Event: 22.334 GC heap before
{Heap before GC invocations=5 (full 0):
 garbage-first heap   total 81920K, used 80975K [0x0000000600000000, 0x0000000800000000)
  region size 4096K, 17 young (69632K), 3 survivors (12288K)
 Metaspace       used 28000K, committed 28992K, reserved 1114112K
  class space    used 4022K, committed 4544K, reserved 1048576K
}
Event: 22.345 GC heap after
{Heap after GC invocations=6 (full 0):
 garbage-first heap   total 102400K, used 27005K [0x0000000600000000, 0x0000000800000000)
  region size 4096K, 3 young (12288K), 3 survivors (12288K)
 Metaspace       used 28000K, committed 28992K, reserved 1114112K
  class space    used 4022K, committed 4544K, reserved 1048576K
}
Event: 29.845 GC heap before
{Heap before GC invocations=6 (full 0):
 garbage-first heap   total 102400K, used 72061K [0x0000000600000000, 0x0000000800000000)
  region size 4096K, 15 young (61440K), 3 survivors (12288K)
 Metaspace       used 34295K, committed 35584K, reserved 1114112K
  class space    used 4927K, committed 5568K, reserved 1048576K
}
Event: 29.854 GC heap after
{Heap after GC invocations=7 (full 0):
 garbage-first heap   total 102400K, used 29676K [0x0000000600000000, 0x0000000800000000)
  region size 4096K, 2 young (8192K), 2 survivors (8192K)
 Metaspace       used 34295K, committed 35584K, reserved 1114112K
  class space    used 4927K, committed 5568K, reserved 1048576K
}
Event: 30.273 GC heap before
{Heap before GC invocations=7 (full 0):
 garbage-first heap   total 102400K, used 29676K [0x0000000600000000, 0x0000000800000000)
  region size 4096K, 3 young (12288K), 2 survivors (8192K)
 Metaspace       used 34682K, committed 35968K, reserved 1114112K
  class space    used 4965K, committed 5568K, reserved 1048576K
}
Event: 30.277 GC heap after
{Heap after GC invocations=8 (full 0):
 garbage-first heap   total 102400K, used 30437K [0x0000000600000000, 0x0000000800000000)
  region size 4096K, 1 young (4096K), 1 survivors (4096K)
 Metaspace       used 34682K, committed 35968K, reserved 1114112K
  class space    used 4965K, committed 5568K, reserved 1048576K
}
Event: 89.048 GC heap before
{Heap before GC invocations=9 (full 0):
 garbage-first heap   total 102400K, used 83685K [0x0000000600000000, 0x0000000800000000)
  region size 4096K, 14 young (57344K), 1 survivors (4096K)
 Metaspace       used 37577K, committed 39104K, reserved 1114112K
  class space    used 5426K, committed 6144K, reserved 1048576K
}
Event: 89.067 GC heap after
{Heap after GC invocations=10 (full 0):
 garbage-first heap   total 102400K, used 31943K [0x0000000600000000, 0x0000000800000000)
  region size 4096K, 2 young (8192K), 2 survivors (8192K)
 Metaspace       used 37577K, committed 39104K, reserved 1114112K
  class space    used 5426K, committed 6144K, reserved 1048576K
}
Event: 92.125 GC heap before
{Heap before GC invocations=10 (full 0):
 garbage-first heap   total 102400K, used 81095K [0x0000000600000000, 0x0000000800000000)
  region size 4096K, 14 young (57344K), 2 survivors (8192K)
 Metaspace       used 40463K, committed 42048K, reserved 1114112K
  class space    used 5906K, committed 6656K, reserved 1048576K
}
Event: 92.142 GC heap after
{Heap after GC invocations=11 (full 0):
 garbage-first heap   total 102400K, used 33607K [0x0000000600000000, 0x0000000800000000)
  region size 4096K, 1 young (4096K), 1 survivors (4096K)
 Metaspace       used 40463K, committed 42048K, reserved 1114112K
  class space    used 5906K, committed 6656K, reserved 1048576K
}
Event: 101.891 GC heap before
{Heap before GC invocations=11 (full 0):
 garbage-first heap   total 102400K, used 86855K [0x0000000600000000, 0x0000000800000000)
  region size 4096K, 14 young (57344K), 1 survivors (4096K)
 Metaspace       used 45662K, committed 47424K, reserved 1114112K
  class space    used 6758K, committed 7616K, reserved 1048576K
}
Event: 101.897 GC heap after
{Heap after GC invocations=12 (full 0):
 garbage-first heap   total 102400K, used 35550K [0x0000000600000000, 0x0000000800000000)
  region size 4096K, 2 young (8192K), 2 survivors (8192K)
 Metaspace       used 45662K, committed 47424K, reserved 1114112K
  class space    used 6758K, committed 7616K, reserved 1048576K
}
Event: 105.530 GC heap before
{Heap before GC invocations=12 (full 0):
 garbage-first heap   total 102400K, used 84702K [0x0000000600000000, 0x0000000800000000)
  region size 4096K, 14 young (57344K), 2 survivors (8192K)
 Metaspace       used 47675K, committed 49344K, reserved 1114112K
  class space    used 7038K, committed 7872K, reserved 1048576K
}
Event: 105.548 GC heap after
{Heap after GC invocations=13 (full 0):
 garbage-first heap   total 102400K, used 40829K [0x0000000600000000, 0x0000000800000000)
  region size 4096K, 2 young (8192K), 2 survivors (8192K)
 Metaspace       used 47675K, committed 49344K, reserved 1114112K
  class space    used 7038K, committed 7872K, reserved 1048576K
}
Event: 108.906 GC heap before
{Heap before GC invocations=13 (full 0):
 garbage-first heap   total 102400K, used 89981K [0x0000000600000000, 0x0000000800000000)
  region size 4096K, 14 young (57344K), 2 survivors (8192K)
 Metaspace       used 50973K, committed 52864K, reserved 1114112K
  class space    used 7609K, committed 8512K, reserved 1048576K
}
Event: 108.924 GC heap after
{Heap after GC invocations=14 (full 0):
 garbage-first heap   total 106496K, used 46225K [0x0000000600000000, 0x0000000800000000)
  region size 4096K, 2 young (8192K), 2 survivors (8192K)
 Metaspace       used 50973K, committed 52864K, reserved 1114112K
  class space    used 7609K, committed 8512K, reserved 1048576K
}
Event: 110.271 GC heap before
{Heap before GC invocations=14 (full 0):
 garbage-first heap   total 106496K, used 87185K [0x0000000600000000, 0x0000000800000000)
  region size 4096K, 12 young (49152K), 2 survivors (8192K)
 Metaspace       used 55131K, committed 57024K, reserved 1114112K
  class space    used 8157K, committed 9088K, reserved 1048576K
}
Event: 110.275 GC heap after
{Heap after GC invocations=15 (full 0):
 garbage-first heap   total 106496K, used 49298K [0x0000000600000000, 0x0000000800000000)
  region size 4096K, 1 young (4096K), 1 survivors (4096K)
 Metaspace       used 55131K, committed 57024K, reserved 1114112K
  class space    used 8157K, committed 9088K, reserved 1048576K
}
Event: 111.719 GC heap before
{Heap before GC invocations=15 (full 0):
 garbage-first heap   total 106496K, used 77970K [0x0000000600000000, 0x0000000800000000)
  region size 4096K, 9 young (36864K), 1 survivors (4096K)
 Metaspace       used 58519K, committed 60416K, reserved 1114112K
  class space    used 8619K, committed 9536K, reserved 1048576K
}
Event: 111.724 GC heap after
{Heap after GC invocations=16 (full 0):
 garbage-first heap   total 106496K, used 50423K [0x0000000600000000, 0x0000000800000000)
  region size 4096K, 1 young (4096K), 1 survivors (4096K)
 Metaspace       used 58519K, committed 60416K, reserved 1114112K
  class space    used 8619K, committed 9536K, reserved 1048576K
}

