# JRE version: OpenJDK Runtime Environment Temurin-21.0.12.1+1 (21.0.12.1+1) (build 21.0.12.1+1-LTS)
# Java VM: OpenJDK 64-Bit Server VM Temurin-21.0.12.1+1 (21.0.12.1+1-LTS, mixed mode, sharing, tiered, compressed oops, compressed class ptrs, g1 gc, windows-amd64)
GC Precious Log:
 CardTable entry size: 512
 Card Set container configuration: InlinePtr #cards 4 size 8 Array Of Cards #cards 32 size 80 Howl #buckets 8 coarsen threshold 7372 Howl Bitmap #cards 1024 size 144 coarsen threshold 921 Card regions per heap region 1 cards per card region 8192
 CPUs: 20 total, 20 available
 Memory: 16068M
 Large Page Support: Disabled
 NUMA Support: Disabled
 Compressed Oops: Enabled (Zero based)
 Heap Region Size: 4M
 Heap Min Capacity: 8M
 Heap Initial Capacity: 252M
 Heap Max Capacity: 8G
 Pre-touch: Disabled
 Parallel Workers: 15
 Concurrent Workers: 4
 Concurrent Refinement Workers: 15
 Periodic GC: Disabled
Heap:
 garbage-first heap   total 106496K, used 56032K [0x0000000600000000, 0x0000000800000000)
  region size 4096K, 4 young (16384K), 2 survivors (8192K)
 Metaspace       used 65824K, committed 67776K, reserved 1114112K
  class space    used 9654K, committed 10624K, reserved 1048576K
GC Heap History (20 events):
Event: 429.733 GC heap before
{Heap before GC invocations=11 (full 0):
 garbage-first heap   total 102400K, used 80860K [0x0000000600000000, 0x0000000800000000)
  region size 4096K, 13 young (53248K), 1 survivors (4096K)
 Metaspace       used 39886K, committed 41472K, reserved 1114112K
  class space    used 5784K, committed 6592K, reserved 1048576K
}
Event: 429.749 GC heap after
{Heap after GC invocations=12 (full 0):
 garbage-first heap   total 102400K, used 32526K [0x0000000600000000, 0x0000000800000000)
  region size 4096K, 1 young (4096K), 1 survivors (4096K)
 Metaspace       used 39886K, committed 41472K, reserved 1114112K
  class space    used 5784K, committed 6592K, reserved 1048576K
}
Event: 431.474 GC heap before
{Heap before GC invocations=12 (full 0):
 garbage-first heap   total 102400K, used 81678K [0x0000000600000000, 0x0000000800000000)
  region size 4096K, 13 young (53248K), 1 survivors (4096K)
 Metaspace       used 42516K, committed 44224K, reserved 1114112K
  class space    used 6244K, committed 7104K, reserved 1048576K
}
Event: 431.478 GC heap after
{Heap after GC invocations=13 (full 0):
 garbage-first heap   total 102400K, used 34035K [0x0000000600000000, 0x0000000800000000)
  region size 4096K, 2 young (8192K), 2 survivors (8192K)
 Metaspace       used 42516K, committed 44224K, reserved 1114112K
  class space    used 6244K, committed 7104K, reserved 1048576K
}
Event: 435.870 GC heap before
{Heap before GC invocations=13 (full 0):
 garbage-first heap   total 102400K, used 83187K [0x0000000600000000, 0x0000000800000000)
  region size 4096K, 14 young (57344K), 2 survivors (8192K)
 Metaspace       used 46818K, committed 48512K, reserved 1114112K
  class space    used 6907K, committed 7744K, reserved 1048576K
}
Event: 435.882 GC heap after
{Heap after GC invocations=14 (full 0):
 garbage-first heap   total 102400K, used 37440K [0x0000000600000000, 0x0000000800000000)
  region size 4096K, 2 young (8192K), 2 survivors (8192K)
 Metaspace       used 46818K, committed 48512K, reserved 1114112K
  class space    used 6907K, committed 7744K, reserved 1048576K
}
Event: 438.474 GC heap before
{Heap before GC invocations=14 (full 0):
 garbage-first heap   total 102400K, used 82496K [0x0000000600000000, 0x0000000800000000)
  region size 4096K, 14 young (57344K), 2 survivors (8192K)
 Metaspace       used 48544K, committed 50304K, reserved 1114112K
  class space    used 7145K, committed 8000K, reserved 1048576K
}
Event: 438.492 GC heap after
{Heap after GC invocations=15 (full 0):
 garbage-first heap   total 102400K, used 41965K [0x0000000600000000, 0x0000000800000000)
  region size 4096K, 2 young (8192K), 2 survivors (8192K)
 Metaspace       used 48544K, committed 50304K, reserved 1114112K
  class space    used 7145K, committed 8000K, reserved 1048576K
}
Event: 440.623 GC heap before
{Heap before GC invocations=15 (full 0):
 garbage-first heap   total 102400K, used 82925K [0x0000000600000000, 0x0000000800000000)
  region size 4096K, 13 young (53248K), 2 survivors (8192K)
 Metaspace       used 52444K, committed 54336K, reserved 1114112K
  class space    used 7780K, committed 8768K, reserved 1048576K
}
Event: 440.629 GC heap after
{Heap after GC invocations=16 (full 0):
 garbage-first heap   total 102400K, used 46364K [0x0000000600000000, 0x0000000800000000)
  region size 4096K, 2 young (8192K), 2 survivors (8192K)
 Metaspace       used 52444K, committed 54336K, reserved 1114112K
  class space    used 7780K, committed 8768K, reserved 1048576K
}
Event: 441.690 GC heap before
{Heap before GC invocations=16 (full 0):
 garbage-first heap   total 102400K, used 79132K [0x0000000600000000, 0x0000000800000000)
  region size 4096K, 11 young (45056K), 2 survivors (8192K)
 Metaspace       used 57238K, committed 59200K, reserved 1114112K
  class space    used 8376K, committed 9344K, reserved 1048576K
}
Event: 441.695 GC heap after
{Heap after GC invocations=17 (full 0):
 garbage-first heap   total 102400K, used 46614K [0x0000000600000000, 0x0000000800000000)
  region size 4096K, 1 young (4096K), 1 survivors (4096K)
 Metaspace       used 57238K, committed 59200K, reserved 1114112K
  class space    used 8376K, committed 9344K, reserved 1048576K
}
Event: 442.057 GC heap before
{Heap before GC invocations=17 (full 0):
 garbage-first heap   total 102400K, used 58902K [0x0000000600000000, 0x0000000800000000)
  region size 4096K, 5 young (20480K), 1 survivors (4096K)
 Metaspace       used 58217K, committed 60096K, reserved 1114112K
  class space    used 8542K, committed 9472K, reserved 1048576K
}
Event: 442.063 GC heap after
{Heap after GC invocations=18 (full 0):
 garbage-first heap   total 102400K, used 47089K [0x0000000600000000, 0x0000000800000000)
  region size 4096K, 1 young (4096K), 1 survivors (4096K)
 Metaspace       used 58217K, committed 60096K, reserved 1114112K
  class space    used 8542K, committed 9472K, reserved 1048576K
}
Event: 442.993 GC heap before
{Heap before GC invocations=19 (full 0):
 garbage-first heap   total 102400K, used 83953K [0x0000000600000000, 0x0000000800000000)
  region size 4096K, 10 young (40960K), 1 survivors (4096K)
 Metaspace       used 60571K, committed 62528K, reserved 1114112K
  class space    used 8885K, committed 9856K, reserved 1048576K
}
Event: 442.997 GC heap after
{Heap after GC invocations=20 (full 0):
 garbage-first heap   total 102400K, used 47975K [0x0000000600000000, 0x0000000800000000)
  region size 4096K, 1 young (4096K), 1 survivors (4096K)
 Metaspace       used 60571K, committed 62528K, reserved 1114112K
  class space    used 8885K, committed 9856K, reserved 1048576K
}
Event: 443.839 GC heap before
{Heap before GC invocations=20 (full 0):
 garbage-first heap   total 102400K, used 88935K [0x0000000600000000, 0x0000000800000000)
  region size 4096K, 11 young (45056K), 1 survivors (4096K)
 Metaspace       used 63283K, committed 65280K, reserved 1114112K
  class space    used 9282K, committed 10240K, reserved 1048576K
}
Event: 443.845 GC heap after
{Heap after GC invocations=21 (full 0):
 garbage-first heap   total 102400K, used 49294K [0x0000000600000000, 0x0000000800000000)
  region size 4096K, 2 young (8192K), 2 survivors (8192K)
 Metaspace       used 63283K, committed 65280K, reserved 1114112K
  class space    used 9282K, committed 10240K, reserved 1048576K
}
Event: 448.273 GC heap before
{Heap before GC invocations=21 (full 0):
 garbage-first heap   total 102400K, used 90254K [0x0000000600000000, 0x0000000800000000)
  region size 4096K, 12 young (49152K), 2 survivors (8192K)
 Metaspace       used 65451K, committed 67456K, reserved 1114112K
  class space    used 9592K, committed 10560K, reserved 1048576K
}
Event: 448.278 GC heap after
{Heap after GC invocations=22 (full 0):
 garbage-first heap   total 106496K, used 51936K [0x0000000600000000, 0x0000000800000000)
  region size 4096K, 2 young (8192K), 2 survivors (8192K)
 Metaspace       used 65451K, committed 67456K, reserved 1114112K
  class space    used 9592K, committed 10560K, reserved 1048576K
}

