# JRE version: OpenJDK Runtime Environment Temurin-21.0.12.1+1 (21.0.12.1+1) (build 21.0.12.1+1-LTS)
# Java VM: OpenJDK 64-Bit Server VM Temurin-21.0.12.1+1 (21.0.12.1+1-LTS, mixed mode, sharing, tiered, compressed oops, compressed class ptrs, g1 gc, windows-amd64)
GC Precious Log:
 CardTable entry size: 512
 Card Set container configuration: InlinePtr #cards 4 size 8 Array Of Cards #cards 32 size 80 Howl #buckets 8 coarsen threshold 7372 Howl Bitmap #cards 1024 size 144 coarsen threshold 921 Card regions per heap region 1 cards per card region 8192
 CPUs: 20 total, 20 available
 Memory: 16068M
 Large Page Support: Disabled
 NUMA Support: Disabled
 Compressed Oops: Enabled (Zero based)
 Heap Region Size: 4M
 Heap Min Capacity: 8M
 Heap Initial Capacity: 252M
 Heap Max Capacity: 8G
 Pre-touch: Disabled
 Parallel Workers: 15
 Concurrent Workers: 4
 Concurrent Refinement Workers: 15
 Periodic GC: Disabled
Heap:
 garbage-first heap   total 106496K, used 48474K [0x0000000600000000, 0x0000000800000000)
  region size 4096K, 6 young (24576K), 2 survivors (8192K)
 Metaspace       used 47037K, committed 48768K, reserved 1114112K
  class space    used 6954K, committed 7808K, reserved 1048576K
GC Heap History (16 events):
Event: 0.932 GC heap before
{Heap before GC invocations=0 (full 0):
 garbage-first heap   total 258048K, used 20480K [0x0000000600000000, 0x0000000800000000)
  region size 4096K, 5 young (20480K), 0 survivors (0K)
 Metaspace       used 884K, committed 1024K, reserved 1114112K
  class space    used 71K, committed 128K, reserved 1048576K
}
Event: 0.934 GC heap after
{Heap after GC invocations=1 (full 0):
 garbage-first heap   total 258048K, used 1600K [0x0000000600000000, 0x0000000800000000)
  region size 4096K, 1 young (4096K), 1 survivors (4096K)
 Metaspace       used 884K, committed 1024K, reserved 1114112K
  class space    used 71K, committed 128K, reserved 1048576K
}
Event: 2.275 GC heap before
{Heap before GC invocations=1 (full 0):
 garbage-first heap   total 258048K, used 42560K [0x0000000600000000, 0x0000000800000000)
  region size 4096K, 11 young (45056K), 1 survivors (4096K)
 Metaspace       used 4606K, committed 4800K, reserved 1114112K
  class space    used 583K, committed 704K, reserved 1048576K
}
Event: 2.281 GC heap after
{Heap after GC invocations=2 (full 0):
 garbage-first heap   total 258048K, used 11390K [0x0000000600000000, 0x0000000800000000)
  region size 4096K, 2 young (8192K), 2 survivors (8192K)
 Metaspace       used 4606K, committed 4800K, reserved 1114112K
  class space    used 583K, committed 704K, reserved 1048576K
}
Event: 11.026 GC heap before
{Heap before GC invocations=2 (full 0):
 garbage-first heap   total 258048K, used 150654K [0x0000000600000000, 0x0000000800000000)
  region size 4096K, 37 young (151552K), 2 survivors (8192K)
 Metaspace       used 20888K, committed 21504K, reserved 1114112K
  class space    used 2898K, committed 3200K, reserved 1048576K
}
Event: 11.043 GC heap after
{Heap after GC invocations=3 (full 0):
 garbage-first heap   total 258048K, used 23633K [0x0000000600000000, 0x0000000800000000)
  region size 4096K, 5 young (20480K), 5 survivors (20480K)
 Metaspace       used 20888K, committed 21504K, reserved 1114112K
  class space    used 2898K, committed 3200K, reserved 1048576K
}
Event: 13.036 GC heap before
{Heap before GC invocations=4 (full 0):
 garbage-first heap   total 81920K, used 80977K [0x0000000600000000, 0x0000000800000000)
  region size 4096K, 19 young (77824K), 5 survivors (20480K)
 Metaspace       used 28077K, committed 29120K, reserved 1114112K
  class space    used 4040K, committed 4544K, reserved 1048576K
}
Event: 13.050 GC heap after
{Heap after GC invocations=5 (full 0):
 garbage-first heap   total 106496K, used 27385K [0x0000000600000000, 0x0000000800000000)
  region size 4096K, 1 young (4096K), 1 survivors (4096K)
 Metaspace       used 28077K, committed 29120K, reserved 1114112K
  class space    used 4040K, committed 4544K, reserved 1048576K
}
Event: 14.809 GC heap before
{Heap before GC invocations=5 (full 0):
 garbage-first heap   total 106496K, used 72441K [0x0000000600000000, 0x0000000800000000)
  region size 4096K, 14 young (57344K), 1 survivors (4096K)
 Metaspace       used 34691K, committed 35968K, reserved 1114112K
  class space    used 4960K, committed 5568K, reserved 1048576K
}
Event: 14.816 GC heap after
{Heap after GC invocations=6 (full 0):
 garbage-first heap   total 106496K, used 30204K [0x0000000600000000, 0x0000000800000000)
  region size 4096K, 2 young (8192K), 2 survivors (8192K)
 Metaspace       used 34691K, committed 35968K, reserved 1114112K
  class space    used 4960K, committed 5568K, reserved 1048576K
}
Event: 20.233 GC heap before
{Heap before GC invocations=7 (full 0):
 garbage-first heap   total 106496K, used 83452K [0x0000000600000000, 0x0000000800000000)
  region size 4096K, 15 young (61440K), 2 survivors (8192K)
 Metaspace       used 38277K, committed 39744K, reserved 1114112K
  class space    used 5565K, committed 6272K, reserved 1048576K
}
Event: 20.238 GC heap after
{Heap after GC invocations=8 (full 0):
 garbage-first heap   total 106496K, used 32334K [0x0000000600000000, 0x0000000800000000)
  region size 4096K, 2 young (8192K), 2 survivors (8192K)
 Metaspace       used 38277K, committed 39744K, reserved 1114112K
  class space    used 5565K, committed 6272K, reserved 1048576K
}
Event: 28.635 GC heap before
{Heap before GC invocations=8 (full 0):
 garbage-first heap   total 106496K, used 85582K [0x0000000600000000, 0x0000000800000000)
  region size 4096K, 15 young (61440K), 2 survivors (8192K)
 Metaspace       used 41270K, committed 43008K, reserved 1114112K
  class space    used 6041K, committed 6912K, reserved 1048576K
}
Event: 28.640 GC heap after
{Heap after GC invocations=9 (full 0):
 garbage-first heap   total 106496K, used 34018K [0x0000000600000000, 0x0000000800000000)
  region size 4096K, 1 young (4096K), 1 survivors (4096K)
 Metaspace       used 41270K, committed 43008K, reserved 1114112K
  class space    used 6041K, committed 6912K, reserved 1048576K
}
Event: 41.694 GC heap before
{Heap before GC invocations=9 (full 0):
 garbage-first heap   total 106496K, used 87266K [0x0000000600000000, 0x0000000800000000)
  region size 4096K, 14 young (57344K), 1 survivors (4096K)
 Metaspace       used 46341K, committed 48128K, reserved 1114112K
  class space    used 6851K, committed 7744K, reserved 1048576K
}
Event: 41.698 GC heap after
{Heap after GC invocations=10 (full 0):
 garbage-first heap   total 106496K, used 36186K [0x0000000600000000, 0x0000000800000000)
  region size 4096K, 2 young (8192K), 2 survivors (8192K)
 Metaspace       used 46341K, committed 48128K, reserved 1114112K
  class space    used 6851K, committed 7744K, reserved 1048576K
}

