# JRE version: OpenJDK Runtime Environment Temurin-21.0.12.1+1 (21.0.12.1+1) (build 21.0.12.1+1-LTS)
# Java VM: OpenJDK 64-Bit Server VM Temurin-21.0.12.1+1 (21.0.12.1+1-LTS, mixed mode, sharing, tiered, compressed oops, compressed class ptrs, g1 gc, windows-amd64)
GC Precious Log:
 CardTable entry size: 512
 Card Set container configuration: InlinePtr #cards 4 size 8 Array Of Cards #cards 32 size 80 Howl #buckets 8 coarsen threshold 7372 Howl Bitmap #cards 1024 size 144 coarsen threshold 921 Card regions per heap region 1 cards per card region 8192
 CPUs: 20 total, 20 available
 Memory: 16068M
 Large Page Support: Disabled
 NUMA Support: Disabled
 Compressed Oops: Enabled (Zero based)
 Heap Region Size: 4M
 Heap Min Capacity: 8M
 Heap Initial Capacity: 252M
 Heap Max Capacity: 8G
 Pre-touch: Disabled
 Parallel Workers: 15
 Concurrent Workers: 4
 Concurrent Refinement Workers: 15
 Periodic GC: Disabled
Heap:
 garbage-first heap   total 122880K, used 40285K [0x0000000600000000, 0x0000000800000000)
  region size 4096K, 5 young (20480K), 2 survivors (8192K)
 Metaspace       used 37393K, committed 38784K, reserved 1114112K
  class space    used 5382K, committed 6080K, reserved 1048576K
GC Heap History (16 events):
Event: 0.925 GC heap before
{Heap before GC invocations=0 (full 0):
 garbage-first heap   total 258048K, used 20480K [0x0000000600000000, 0x0000000800000000)
  region size 4096K, 5 young (20480K), 0 survivors (0K)
 Metaspace       used 882K, committed 1024K, reserved 1114112K
  class space    used 71K, committed 128K, reserved 1048576K
}
Event: 0.946 GC heap after
{Heap after GC invocations=1 (full 0):
 garbage-first heap   total 258048K, used 1440K [0x0000000600000000, 0x0000000800000000)
  region size 4096K, 1 young (4096K), 1 survivors (4096K)
 Metaspace       used 882K, committed 1024K, reserved 1114112K
  class space    used 71K, committed 128K, reserved 1048576K
}
Event: 2.644 GC heap before
{Heap before GC invocations=1 (full 0):
 garbage-first heap   total 258048K, used 46496K [0x0000000600000000, 0x0000000800000000)
  region size 4096K, 11 young (45056K), 1 survivors (4096K)
 Metaspace       used 4615K, committed 4800K, reserved 1114112K
  class space    used 583K, committed 704K, reserved 1048576K
}
Event: 2.649 GC heap after
{Heap after GC invocations=2 (full 0):
 garbage-first heap   total 258048K, used 11467K [0x0000000600000000, 0x0000000800000000)
  region size 4096K, 2 young (8192K), 2 survivors (8192K)
 Metaspace       used 4615K, committed 4800K, reserved 1114112K
  class space    used 583K, committed 704K, reserved 1048576K
}
Event: 5.901 GC heap before
{Heap before GC invocations=2 (full 0):
 garbage-first heap   total 258048K, used 85195K [0x0000000600000000, 0x0000000800000000)
  region size 4096K, 21 young (86016K), 2 survivors (8192K)
 Metaspace       used 11603K, committed 11968K, reserved 1114112K
  class space    used 1580K, committed 1728K, reserved 1048576K
}
Event: 5.988 GC heap after
{Heap after GC invocations=3 (full 0):
 garbage-first heap   total 258048K, used 20539K [0x0000000600000000, 0x0000000800000000)
  region size 4096K, 3 young (12288K), 3 survivors (12288K)
 Metaspace       used 11603K, committed 11968K, reserved 1114112K
  class space    used 1580K, committed 1728K, reserved 1048576K
}
Event: 30.631 GC heap before
{Heap before GC invocations=3 (full 0):
 garbage-first heap   total 258048K, used 77883K [0x0000000600000000, 0x0000000800000000)
  region size 4096K, 19 young (77824K), 3 survivors (12288K)
 Metaspace       used 20902K, committed 21504K, reserved 1114112K
  class space    used 2882K, committed 3136K, reserved 1048576K
}
Event: 30.650 GC heap after
{Heap after GC invocations=4 (full 0):
 garbage-first heap   total 258048K, used 23586K [0x0000000600000000, 0x0000000800000000)
  region size 4096K, 3 young (12288K), 3 survivors (12288K)
 Metaspace       used 20902K, committed 21504K, reserved 1114112K
  class space    used 2882K, committed 3136K, reserved 1048576K
}
Event: 33.144 GC heap before
{Heap before GC invocations=5 (full 0):
 garbage-first heap   total 81920K, used 80930K [0x0000000600000000, 0x0000000800000000)
  region size 4096K, 17 young (69632K), 3 survivors (12288K)
 Metaspace       used 28013K, committed 28992K, reserved 1114112K
  class space    used 4015K, committed 4480K, reserved 1048576K
}
Event: 33.156 GC heap after
{Heap after GC invocations=6 (full 0):
 garbage-first heap   total 102400K, used 26741K [0x0000000600000000, 0x0000000800000000)
  region size 4096K, 2 young (8192K), 2 survivors (8192K)
 Metaspace       used 28013K, committed 28992K, reserved 1114112K
  class space    used 4015K, committed 4480K, reserved 1048576K
}
Event: 34.885 GC heap before
{Heap before GC invocations=6 (full 0):
 garbage-first heap   total 102400K, used 71797K [0x0000000600000000, 0x0000000800000000)
  region size 4096K, 13 young (53248K), 2 survivors (8192K)
 Metaspace       used 33422K, committed 34752K, reserved 1114112K
  class space    used 4853K, committed 5504K, reserved 1048576K
}
Event: 34.891 GC heap after
{Heap after GC invocations=7 (full 0):
 garbage-first heap   total 102400K, used 29636K [0x0000000600000000, 0x0000000800000000)
  region size 4096K, 2 young (8192K), 2 survivors (8192K)
 Metaspace       used 33422K, committed 34752K, reserved 1114112K
  class space    used 4853K, committed 5504K, reserved 1048576K
}
Event: 35.158 GC heap before
{Heap before GC invocations=7 (full 0):
 garbage-first heap   total 102400K, used 33732K [0x0000000600000000, 0x0000000800000000)
  region size 4096K, 4 young (16384K), 2 survivors (8192K)
 Metaspace       used 34739K, committed 35968K, reserved 1114112K
  class space    used 4959K, committed 5568K, reserved 1048576K
}
Event: 35.163 GC heap after
{Heap after GC invocations=8 (full 0):
 garbage-first heap   total 102400K, used 30590K [0x0000000600000000, 0x0000000800000000)
  region size 4096K, 1 young (4096K), 1 survivors (4096K)
 Metaspace       used 34739K, committed 35968K, reserved 1114112K
  class space    used 4959K, committed 5568K, reserved 1048576K
}
Event: 98.581 GC heap before
{Heap before GC invocations=9 (full 0):
 garbage-first heap   total 102400K, used 79742K [0x0000000600000000, 0x0000000800000000)
  region size 4096K, 13 young (53248K), 1 survivors (4096K)
 Metaspace       used 37000K, committed 38400K, reserved 1114112K
  class space    used 5317K, committed 6016K, reserved 1048576K
}
Event: 98.690 GC heap after
{Heap after GC invocations=10 (full 0):
 garbage-first heap   total 122880K, used 32093K [0x0000000600000000, 0x0000000800000000)
  region size 4096K, 2 young (8192K), 2 survivors (8192K)
 Metaspace       used 37000K, committed 38400K, reserved 1114112K
  class space    used 5317K, committed 6016K, reserved 1048576K
}

