# JRE version: OpenJDK Runtime Environment Temurin-21.0.12.1+1 (21.0.12.1+1) (build 21.0.12.1+1-LTS)
# Java VM: OpenJDK 64-Bit Server VM Temurin-21.0.12.1+1 (21.0.12.1+1-LTS, mixed mode, sharing, tiered, compressed oops, compressed class ptrs, g1 gc, windows-amd64)
GC Precious Log:
 CardTable entry size: 512
 Card Set container configuration: InlinePtr #cards 4 size 8 Array Of Cards #cards 32 size 80 Howl #buckets 8 coarsen threshold 7372 Howl Bitmap #cards 1024 size 144 coarsen threshold 921 Card regions per heap region 1 cards per card region 8192
 CPUs: 20 total, 20 available
 Memory: 16068M
 Large Page Support: Disabled
 NUMA Support: Disabled
 Compressed Oops: Enabled (Zero based)
 Heap Region Size: 4M
 Heap Min Capacity: 8M
 Heap Initial Capacity: 252M
 Heap Max Capacity: 8G
 Pre-touch: Disabled
 Parallel Workers: 15
 Concurrent Workers: 4
 Concurrent Refinement Workers: 15
 Periodic GC: Disabled
Heap:
 garbage-first heap   total 102400K, used 42381K [0x0000000600000000, 0x0000000800000000)
  region size 4096K, 5 young (20480K), 2 survivors (8192K)
 Metaspace       used 43203K, committed 44928K, reserved 1114112K
  class space    used 6360K, committed 7232K, reserved 1048576K
GC Heap History (20 events):
Event: 0.298 GC heap before
{Heap before GC invocations=0 (full 0):
 garbage-first heap   total 258048K, used 20480K [0x0000000600000000, 0x0000000800000000)
  region size 4096K, 5 young (20480K), 0 survivors (0K)
 Metaspace       used 878K, committed 1024K, reserved 1114112K
  class space    used 71K, committed 128K, reserved 1048576K
}
Event: 0.300 GC heap after
{Heap after GC invocations=1 (full 0):
 garbage-first heap   total 258048K, used 1600K [0x0000000600000000, 0x0000000800000000)
  region size 4096K, 1 young (4096K), 1 survivors (4096K)
 Metaspace       used 878K, committed 1024K, reserved 1114112K
  class space    used 71K, committed 128K, reserved 1048576K
}
Event: 0.840 GC heap before
{Heap before GC invocations=1 (full 0):
 garbage-first heap   total 258048K, used 46656K [0x0000000600000000, 0x0000000800000000)
  region size 4096K, 11 young (45056K), 1 survivors (4096K)
 Metaspace       used 4596K, committed 4800K, reserved 1114112K
  class space    used 581K, committed 704K, reserved 1048576K
}
Event: 0.845 GC heap after
{Heap after GC invocations=2 (full 0):
 garbage-first heap   total 258048K, used 11587K [0x0000000600000000, 0x0000000800000000)
  region size 4096K, 2 young (8192K), 2 survivors (8192K)
 Metaspace       used 4596K, committed 4800K, reserved 1114112K
  class space    used 581K, committed 704K, reserved 1048576K
}
Event: 11.751 GC heap before
{Heap before GC invocations=2 (full 0):
 garbage-first heap   total 258048K, used 118083K [0x0000000600000000, 0x0000000800000000)
  region size 4096K, 29 young (118784K), 2 survivors (8192K)
 Metaspace       used 16524K, committed 17024K, reserved 1114112K
  class space    used 2283K, committed 2496K, reserved 1048576K
}
Event: 11.770 GC heap after
{Heap after GC invocations=3 (full 0):
 garbage-first heap   total 258048K, used 21444K [0x0000000600000000, 0x0000000800000000)
  region size 4096K, 4 young (16384K), 4 survivors (16384K)
 Metaspace       used 16524K, committed 17024K, reserved 1114112K
  class space    used 2283K, committed 2496K, reserved 1048576K
}
Event: 16.217 GC heap before
{Heap before GC invocations=3 (full 0):
 garbage-first heap   total 258048K, used 46020K [0x0000000600000000, 0x0000000800000000)
  region size 4096K, 12 young (49152K), 4 survivors (16384K)
 Metaspace       used 20870K, committed 21504K, reserved 1114112K
  class space    used 2888K, committed 3136K, reserved 1048576K
}
Event: 16.224 GC heap after
{Heap after GC invocations=4 (full 0):
 garbage-first heap   total 258048K, used 23291K [0x0000000600000000, 0x0000000800000000)
  region size 4096K, 3 young (12288K), 3 survivors (12288K)
 Metaspace       used 20870K, committed 21504K, reserved 1114112K
  class space    used 2888K, committed 3136K, reserved 1048576K
}
Event: 24.000 GC heap before
{Heap before GC invocations=5 (full 0):
 garbage-first heap   total 81920K, used 76539K [0x0000000600000000, 0x0000000800000000)
  region size 4096K, 17 young (69632K), 3 survivors (12288K)
 Metaspace       used 27880K, committed 28928K, reserved 1114112K
  class space    used 3993K, committed 4480K, reserved 1048576K
}
Event: 24.011 GC heap after
{Heap after GC invocations=6 (full 0):
 garbage-first heap   total 102400K, used 27640K [0x0000000600000000, 0x0000000800000000)
  region size 4096K, 2 young (8192K), 2 survivors (8192K)
 Metaspace       used 27880K, committed 28928K, reserved 1114112K
  class space    used 3993K, committed 4480K, reserved 1048576K
}
Event: 29.874 GC heap before
{Heap before GC invocations=6 (full 0):
 garbage-first heap   total 102400K, used 72696K [0x0000000600000000, 0x0000000800000000)
  region size 4096K, 14 young (57344K), 2 survivors (8192K)
 Metaspace       used 34205K, committed 35520K, reserved 1114112K
  class space    used 4915K, committed 5568K, reserved 1048576K
}
Event: 29.881 GC heap after
{Heap after GC invocations=7 (full 0):
 garbage-first heap   total 102400K, used 29738K [0x0000000600000000, 0x0000000800000000)
  region size 4096K, 2 young (8192K), 2 survivors (8192K)
 Metaspace       used 34205K, committed 35520K, reserved 1114112K
  class space    used 4915K, committed 5568K, reserved 1048576K
}
Event: 30.273 GC heap before
{Heap before GC invocations=7 (full 0):
 garbage-first heap   total 102400K, used 29738K [0x0000000600000000, 0x0000000800000000)
  region size 4096K, 3 young (12288K), 2 survivors (8192K)
 Metaspace       used 34698K, committed 35968K, reserved 1114112K
  class space    used 4969K, committed 5568K, reserved 1048576K
}
Event: 30.287 GC heap after
{Heap after GC invocations=8 (full 0):
 garbage-first heap   total 102400K, used 31082K [0x0000000600000000, 0x0000000800000000)
  region size 4096K, 1 young (4096K), 1 survivors (4096K)
 Metaspace       used 34698K, committed 35968K, reserved 1114112K
  class space    used 4969K, committed 5568K, reserved 1048576K
}
Event: 104.052 GC heap before
{Heap before GC invocations=9 (full 0):
 garbage-first heap   total 102400K, used 80234K [0x0000000600000000, 0x0000000800000000)
  region size 4096K, 13 young (53248K), 1 survivors (4096K)
 Metaspace       used 36533K, committed 37952K, reserved 1114112K
  class space    used 5239K, committed 5952K, reserved 1048576K
}
Event: 104.103 GC heap after
{Heap after GC invocations=10 (full 0):
 garbage-first heap   total 102400K, used 31951K [0x0000000600000000, 0x0000000800000000)
  region size 4096K, 2 young (8192K), 2 survivors (8192K)
 Metaspace       used 36533K, committed 37952K, reserved 1114112K
  class space    used 5239K, committed 5952K, reserved 1048576K
}
Event: 277.276 GC heap before
{Heap before GC invocations=10 (full 0):
 garbage-first heap   total 102400K, used 77007K [0x0000000600000000, 0x0000000800000000)
  region size 4096K, 14 young (57344K), 2 survivors (8192K)
 Metaspace       used 40592K, committed 42176K, reserved 1114112K
  class space    used 5910K, committed 6656K, reserved 1048576K
}
Event: 277.316 GC heap after
{Heap after GC invocations=11 (full 0):
 garbage-first heap   total 102400K, used 33284K [0x0000000600000000, 0x0000000800000000)
  region size 4096K, 2 young (8192K), 2 survivors (8192K)
 Metaspace       used 40592K, committed 42176K, reserved 1114112K
  class space    used 5910K, committed 6656K, reserved 1048576K
}
Event: 297.309 GC heap before
{Heap before GC invocations=11 (full 0):
 garbage-first heap   total 102400K, used 78340K [0x0000000600000000, 0x0000000800000000)
  region size 4096K, 13 young (53248K), 2 survivors (8192K)
 Metaspace       used 42476K, committed 44224K, reserved 1114112K
  class space    used 6234K, committed 7104K, reserved 1048576K
}
Event: 297.317 GC heap after
{Heap after GC invocations=12 (full 0):
 garbage-first heap   total 102400K, used 34189K [0x0000000600000000, 0x0000000800000000)
  region size 4096K, 2 young (8192K), 2 survivors (8192K)
 Metaspace       used 42476K, committed 44224K, reserved 1114112K
  class space    used 6234K, committed 7104K, reserved 1048576K
}

