# JRE version: OpenJDK Runtime Environment Temurin-21.0.12.1+1 (21.0.12.1+1) (build 21.0.12.1+1-LTS)
# Java VM: OpenJDK 64-Bit Server VM Temurin-21.0.12.1+1 (21.0.12.1+1-LTS, mixed mode, sharing, tiered, compressed oops, compressed class ptrs, g1 gc, windows-amd64)
GC Precious Log:
 CardTable entry size: 512
 Card Set container configuration: InlinePtr #cards 4 size 8 Array Of Cards #cards 32 size 80 Howl #buckets 8 coarsen threshold 7372 Howl Bitmap #cards 1024 size 144 coarsen threshold 921 Card regions per heap region 1 cards per card region 8192
 CPUs: 20 total, 20 available
 Memory: 16068M
 Large Page Support: Disabled
 NUMA Support: Disabled
 Compressed Oops: Enabled (Zero based)
 Heap Region Size: 4M
 Heap Min Capacity: 8M
 Heap Initial Capacity: 252M
 Heap Max Capacity: 8G
 Pre-touch: Disabled
 Parallel Workers: 15
 Concurrent Workers: 4
 Concurrent Refinement Workers: 15
 Periodic GC: Disabled
Heap:
 garbage-first heap   total 102400K, used 78320K [0x0000000600000000, 0x0000000800000000)
  region size 4096K, 13 young (53248K), 1 survivors (4096K)
 Metaspace       used 42676K, committed 44352K, reserved 1114112K
  class space    used 6273K, committed 7104K, reserved 1048576K
GC Heap History (18 events):
Event: 0.291 GC heap before
{Heap before GC invocations=0 (full 0):
 garbage-first heap   total 258048K, used 20480K [0x0000000600000000, 0x0000000800000000)
  region size 4096K, 5 young (20480K), 0 survivors (0K)
 Metaspace       used 879K, committed 1024K, reserved 1114112K
  class space    used 71K, committed 128K, reserved 1048576K
}
Event: 0.293 GC heap after
{Heap after GC invocations=1 (full 0):
 garbage-first heap   total 258048K, used 1608K [0x0000000600000000, 0x0000000800000000)
  region size 4096K, 1 young (4096K), 1 survivors (4096K)
 Metaspace       used 879K, committed 1024K, reserved 1114112K
  class space    used 71K, committed 128K, reserved 1048576K
}
Event: 0.854 GC heap before
{Heap before GC invocations=1 (full 0):
 garbage-first heap   total 258048K, used 42568K [0x0000000600000000, 0x0000000800000000)
  region size 4096K, 11 young (45056K), 1 survivors (4096K)
 Metaspace       used 4577K, committed 4800K, reserved 1114112K
  class space    used 584K, committed 704K, reserved 1048576K
}
Event: 0.859 GC heap after
{Heap after GC invocations=2 (full 0):
 garbage-first heap   total 258048K, used 11625K [0x0000000600000000, 0x0000000800000000)
  region size 4096K, 2 young (8192K), 2 survivors (8192K)
 Metaspace       used 4577K, committed 4800K, reserved 1114112K
  class space    used 584K, committed 704K, reserved 1048576K
}
Event: 2.042 GC heap before
{Heap before GC invocations=2 (full 0):
 garbage-first heap   total 258048K, used 81257K [0x0000000600000000, 0x0000000800000000)
  region size 4096K, 19 young (77824K), 2 survivors (8192K)
 Metaspace       used 10335K, committed 10688K, reserved 1114112K
  class space    used 1396K, committed 1600K, reserved 1048576K
}
Event: 2.052 GC heap after
{Heap after GC invocations=3 (full 0):
 garbage-first heap   total 258048K, used 19850K [0x0000000600000000, 0x0000000800000000)
  region size 4096K, 3 young (12288K), 3 survivors (12288K)
 Metaspace       used 10335K, committed 10688K, reserved 1114112K
  class space    used 1396K, committed 1600K, reserved 1048576K
}
Event: 54.230 GC heap before
{Heap before GC invocations=3 (full 0):
 garbage-first heap   total 258048K, used 89482K [0x0000000600000000, 0x0000000800000000)
  region size 4096K, 22 young (90112K), 3 survivors (12288K)
 Metaspace       used 20906K, committed 21504K, reserved 1114112K
  class space    used 2890K, committed 3200K, reserved 1048576K
}
Event: 54.255 GC heap after
{Heap after GC invocations=4 (full 0):
 garbage-first heap   total 258048K, used 23319K [0x0000000600000000, 0x0000000800000000)
  region size 4096K, 3 young (12288K), 3 survivors (12288K)
 Metaspace       used 20906K, committed 21504K, reserved 1114112K
  class space    used 2890K, committed 3200K, reserved 1048576K
}
Event: 57.870 GC heap before
{Heap before GC invocations=5 (full 0):
 garbage-first heap   total 81920K, used 80663K [0x0000000600000000, 0x0000000800000000)
  region size 4096K, 17 young (69632K), 3 survivors (12288K)
 Metaspace       used 28074K, committed 29056K, reserved 1114112K
  class space    used 4029K, committed 4480K, reserved 1048576K
}
Event: 57.882 GC heap after
{Heap after GC invocations=6 (full 0):
 garbage-first heap   total 102400K, used 26717K [0x0000000600000000, 0x0000000800000000)
  region size 4096K, 2 young (8192K), 2 survivors (8192K)
 Metaspace       used 28074K, committed 29056K, reserved 1114112K
  class space    used 4029K, committed 4480K, reserved 1048576K
}
Event: 60.126 GC heap before
{Heap before GC invocations=6 (full 0):
 garbage-first heap   total 102400K, used 75869K [0x0000000600000000, 0x0000000800000000)
  region size 4096K, 14 young (57344K), 2 survivors (8192K)
 Metaspace       used 34343K, committed 35712K, reserved 1114112K
  class space    used 4932K, committed 5568K, reserved 1048576K
}
Event: 60.135 GC heap after
{Heap after GC invocations=7 (full 0):
 garbage-first heap   total 102400K, used 29941K [0x0000000600000000, 0x0000000800000000)
  region size 4096K, 2 young (8192K), 2 survivors (8192K)
 Metaspace       used 34343K, committed 35712K, reserved 1114112K
  class space    used 4932K, committed 5568K, reserved 1048576K
}
Event: 60.220 GC heap before
{Heap before GC invocations=7 (full 0):
 garbage-first heap   total 102400K, used 29941K [0x0000000600000000, 0x0000000800000000)
  region size 4096K, 3 young (12288K), 2 survivors (8192K)
 Metaspace       used 34636K, committed 35968K, reserved 1114112K
  class space    used 4963K, committed 5632K, reserved 1048576K
}
Event: 60.224 GC heap after
{Heap after GC invocations=8 (full 0):
 garbage-first heap   total 102400K, used 30632K [0x0000000600000000, 0x0000000800000000)
  region size 4096K, 1 young (4096K), 1 survivors (4096K)
 Metaspace       used 34636K, committed 35968K, reserved 1114112K
  class space    used 4963K, committed 5632K, reserved 1048576K
}
Event: 141.977 GC heap before
{Heap before GC invocations=9 (full 0):
 garbage-first heap   total 102400K, used 79784K [0x0000000600000000, 0x0000000800000000)
  region size 4096K, 13 young (53248K), 1 survivors (4096K)
 Metaspace       used 36963K, committed 38336K, reserved 1114112K
  class space    used 5317K, committed 5952K, reserved 1048576K
}
Event: 142.087 GC heap after
{Heap after GC invocations=10 (full 0):
 garbage-first heap   total 102400K, used 32219K [0x0000000600000000, 0x0000000800000000)
  region size 4096K, 2 young (8192K), 2 survivors (8192K)
 Metaspace       used 36963K, committed 38336K, reserved 1114112K
  class space    used 5317K, committed 5952K, reserved 1048576K
}
Event: 395.821 GC heap before
{Heap before GC invocations=10 (full 0):
 garbage-first heap   total 102400K, used 81371K [0x0000000600000000, 0x0000000800000000)
  region size 4096K, 14 young (57344K), 2 survivors (8192K)
 Metaspace       used 40059K, committed 41664K, reserved 1114112K
  class space    used 5826K, committed 6592K, reserved 1048576K
}
Event: 395.848 GC heap after
{Heap after GC invocations=11 (full 0):
 garbage-first heap   total 102400K, used 33264K [0x0000000600000000, 0x0000000800000000)
  region size 4096K, 1 young (4096K), 1 survivors (4096K)
 Metaspace       used 40059K, committed 41664K, reserved 1114112K
  class space    used 5826K, committed 6592K, reserved 1048576K
}

