# JRE version: OpenJDK Runtime Environment Temurin-21.0.12.1+1 (21.0.12.1+1) (build 21.0.12.1+1-LTS)
# Java VM: OpenJDK 64-Bit Server VM Temurin-21.0.12.1+1 (21.0.12.1+1-LTS, mixed mode, sharing, tiered, compressed oops, compressed class ptrs, g1 gc, windows-amd64)
GC Precious Log:
 CardTable entry size: 512
 Card Set container configuration: InlinePtr #cards 4 size 8 Array Of Cards #cards 32 size 80 Howl #buckets 8 coarsen threshold 7372 Howl Bitmap #cards 1024 size 144 coarsen threshold 921 Card regions per heap region 1 cards per card region 8192
 CPUs: 20 total, 20 available
 Memory: 16068M
 Large Page Support: Disabled
 NUMA Support: Disabled
 Compressed Oops: Enabled (Zero based)
 Heap Region Size: 4M
 Heap Min Capacity: 8M
 Heap Initial Capacity: 252M
 Heap Max Capacity: 8G
 Pre-touch: Disabled
 Parallel Workers: 15
 Concurrent Workers: 4
 Concurrent Refinement Workers: 15
 Periodic GC: Disabled
Heap:
 garbage-first heap   total 110592K, used 60701K [0x0000000600000000, 0x0000000800000000)
  region size 4096K, 10 young (40960K), 2 survivors (8192K)
 Metaspace       used 40516K, committed 42112K, reserved 1114112K
  class space    used 5913K, committed 6656K, reserved 1048576K
GC Heap History (16 events):
Event: 0.912 GC heap before
{Heap before GC invocations=0 (full 0):
 garbage-first heap   total 258048K, used 20480K [0x0000000600000000, 0x0000000800000000)
  region size 4096K, 5 young (20480K), 0 survivors (0K)
 Metaspace       used 877K, committed 1024K, reserved 1114112K
  class space    used 71K, committed 128K, reserved 1048576K
}
Event: 0.986 GC heap after
{Heap after GC invocations=1 (full 0):
 garbage-first heap   total 258048K, used 1440K [0x0000000600000000, 0x0000000800000000)
  region size 4096K, 1 young (4096K), 1 survivors (4096K)
 Metaspace       used 877K, committed 1024K, reserved 1114112K
  class space    used 71K, committed 128K, reserved 1048576K
}
Event: 3.714 GC heap before
{Heap before GC invocations=1 (full 0):
 garbage-first heap   total 258048K, used 42400K [0x0000000600000000, 0x0000000800000000)
  region size 4096K, 11 young (45056K), 1 survivors (4096K)
 Metaspace       used 4592K, committed 4800K, reserved 1114112K
  class space    used 583K, committed 704K, reserved 1048576K
}
Event: 3.722 GC heap after
{Heap after GC invocations=2 (full 0):
 garbage-first heap   total 258048K, used 11525K [0x0000000600000000, 0x0000000800000000)
  region size 4096K, 2 young (8192K), 2 survivors (8192K)
 Metaspace       used 4592K, committed 4800K, reserved 1114112K
  class space    used 583K, committed 704K, reserved 1048576K
}
Event: 8.664 GC heap before
{Heap before GC invocations=2 (full 0):
 garbage-first heap   total 258048K, used 77061K [0x0000000600000000, 0x0000000800000000)
  region size 4096K, 19 young (77824K), 2 survivors (8192K)
 Metaspace       used 10370K, committed 10688K, reserved 1114112K
  class space    used 1404K, committed 1536K, reserved 1048576K
}
Event: 8.744 GC heap after
{Heap after GC invocations=3 (full 0):
 garbage-first heap   total 258048K, used 19824K [0x0000000600000000, 0x0000000800000000)
  region size 4096K, 3 young (12288K), 3 survivors (12288K)
 Metaspace       used 10370K, committed 10688K, reserved 1114112K
  class space    used 1404K, committed 1536K, reserved 1048576K
}
Event: 35.537 GC heap before
{Heap before GC invocations=3 (full 0):
 garbage-first heap   total 258048K, used 93552K [0x0000000600000000, 0x0000000800000000)
  region size 4096K, 22 young (90112K), 3 survivors (12288K)
 Metaspace       used 20897K, committed 21504K, reserved 1114112K
  class space    used 2889K, committed 3136K, reserved 1048576K
}
Event: 35.733 GC heap after
{Heap after GC invocations=4 (full 0):
 garbage-first heap   total 258048K, used 23430K [0x0000000600000000, 0x0000000800000000)
  region size 4096K, 3 young (12288K), 3 survivors (12288K)
 Metaspace       used 20897K, committed 21504K, reserved 1114112K
  class space    used 2889K, committed 3136K, reserved 1048576K
}
Event: 38.146 GC heap before
{Heap before GC invocations=5 (full 0):
 garbage-first heap   total 81920K, used 80774K [0x0000000600000000, 0x0000000800000000)
  region size 4096K, 17 young (69632K), 3 survivors (12288K)
 Metaspace       used 28120K, committed 29184K, reserved 1114112K
  class space    used 4038K, committed 4544K, reserved 1048576K
}
Event: 38.213 GC heap after
{Heap after GC invocations=6 (full 0):
 garbage-first heap   total 102400K, used 27269K [0x0000000600000000, 0x0000000800000000)
  region size 4096K, 2 young (8192K), 2 survivors (8192K)
 Metaspace       used 28120K, committed 29184K, reserved 1114112K
  class space    used 4038K, committed 4544K, reserved 1048576K
}
Event: 40.164 GC heap before
{Heap before GC invocations=6 (full 0):
 garbage-first heap   total 102400K, used 76421K [0x0000000600000000, 0x0000000800000000)
  region size 4096K, 14 young (57344K), 2 survivors (8192K)
 Metaspace       used 34578K, committed 35840K, reserved 1114112K
  class space    used 4952K, committed 5568K, reserved 1048576K
}
Event: 40.172 GC heap after
{Heap after GC invocations=7 (full 0):
 garbage-first heap   total 135168K, used 30264K [0x0000000600000000, 0x0000000800000000)
  region size 4096K, 2 young (8192K), 2 survivors (8192K)
 Metaspace       used 34578K, committed 35840K, reserved 1114112K
  class space    used 4952K, committed 5568K, reserved 1048576K
}
Event: 40.270 GC heap before
{Heap before GC invocations=7 (full 0):
 garbage-first heap   total 135168K, used 30264K [0x0000000600000000, 0x0000000800000000)
  region size 4096K, 3 young (12288K), 2 survivors (8192K)
 Metaspace       used 34702K, committed 35968K, reserved 1114112K
  class space    used 4967K, committed 5568K, reserved 1048576K
}
Event: 40.275 GC heap after
{Heap after GC invocations=8 (full 0):
 garbage-first heap   total 135168K, used 30351K [0x0000000600000000, 0x0000000800000000)
  region size 4096K, 2 young (8192K), 2 survivors (8192K)
 Metaspace       used 34702K, committed 35968K, reserved 1114112K
  class space    used 4967K, committed 5568K, reserved 1048576K
}
Event: 190.855 GC heap before
{Heap before GC invocations=9 (full 0):
 garbage-first heap   total 110592K, used 87695K [0x0000000600000000, 0x0000000800000000)
  region size 4096K, 16 young (65536K), 2 survivors (8192K)
 Metaspace       used 36999K, committed 38400K, reserved 1114112K
  class space    used 5320K, committed 6016K, reserved 1048576K
}
Event: 190.998 GC heap after
{Heap after GC invocations=10 (full 0):
 garbage-first heap   total 110592K, used 32029K [0x0000000600000000, 0x0000000800000000)
  region size 4096K, 2 young (8192K), 2 survivors (8192K)
 Metaspace       used 36999K, committed 38400K, reserved 1114112K
  class space    used 5320K, committed 6016K, reserved 1048576K
}

