# JRE version: OpenJDK Runtime Environment Temurin-21.0.12.1+1 (21.0.12.1+1) (build 21.0.12.1+1-LTS)
# Java VM: OpenJDK 64-Bit Server VM Temurin-21.0.12.1+1 (21.0.12.1+1-LTS, mixed mode, sharing, tiered, compressed oops, compressed class ptrs, g1 gc, windows-amd64)
GC Precious Log:
 CardTable entry size: 512
 Card Set container configuration: InlinePtr #cards 4 size 8 Array Of Cards #cards 32 size 80 Howl #buckets 8 coarsen threshold 7372 Howl Bitmap #cards 1024 size 144 coarsen threshold 921 Card regions per heap region 1 cards per card region 8192
 CPUs: 20 total, 20 available
 Memory: 16068M
 Large Page Support: Disabled
 NUMA Support: Disabled
 Compressed Oops: Enabled (Zero based)
 Heap Region Size: 4M
 Heap Min Capacity: 8M
 Heap Initial Capacity: 252M
 Heap Max Capacity: 8G
 Pre-touch: Disabled
 Parallel Workers: 15
 Concurrent Workers: 4
 Concurrent Refinement Workers: 15
 Periodic GC: Disabled
Heap:
 garbage-first heap   total 110592K, used 84935K [0x0000000600000000, 0x0000000800000000)
  region size 4096K, 16 young (65536K), 2 survivors (8192K)
 Metaspace       used 40519K, committed 42112K, reserved 1114112K
  class space    used 5902K, committed 6656K, reserved 1048576K
GC Heap History (16 events):
Event: 1.290 GC heap before
{Heap before GC invocations=0 (full 0):
 garbage-first heap   total 258048K, used 20480K [0x0000000600000000, 0x0000000800000000)
  region size 4096K, 5 young (20480K), 0 survivors (0K)
 Metaspace       used 884K, committed 1024K, reserved 1114112K
  class space    used 71K, committed 128K, reserved 1048576K
}
Event: 1.362 GC heap after
{Heap after GC invocations=1 (full 0):
 garbage-first heap   total 258048K, used 1467K [0x0000000600000000, 0x0000000800000000)
  region size 4096K, 1 young (4096K), 1 survivors (4096K)
 Metaspace       used 884K, committed 1024K, reserved 1114112K
  class space    used 71K, committed 128K, reserved 1048576K
}
Event: 2.709 GC heap before
{Heap before GC invocations=1 (full 0):
 garbage-first heap   total 258048K, used 46523K [0x0000000600000000, 0x0000000800000000)
  region size 4096K, 11 young (45056K), 1 survivors (4096K)
 Metaspace       used 4594K, committed 4800K, reserved 1114112K
  class space    used 583K, committed 704K, reserved 1048576K
}
Event: 2.716 GC heap after
{Heap after GC invocations=2 (full 0):
 garbage-first heap   total 258048K, used 11360K [0x0000000600000000, 0x0000000800000000)
  region size 4096K, 2 young (8192K), 2 survivors (8192K)
 Metaspace       used 4594K, committed 4800K, reserved 1114112K
  class space    used 583K, committed 704K, reserved 1048576K
}
Event: 5.430 GC heap before
{Heap before GC invocations=2 (full 0):
 garbage-first heap   total 258048K, used 80992K [0x0000000600000000, 0x0000000800000000)
  region size 4096K, 19 young (77824K), 2 survivors (8192K)
 Metaspace       used 10377K, committed 10688K, reserved 1114112K
  class space    used 1403K, committed 1536K, reserved 1048576K
}
Event: 5.454 GC heap after
{Heap after GC invocations=3 (full 0):
 garbage-first heap   total 258048K, used 19658K [0x0000000600000000, 0x0000000800000000)
  region size 4096K, 3 young (12288K), 3 survivors (12288K)
 Metaspace       used 10377K, committed 10688K, reserved 1114112K
  class space    used 1403K, committed 1536K, reserved 1048576K
}
Event: 29.157 GC heap before
{Heap before GC invocations=3 (full 0):
 garbage-first heap   total 258048K, used 93386K [0x0000000600000000, 0x0000000800000000)
  region size 4096K, 22 young (90112K), 3 survivors (12288K)
 Metaspace       used 20895K, committed 21504K, reserved 1114112K
  class space    used 2892K, committed 3200K, reserved 1048576K
}
Event: 29.235 GC heap after
{Heap after GC invocations=4 (full 0):
 garbage-first heap   total 258048K, used 23951K [0x0000000600000000, 0x0000000800000000)
  region size 4096K, 4 young (16384K), 4 survivors (16384K)
 Metaspace       used 20895K, committed 21504K, reserved 1114112K
  class space    used 2892K, committed 3200K, reserved 1048576K
}
Event: 32.575 GC heap before
{Heap before GC invocations=5 (full 0):
 garbage-first heap   total 98304K, used 93583K [0x0000000600000000, 0x0000000800000000)
  region size 4096K, 21 young (86016K), 4 survivors (16384K)
 Metaspace       used 29558K, committed 30656K, reserved 1114112K
  class space    used 4288K, committed 4864K, reserved 1048576K
}
Event: 32.598 GC heap after
{Heap after GC invocations=6 (full 0):
 garbage-first heap   total 114688K, used 27210K [0x0000000600000000, 0x0000000800000000)
  region size 4096K, 2 young (8192K), 2 survivors (8192K)
 Metaspace       used 29558K, committed 30656K, reserved 1114112K
  class space    used 4288K, committed 4864K, reserved 1048576K
}
Event: 34.138 GC heap before
{Heap before GC invocations=6 (full 0):
 garbage-first heap   total 114688K, used 64074K [0x0000000600000000, 0x0000000800000000)
  region size 4096K, 12 young (49152K), 2 survivors (8192K)
 Metaspace       used 34763K, committed 36096K, reserved 1114112K
  class space    used 4965K, committed 5632K, reserved 1048576K
}
Event: 34.145 GC heap after
{Heap after GC invocations=7 (full 0):
 garbage-first heap   total 114688K, used 29879K [0x0000000600000000, 0x0000000800000000)
  region size 4096K, 2 young (8192K), 2 survivors (8192K)
 Metaspace       used 34763K, committed 36096K, reserved 1114112K
  class space    used 4965K, committed 5632K, reserved 1048576K
}
Event: 34.196 GC heap before
{Heap before GC invocations=7 (full 0):
 garbage-first heap   total 114688K, used 29879K [0x0000000600000000, 0x0000000800000000)
  region size 4096K, 3 young (12288K), 2 survivors (8192K)
 Metaspace       used 35042K, committed 36416K, reserved 1114112K
  class space    used 4995K, committed 5696K, reserved 1048576K
}
Event: 34.201 GC heap after
{Heap after GC invocations=8 (full 0):
 garbage-first heap   total 114688K, used 30587K [0x0000000600000000, 0x0000000800000000)
  region size 4096K, 1 young (4096K), 1 survivors (4096K)
 Metaspace       used 35042K, committed 36416K, reserved 1114112K
  class space    used 4995K, committed 5696K, reserved 1048576K
}
Event: 189.192 GC heap before
{Heap before GC invocations=9 (full 0):
 garbage-first heap   total 110592K, used 92027K [0x0000000600000000, 0x0000000800000000)
  region size 4096K, 16 young (65536K), 1 survivors (4096K)
 Metaspace       used 37015K, committed 38464K, reserved 1114112K
  class space    used 5315K, committed 6016K, reserved 1048576K
}
Event: 189.288 GC heap after
{Heap after GC invocations=10 (full 0):
 garbage-first heap   total 110592K, used 31687K [0x0000000600000000, 0x0000000800000000)
  region size 4096K, 2 young (8192K), 2 survivors (8192K)
 Metaspace       used 37015K, committed 38464K, reserved 1114112K
  class space    used 5315K, committed 6016K, reserved 1048576K
}

