# JRE version: OpenJDK Runtime Environment Temurin-21.0.12.1+1 (21.0.12.1+1) (build 21.0.12.1+1-LTS)
# Java VM: OpenJDK 64-Bit Server VM Temurin-21.0.12.1+1 (21.0.12.1+1-LTS, mixed mode, sharing, tiered, compressed oops, compressed class ptrs, g1 gc, windows-amd64)
GC Precious Log:
 CardTable entry size: 512
 Card Set container configuration: InlinePtr #cards 4 size 8 Array Of Cards #cards 32 size 80 Howl #buckets 8 coarsen threshold 7372 Howl Bitmap #cards 1024 size 144 coarsen threshold 921 Card regions per heap region 1 cards per card region 8192
 CPUs: 20 total, 20 available
 Memory: 16068M
 Large Page Support: Disabled
 NUMA Support: Disabled
 Compressed Oops: Enabled (Zero based)
 Heap Region Size: 4M
 Heap Min Capacity: 8M
 Heap Initial Capacity: 252M
 Heap Max Capacity: 8G
 Pre-touch: Disabled
 Parallel Workers: 15
 Concurrent Workers: 4
 Concurrent Refinement Workers: 15
 Periodic GC: Disabled
Heap:
 garbage-first heap   total 110592K, used 53111K [0x0000000600000000, 0x0000000800000000)
  region size 4096K, 2 young (8192K), 1 survivors (4096K)
 Metaspace       used 67382K, committed 69440K, reserved 1114112K
  class space    used 9954K, committed 11008K, reserved 1048576K
GC Heap History (20 events):
Event: 11.852 GC heap before
{Heap before GC invocations=7 (full 0):
 garbage-first heap   total 122880K, used 30747K [0x0000000600000000, 0x0000000800000000)
  region size 4096K, 3 young (12288K), 2 survivors (8192K)
 Metaspace       used 35084K, committed 36416K, reserved 1114112K
  class space    used 5006K, committed 5632K, reserved 1048576K
}
Event: 11.856 GC heap after
{Heap after GC invocations=8 (full 0):
 garbage-first heap   total 122880K, used 30910K [0x0000000600000000, 0x0000000800000000)
  region size 4096K, 1 young (4096K), 1 survivors (4096K)
 Metaspace       used 35084K, committed 36416K, reserved 1114112K
  class space    used 5006K, committed 5632K, reserved 1048576K
}
Event: 34.129 GC heap before
{Heap before GC invocations=9 (full 0):
 garbage-first heap   total 110592K, used 92350K [0x0000000600000000, 0x0000000800000000)
  region size 4096K, 16 young (65536K), 1 survivors (4096K)
 Metaspace       used 39126K, committed 40640K, reserved 1114112K
  class space    used 5701K, committed 6464K, reserved 1048576K
}
Event: 34.137 GC heap after
{Heap after GC invocations=10 (full 0):
 garbage-first heap   total 110592K, used 32951K [0x0000000600000000, 0x0000000800000000)
  region size 4096K, 2 young (8192K), 2 survivors (8192K)
 Metaspace       used 39126K, committed 40640K, reserved 1114112K
  class space    used 5701K, committed 6464K, reserved 1048576K
}
Event: 35.989 GC heap before
{Heap before GC invocations=10 (full 0):
 garbage-first heap   total 110592K, used 90295K [0x0000000600000000, 0x0000000800000000)
  region size 4096K, 16 young (65536K), 2 survivors (8192K)
 Metaspace       used 42804K, committed 44480K, reserved 1114112K
  class space    used 6321K, committed 7168K, reserved 1048576K
}
Event: 36.001 GC heap after
{Heap after GC invocations=11 (full 0):
 garbage-first heap   total 110592K, used 34564K [0x0000000600000000, 0x0000000800000000)
  region size 4096K, 2 young (8192K), 2 survivors (8192K)
 Metaspace       used 42804K, committed 44480K, reserved 1114112K
  class space    used 6321K, committed 7168K, reserved 1048576K
}
Event: 40.410 GC heap before
{Heap before GC invocations=11 (full 0):
 garbage-first heap   total 110592K, used 91908K [0x0000000600000000, 0x0000000800000000)
  region size 4096K, 16 young (65536K), 2 survivors (8192K)
 Metaspace       used 47245K, committed 48960K, reserved 1114112K
  class space    used 6985K, committed 7808K, reserved 1048576K
}
Event: 40.418 GC heap after
{Heap after GC invocations=12 (full 0):
 garbage-first heap   total 110592K, used 38826K [0x0000000600000000, 0x0000000800000000)
  region size 4096K, 2 young (8192K), 2 survivors (8192K)
 Metaspace       used 47245K, committed 48960K, reserved 1114112K
  class space    used 6985K, committed 7808K, reserved 1048576K
}
Event: 43.618 GC heap before
{Heap before GC invocations=12 (full 0):
 garbage-first heap   total 110592K, used 96170K [0x0000000600000000, 0x0000000800000000)
  region size 4096K, 16 young (65536K), 2 survivors (8192K)
 Metaspace       used 50221K, committed 52096K, reserved 1114112K
  class space    used 7501K, committed 8384K, reserved 1048576K
}
Event: 43.629 GC heap after
{Heap after GC invocations=13 (full 0):
 garbage-first heap   total 110592K, used 40695K [0x0000000600000000, 0x0000000800000000)
  region size 4096K, 1 young (4096K), 1 survivors (4096K)
 Metaspace       used 50221K, committed 52096K, reserved 1114112K
  class space    used 7501K, committed 8384K, reserved 1048576K
}
Event: 47.872 GC heap before
{Heap before GC invocations=13 (full 0):
 garbage-first heap   total 110592K, used 89847K [0x0000000600000000, 0x0000000800000000)
  region size 4096K, 14 young (57344K), 1 survivors (4096K)
 Metaspace       used 54957K, committed 56896K, reserved 1114112K
  class space    used 8167K, committed 9088K, reserved 1048576K
}
Event: 47.875 GC heap after
{Heap after GC invocations=14 (full 0):
 garbage-first heap   total 110592K, used 45830K [0x0000000600000000, 0x0000000800000000)
  region size 4096K, 2 young (8192K), 2 survivors (8192K)
 Metaspace       used 54957K, committed 56896K, reserved 1114112K
  class space    used 8167K, committed 9088K, reserved 1048576K
}
Event: 49.040 GC heap before
{Heap before GC invocations=14 (full 0):
 garbage-first heap   total 110592K, used 82694K [0x0000000600000000, 0x0000000800000000)
  region size 4096K, 12 young (49152K), 2 survivors (8192K)
 Metaspace       used 58925K, committed 60800K, reserved 1114112K
  class space    used 8706K, committed 9600K, reserved 1048576K
}
Event: 49.046 GC heap after
{Heap after GC invocations=15 (full 0):
 garbage-first heap   total 110592K, used 47867K [0x0000000600000000, 0x0000000800000000)
  region size 4096K, 1 young (4096K), 1 survivors (4096K)
 Metaspace       used 58925K, committed 60800K, reserved 1114112K
  class space    used 8706K, committed 9600K, reserved 1048576K
}
Event: 49.898 GC heap before
{Heap before GC invocations=16 (full 0):
 garbage-first heap   total 110592K, used 88827K [0x0000000600000000, 0x0000000800000000)
  region size 4096K, 12 young (49152K), 1 survivors (4096K)
 Metaspace       used 61862K, committed 63936K, reserved 1114112K
  class space    used 9131K, committed 10176K, reserved 1048576K
}
Event: 49.901 GC heap after
{Heap after GC invocations=17 (full 0):
 garbage-first heap   total 110592K, used 48630K [0x0000000600000000, 0x0000000800000000)
  region size 4096K, 1 young (4096K), 1 survivors (4096K)
 Metaspace       used 61862K, committed 63936K, reserved 1114112K
  class space    used 9131K, committed 10176K, reserved 1048576K
}
Event: 55.225 GC heap before
{Heap before GC invocations=17 (full 0):
 garbage-first heap   total 110592K, used 93686K [0x0000000600000000, 0x0000000800000000)
  region size 4096K, 12 young (49152K), 1 survivors (4096K)
 Metaspace       used 64320K, committed 66304K, reserved 1114112K
  class space    used 9493K, committed 10496K, reserved 1048576K
}
Event: 55.232 GC heap after
{Heap after GC invocations=18 (full 0):
 garbage-first heap   total 110592K, used 52551K [0x0000000600000000, 0x0000000800000000)
  region size 4096K, 2 young (8192K), 2 survivors (8192K)
 Metaspace       used 64320K, committed 66304K, reserved 1114112K
  class space    used 9493K, committed 10496K, reserved 1048576K
}
Event: 56.569 GC heap before
{Heap before GC invocations=18 (full 0):
 garbage-first heap   total 110592K, used 97607K [0x0000000600000000, 0x0000000800000000)
  region size 4096K, 13 young (53248K), 2 survivors (8192K)
 Metaspace       used 67336K, committed 69440K, reserved 1114112K
  class space    used 9944K, committed 11008K, reserved 1048576K
}
Event: 56.574 GC heap after
{Heap after GC invocations=19 (full 0):
 garbage-first heap   total 110592K, used 53111K [0x0000000600000000, 0x0000000800000000)
  region size 4096K, 1 young (4096K), 1 survivors (4096K)
 Metaspace       used 67336K, committed 69440K, reserved 1114112K
  class space    used 9944K, committed 11008K, reserved 1048576K
}

