# JRE version: OpenJDK Runtime Environment Temurin-21.0.12.1+1 (21.0.12.1+1) (build 21.0.12.1+1-LTS)
# Java VM: OpenJDK 64-Bit Server VM Temurin-21.0.12.1+1 (21.0.12.1+1-LTS, mixed mode, sharing, tiered, compressed oops, compressed class ptrs, g1 gc, windows-amd64)
GC Precious Log:
 CardTable entry size: 512
 Card Set container configuration: InlinePtr #cards 4 size 8 Array Of Cards #cards 32 size 80 Howl #buckets 8 coarsen threshold 7372 Howl Bitmap #cards 1024 size 144 coarsen threshold 921 Card regions per heap region 1 cards per card region 8192
 CPUs: 20 total, 20 available
 Memory: 16068M
 Large Page Support: Disabled
 NUMA Support: Disabled
 Compressed Oops: Enabled (Zero based)
 Heap Region Size: 4M
 Heap Min Capacity: 8M
 Heap Initial Capacity: 252M
 Heap Max Capacity: 8G
 Pre-touch: Disabled
 Parallel Workers: 15
 Concurrent Workers: 4
 Concurrent Refinement Workers: 15
 Periodic GC: Disabled
Heap:
 garbage-first heap   total 110592K, used 79577K [0x0000000600000000, 0x0000000800000000)
  region size 4096K, 10 young (40960K), 1 survivors (4096K)
 Metaspace       used 61008K, committed 62976K, reserved 1114112K
  class space    used 9010K, committed 9984K, reserved 1048576K
GC Heap History (20 events):
Event: 20.619 GC heap before
{Heap before GC invocations=3 (full 0):
 garbage-first heap   total 258048K, used 85241K [0x0000000600000000, 0x0000000800000000)
  region size 4096K, 21 young (86016K), 3 survivors (12288K)
 Metaspace       used 20898K, committed 21504K, reserved 1114112K
  class space    used 2898K, committed 3200K, reserved 1048576K
}
Event: 20.630 GC heap after
{Heap after GC invocations=4 (full 0):
 garbage-first heap   total 258048K, used 23670K [0x0000000600000000, 0x0000000800000000)
  region size 4096K, 4 young (16384K), 4 survivors (16384K)
 Metaspace       used 20898K, committed 21504K, reserved 1114112K
  class space    used 2898K, committed 3200K, reserved 1048576K
}
Event: 23.191 GC heap before
{Heap before GC invocations=5 (full 0):
 garbage-first heap   total 98304K, used 93302K [0x0000000600000000, 0x0000000800000000)
  region size 4096K, 21 young (86016K), 4 survivors (16384K)
 Metaspace       used 29533K, committed 30656K, reserved 1114112K
  class space    used 4292K, committed 4864K, reserved 1048576K
}
Event: 23.201 GC heap after
{Heap after GC invocations=6 (full 0):
 garbage-first heap   total 118784K, used 27406K [0x0000000600000000, 0x0000000800000000)
  region size 4096K, 2 young (8192K), 2 survivors (8192K)
 Metaspace       used 29533K, committed 30656K, reserved 1114112K
  class space    used 4292K, committed 4864K, reserved 1048576K
}
Event: 24.070 GC heap before
{Heap before GC invocations=6 (full 0):
 garbage-first heap   total 118784K, used 64270K [0x0000000600000000, 0x0000000800000000)
  region size 4096K, 12 young (49152K), 2 survivors (8192K)
 Metaspace       used 34707K, committed 35968K, reserved 1114112K
  class space    used 4952K, committed 5568K, reserved 1048576K
}
Event: 24.078 GC heap after
{Heap after GC invocations=7 (full 0):
 garbage-first heap   total 118784K, used 30476K [0x0000000600000000, 0x0000000800000000)
  region size 4096K, 2 young (8192K), 2 survivors (8192K)
 Metaspace       used 34707K, committed 35968K, reserved 1114112K
  class space    used 4952K, committed 5568K, reserved 1048576K
}
Event: 24.128 GC heap before
{Heap before GC invocations=7 (full 0):
 garbage-first heap   total 118784K, used 30476K [0x0000000600000000, 0x0000000800000000)
  region size 4096K, 3 young (12288K), 2 survivors (8192K)
 Metaspace       used 34995K, committed 36288K, reserved 1114112K
  class space    used 4987K, committed 5632K, reserved 1048576K
}
Event: 24.132 GC heap after
{Heap after GC invocations=8 (full 0):
 garbage-first heap   total 118784K, used 30118K [0x0000000600000000, 0x0000000800000000)
  region size 4096K, 2 young (8192K), 2 survivors (8192K)
 Metaspace       used 34995K, committed 36288K, reserved 1114112K
  class space    used 4987K, committed 5632K, reserved 1048576K
}
Event: 93.717 GC heap before
{Heap before GC invocations=9 (full 0):
 garbage-first heap   total 110592K, used 87462K [0x0000000600000000, 0x0000000800000000)
  region size 4096K, 16 young (65536K), 2 survivors (8192K)
 Metaspace       used 37732K, committed 39168K, reserved 1114112K
  class space    used 5447K, committed 6144K, reserved 1048576K
}
Event: 93.760 GC heap after
{Heap after GC invocations=10 (full 0):
 garbage-first heap   total 110592K, used 32158K [0x0000000600000000, 0x0000000800000000)
  region size 4096K, 2 young (8192K), 2 survivors (8192K)
 Metaspace       used 37732K, committed 39168K, reserved 1114112K
  class space    used 5447K, committed 6144K, reserved 1048576K
}
Event: 95.616 GC heap before
{Heap before GC invocations=10 (full 0):
 garbage-first heap   total 110592K, used 89502K [0x0000000600000000, 0x0000000800000000)
  region size 4096K, 16 young (65536K), 2 survivors (8192K)
 Metaspace       used 41463K, committed 43136K, reserved 1114112K
  class space    used 6063K, committed 6848K, reserved 1048576K
}
Event: 95.630 GC heap after
{Heap after GC invocations=11 (full 0):
 garbage-first heap   total 110592K, used 33604K [0x0000000600000000, 0x0000000800000000)
  region size 4096K, 2 young (8192K), 2 survivors (8192K)
 Metaspace       used 41463K, committed 43136K, reserved 1114112K
  class space    used 6063K, committed 6848K, reserved 1048576K
}
Event: 98.991 GC heap before
{Heap before GC invocations=11 (full 0):
 garbage-first heap   total 110592K, used 90948K [0x0000000600000000, 0x0000000800000000)
  region size 4096K, 16 young (65536K), 2 survivors (8192K)
 Metaspace       used 46746K, committed 48512K, reserved 1114112K
  class space    used 6910K, committed 7744K, reserved 1048576K
}
Event: 98.997 GC heap after
{Heap after GC invocations=12 (full 0):
 garbage-first heap   total 110592K, used 37140K [0x0000000600000000, 0x0000000800000000)
  region size 4096K, 2 young (8192K), 2 survivors (8192K)
 Metaspace       used 46746K, committed 48512K, reserved 1114112K
  class space    used 6910K, committed 7744K, reserved 1048576K
}
Event: 103.194 GC heap before
{Heap before GC invocations=12 (full 0):
 garbage-first heap   total 110592K, used 94484K [0x0000000600000000, 0x0000000800000000)
  region size 4096K, 16 young (65536K), 2 survivors (8192K)
 Metaspace       used 49274K, committed 51072K, reserved 1114112K
  class space    used 7328K, committed 8192K, reserved 1048576K
}
Event: 103.207 GC heap after
{Heap after GC invocations=13 (full 0):
 garbage-first heap   total 110592K, used 38749K [0x0000000600000000, 0x0000000800000000)
  region size 4096K, 2 young (8192K), 2 survivors (8192K)
 Metaspace       used 49274K, committed 51072K, reserved 1114112K
  class space    used 7328K, committed 8192K, reserved 1048576K
}
Event: 106.121 GC heap before
{Heap before GC invocations=13 (full 0):
 garbage-first heap   total 110592K, used 91997K [0x0000000600000000, 0x0000000800000000)
  region size 4096K, 15 young (61440K), 2 survivors (8192K)
 Metaspace       used 54004K, committed 55872K, reserved 1114112K
  class space    used 8032K, committed 8960K, reserved 1048576K
}
Event: 106.127 GC heap after
{Heap after GC invocations=14 (full 0):
 garbage-first heap   total 110592K, used 45242K [0x0000000600000000, 0x0000000800000000)
  region size 4096K, 2 young (8192K), 2 survivors (8192K)
 Metaspace       used 54004K, committed 55872K, reserved 1114112K
  class space    used 8032K, committed 8960K, reserved 1048576K
}
Event: 107.145 GC heap before
{Heap before GC invocations=14 (full 0):
 garbage-first heap   total 110592K, used 86202K [0x0000000600000000, 0x0000000800000000)
  region size 4096K, 13 young (53248K), 2 survivors (8192K)
 Metaspace       used 58696K, committed 60608K, reserved 1114112K
  class space    used 8664K, committed 9600K, reserved 1048576K
}
Event: 107.152 GC heap after
{Heap after GC invocations=15 (full 0):
 garbage-first heap   total 110592K, used 46809K [0x0000000600000000, 0x0000000800000000)
  region size 4096K, 1 young (4096K), 1 survivors (4096K)
 Metaspace       used 58696K, committed 60608K, reserved 1114112K
  class space    used 8664K, committed 9600K, reserved 1048576K
}

