# JRE version: OpenJDK Runtime Environment Temurin-21.0.12.1+1 (21.0.12.1+1) (build 21.0.12.1+1-LTS)
# Java VM: OpenJDK 64-Bit Server VM Temurin-21.0.12.1+1 (21.0.12.1+1-LTS, mixed mode, sharing, tiered, compressed oops, compressed class ptrs, g1 gc, windows-amd64)
GC Precious Log:
 CardTable entry size: 512
 Card Set container configuration: InlinePtr #cards 4 size 8 Array Of Cards #cards 32 size 80 Howl #buckets 8 coarsen threshold 7372 Howl Bitmap #cards 1024 size 144 coarsen threshold 921 Card regions per heap region 1 cards per card region 8192
 CPUs: 20 total, 20 available
 Memory: 16068M
 Large Page Support: Disabled
 NUMA Support: Disabled
 Compressed Oops: Enabled (Zero based)
 Heap Region Size: 4M
 Heap Min Capacity: 8M
 Heap Initial Capacity: 252M
 Heap Max Capacity: 8G
 Pre-touch: Disabled
 Parallel Workers: 15
 Concurrent Workers: 4
 Concurrent Refinement Workers: 15
 Periodic GC: Disabled
Heap:
 garbage-first heap   total 102400K, used 32105K [0x0000000600000000, 0x0000000800000000)
  region size 4096K, 2 young (8192K), 2 survivors (8192K)
 Metaspace       used 36889K, committed 38272K, reserved 1114112K
  class space    used 5307K, committed 5952K, reserved 1048576K
GC Heap History (15 events):
Event: 1.037 GC heap before
{Heap before GC invocations=0 (full 0):
 garbage-first heap   total 258048K, used 20480K [0x0000000600000000, 0x0000000800000000)
  region size 4096K, 5 young (20480K), 0 survivors (0K)
 Metaspace       used 885K, committed 1024K, reserved 1114112K
  class space    used 71K, committed 128K, reserved 1048576K
}
Event: 1.052 GC heap after
{Heap after GC invocations=1 (full 0):
 garbage-first heap   total 258048K, used 1467K [0x0000000600000000, 0x0000000800000000)
  region size 4096K, 1 young (4096K), 1 survivors (4096K)
 Metaspace       used 885K, committed 1024K, reserved 1114112K
  class space    used 71K, committed 128K, reserved 1048576K
}
Event: 3.589 GC heap before
{Heap before GC invocations=1 (full 0):
 garbage-first heap   total 258048K, used 46523K [0x0000000600000000, 0x0000000800000000)
  region size 4096K, 11 young (45056K), 1 survivors (4096K)
 Metaspace       used 4606K, committed 4800K, reserved 1114112K
  class space    used 581K, committed 704K, reserved 1048576K
}
Event: 3.594 GC heap after
{Heap after GC invocations=2 (full 0):
 garbage-first heap   total 258048K, used 11639K [0x0000000600000000, 0x0000000800000000)
  region size 4096K, 2 young (8192K), 2 survivors (8192K)
 Metaspace       used 4606K, committed 4800K, reserved 1114112K
  class space    used 581K, committed 704K, reserved 1048576K
}
Event: 7.325 GC heap before
{Heap before GC invocations=2 (full 0):
 garbage-first heap   total 258048K, used 97655K [0x0000000600000000, 0x0000000800000000)
  region size 4096K, 24 young (98304K), 2 survivors (8192K)
 Metaspace       used 13924K, committed 14336K, reserved 1114112K
  class space    used 1920K, committed 2112K, reserved 1048576K
}
Event: 7.501 GC heap after
{Heap after GC invocations=3 (full 0):
 garbage-first heap   total 258048K, used 20913K [0x0000000600000000, 0x0000000800000000)
  region size 4096K, 3 young (12288K), 3 survivors (12288K)
 Metaspace       used 13924K, committed 14336K, reserved 1114112K
  class space    used 1920K, committed 2112K, reserved 1048576K
}
Event: 15.441 GC heap before
{Heap before GC invocations=3 (full 0):
 garbage-first heap   total 258048K, used 61873K [0x0000000600000000, 0x0000000800000000)
  region size 4096K, 15 young (61440K), 3 survivors (12288K)
 Metaspace       used 20886K, committed 21504K, reserved 1114112K
  class space    used 2894K, committed 3200K, reserved 1048576K
}
Event: 15.449 GC heap after
{Heap after GC invocations=4 (full 0):
 garbage-first heap   total 258048K, used 23427K [0x0000000600000000, 0x0000000800000000)
  region size 4096K, 3 young (12288K), 3 survivors (12288K)
 Metaspace       used 20886K, committed 21504K, reserved 1114112K
  class space    used 2894K, committed 3200K, reserved 1048576K
}
Event: 17.978 GC heap before
{Heap before GC invocations=5 (full 0):
 garbage-first heap   total 81920K, used 80771K [0x0000000600000000, 0x0000000800000000)
  region size 4096K, 17 young (69632K), 3 survivors (12288K)
 Metaspace       used 27934K, committed 28928K, reserved 1114112K
  class space    used 4014K, committed 4480K, reserved 1048576K
}
Event: 17.988 GC heap after
{Heap after GC invocations=6 (full 0):
 garbage-first heap   total 102400K, used 27213K [0x0000000600000000, 0x0000000800000000)
  region size 4096K, 2 young (8192K), 2 survivors (8192K)
 Metaspace       used 27934K, committed 28928K, reserved 1114112K
  class space    used 4014K, committed 4480K, reserved 1048576K
}
Event: 19.552 GC heap before
{Heap before GC invocations=6 (full 0):
 garbage-first heap   total 102400K, used 76365K [0x0000000600000000, 0x0000000800000000)
  region size 4096K, 14 young (57344K), 2 survivors (8192K)
 Metaspace       used 34222K, committed 35520K, reserved 1114112K
  class space    used 4920K, committed 5568K, reserved 1048576K
}
Event: 19.558 GC heap after
{Heap after GC invocations=7 (full 0):
 garbage-first heap   total 102400K, used 30028K [0x0000000600000000, 0x0000000800000000)
  region size 4096K, 2 young (8192K), 2 survivors (8192K)
 Metaspace       used 34222K, committed 35520K, reserved 1114112K
  class space    used 4920K, committed 5568K, reserved 1048576K
}
Event: 19.732 GC heap before
{Heap before GC invocations=7 (full 0):
 garbage-first heap   total 102400K, used 30028K [0x0000000600000000, 0x0000000800000000)
  region size 4096K, 3 young (12288K), 2 survivors (8192K)
 Metaspace       used 34690K, committed 35968K, reserved 1114112K
  class space    used 4961K, committed 5568K, reserved 1048576K
}
Event: 19.735 GC heap after
{Heap after GC invocations=8 (full 0):
 garbage-first heap   total 102400K, used 30633K [0x0000000600000000, 0x0000000800000000)
  region size 4096K, 1 young (4096K), 1 survivors (4096K)
 Metaspace       used 34690K, committed 35968K, reserved 1114112K
  class space    used 4961K, committed 5568K, reserved 1048576K
}
Event: 86.235 GC heap before
{Heap before GC invocations=9 (full 0):
 garbage-first heap   total 102400K, used 79785K [0x0000000600000000, 0x0000000800000000)
  region size 4096K, 13 young (53248K), 1 survivors (4096K)
 Metaspace       used 36889K, committed 38272K, reserved 1114112K
  class space    used 5307K, committed 5952K, reserved 1048576K
}

