# JRE version: OpenJDK Runtime Environment Temurin-21.0.12.1+1 (21.0.12.1+1) (build 21.0.12.1+1-LTS)
# Java VM: OpenJDK 64-Bit Server VM Temurin-21.0.12.1+1 (21.0.12.1+1-LTS, mixed mode, sharing, tiered, compressed oops, compressed class ptrs, g1 gc, windows-amd64)
GC Precious Log:
 CardTable entry size: 512
 Card Set container configuration: InlinePtr #cards 4 size 8 Array Of Cards #cards 32 size 80 Howl #buckets 8 coarsen threshold 7372 Howl Bitmap #cards 1024 size 144 coarsen threshold 921 Card regions per heap region 1 cards per card region 8192
 CPUs: 20 total, 20 available
 Memory: 16068M
 Large Page Support: Disabled
 NUMA Support: Disabled
 Compressed Oops: Enabled (Zero based)
 Heap Region Size: 4M
 Heap Min Capacity: 8M
 Heap Initial Capacity: 252M
 Heap Max Capacity: 8G
 Pre-touch: Disabled
 Parallel Workers: 15
 Concurrent Workers: 4
 Concurrent Refinement Workers: 15
 Periodic GC: Disabled
Heap:
 garbage-first heap   total 102400K, used 60642K [0x0000000600000000, 0x0000000800000000)
  region size 4096K, 10 young (40960K), 2 survivors (8192K)
 Metaspace       used 40177K, committed 41792K, reserved 1114112K
  class space    used 5857K, committed 6656K, reserved 1048576K
GC Heap History (16 events):
Event: 1.161 GC heap before
{Heap before GC invocations=0 (full 0):
 garbage-first heap   total 258048K, used 20480K [0x0000000600000000, 0x0000000800000000)
  region size 4096K, 5 young (20480K), 0 survivors (0K)
 Metaspace       used 877K, committed 1024K, reserved 1114112K
  class space    used 71K, committed 128K, reserved 1048576K
}
Event: 1.171 GC heap after
{Heap after GC invocations=1 (full 0):
 garbage-first heap   total 258048K, used 1563K [0x0000000600000000, 0x0000000800000000)
  region size 4096K, 1 young (4096K), 1 survivors (4096K)
 Metaspace       used 877K, committed 1024K, reserved 1114112K
  class space    used 71K, committed 128K, reserved 1048576K
}
Event: 2.754 GC heap before
{Heap before GC invocations=1 (full 0):
 garbage-first heap   total 258048K, used 42523K [0x0000000600000000, 0x0000000800000000)
  region size 4096K, 11 young (45056K), 1 survivors (4096K)
 Metaspace       used 4589K, committed 4800K, reserved 1114112K
  class space    used 582K, committed 704K, reserved 1048576K
}
Event: 2.787 GC heap after
{Heap after GC invocations=2 (full 0):
 garbage-first heap   total 258048K, used 11607K [0x0000000600000000, 0x0000000800000000)
  region size 4096K, 2 young (8192K), 2 survivors (8192K)
 Metaspace       used 4589K, committed 4800K, reserved 1114112K
  class space    used 582K, committed 704K, reserved 1048576K
}
Event: 4.111 GC heap before
{Heap before GC invocations=2 (full 0):
 garbage-first heap   total 258048K, used 64855K [0x0000000600000000, 0x0000000800000000)
  region size 4096K, 16 young (65536K), 2 survivors (8192K)
 Metaspace       used 7353K, committed 7616K, reserved 1114112K
  class space    used 997K, committed 1088K, reserved 1048576K
}
Event: 4.121 GC heap after
{Heap after GC invocations=3 (full 0):
 garbage-first heap   total 258048K, used 18687K [0x0000000600000000, 0x0000000800000000)
  region size 4096K, 2 young (8192K), 2 survivors (8192K)
 Metaspace       used 7353K, committed 7616K, reserved 1114112K
  class space    used 997K, committed 1088K, reserved 1048576K
}
Event: 48.692 GC heap before
{Heap before GC invocations=3 (full 0):
 garbage-first heap   total 258048K, used 108799K [0x0000000600000000, 0x0000000800000000)
  region size 4096K, 25 young (102400K), 2 survivors (8192K)
 Metaspace       used 20897K, committed 21504K, reserved 1114112K
  class space    used 2888K, committed 3136K, reserved 1048576K
}
Event: 48.923 GC heap after
{Heap after GC invocations=4 (full 0):
 garbage-first heap   total 258048K, used 23413K [0x0000000600000000, 0x0000000800000000)
  region size 4096K, 3 young (12288K), 3 survivors (12288K)
 Metaspace       used 20897K, committed 21504K, reserved 1114112K
  class space    used 2888K, committed 3136K, reserved 1048576K
}
Event: 53.676 GC heap before
{Heap before GC invocations=5 (full 0):
 garbage-first heap   total 81920K, used 80757K [0x0000000600000000, 0x0000000800000000)
  region size 4096K, 17 young (69632K), 3 survivors (12288K)
 Metaspace       used 28058K, committed 28992K, reserved 1114112K
  class space    used 4020K, committed 4480K, reserved 1048576K
}
Event: 53.686 GC heap after
{Heap after GC invocations=6 (full 0):
 garbage-first heap   total 102400K, used 26928K [0x0000000600000000, 0x0000000800000000)
  region size 4096K, 3 young (12288K), 3 survivors (12288K)
 Metaspace       used 28058K, committed 28992K, reserved 1114112K
  class space    used 4020K, committed 4480K, reserved 1048576K
}
Event: 55.387 GC heap before
{Heap before GC invocations=6 (full 0):
 garbage-first heap   total 102400K, used 71984K [0x0000000600000000, 0x0000000800000000)
  region size 4096K, 15 young (61440K), 3 survivors (12288K)
 Metaspace       used 34346K, committed 35712K, reserved 1114112K
  class space    used 4925K, committed 5568K, reserved 1048576K
}
Event: 55.396 GC heap after
{Heap after GC invocations=7 (full 0):
 garbage-first heap   total 102400K, used 29943K [0x0000000600000000, 0x0000000800000000)
  region size 4096K, 2 young (8192K), 2 survivors (8192K)
 Metaspace       used 34346K, committed 35712K, reserved 1114112K
  class space    used 4925K, committed 5568K, reserved 1048576K
}
Event: 55.486 GC heap before
{Heap before GC invocations=7 (full 0):
 garbage-first heap   total 102400K, used 29943K [0x0000000600000000, 0x0000000800000000)
  region size 4096K, 3 young (12288K), 2 survivors (8192K)
 Metaspace       used 34715K, committed 35968K, reserved 1114112K
  class space    used 4962K, committed 5568K, reserved 1048576K
}
Event: 55.491 GC heap after
{Heap after GC invocations=8 (full 0):
 garbage-first heap   total 102400K, used 30717K [0x0000000600000000, 0x0000000800000000)
  region size 4096K, 1 young (4096K), 1 survivors (4096K)
 Metaspace       used 34715K, committed 35968K, reserved 1114112K
  class space    used 4962K, committed 5568K, reserved 1048576K
}
Event: 119.040 GC heap before
{Heap before GC invocations=9 (full 0):
 garbage-first heap   total 102400K, used 79869K [0x0000000600000000, 0x0000000800000000)
  region size 4096K, 13 young (53248K), 1 survivors (4096K)
 Metaspace       used 36947K, committed 38400K, reserved 1114112K
  class space    used 5317K, committed 6016K, reserved 1048576K
}
Event: 119.087 GC heap after
{Heap after GC invocations=10 (full 0):
 garbage-first heap   total 102400K, used 31970K [0x0000000600000000, 0x0000000800000000)
  region size 4096K, 2 young (8192K), 2 survivors (8192K)
 Metaspace       used 36947K, committed 38400K, reserved 1114112K
  class space    used 5317K, committed 6016K, reserved 1048576K
}

