# JRE version: OpenJDK Runtime Environment Temurin-21.0.12.1+1 (21.0.12.1+1) (build 21.0.12.1+1-LTS)
# Java VM: OpenJDK 64-Bit Server VM Temurin-21.0.12.1+1 (21.0.12.1+1-LTS, mixed mode, sharing, tiered, compressed oops, compressed class ptrs, g1 gc, windows-amd64)
GC Precious Log:
 CardTable entry size: 512
 Card Set container configuration: InlinePtr #cards 4 size 8 Array Of Cards #cards 32 size 80 Howl #buckets 8 coarsen threshold 7372 Howl Bitmap #cards 1024 size 144 coarsen threshold 921 Card regions per heap region 1 cards per card region 8192
 CPUs: 20 total, 20 available
 Memory: 16068M
 Large Page Support: Disabled
 NUMA Support: Disabled
 Compressed Oops: Enabled (Zero based)
 Heap Region Size: 4M
 Heap Min Capacity: 8M
 Heap Initial Capacity: 252M
 Heap Max Capacity: 8G
 Pre-touch: Disabled
 Parallel Workers: 15
 Concurrent Workers: 4
 Concurrent Refinement Workers: 15
 Periodic GC: Disabled
Heap:
 garbage-first heap   total 159744K, used 52628K [0x0000000600000000, 0x0000000800000000)
  region size 4096K, 9 young (36864K), 2 survivors (8192K)
 Metaspace       used 38135K, committed 39616K, reserved 1114112K
  class space    used 5509K, committed 6208K, reserved 1048576K
GC Heap History (16 events):
Event: 0.437 GC heap before
{Heap before GC invocations=0 (full 0):
 garbage-first heap   total 258048K, used 20480K [0x0000000600000000, 0x0000000800000000)
  region size 4096K, 5 young (20480K), 0 survivors (0K)
 Metaspace       used 881K, committed 1024K, reserved 1114112K
  class space    used 71K, committed 128K, reserved 1048576K
}
Event: 0.440 GC heap after
{Heap after GC invocations=1 (full 0):
 garbage-first heap   total 258048K, used 1680K [0x0000000600000000, 0x0000000800000000)
  region size 4096K, 1 young (4096K), 1 survivors (4096K)
 Metaspace       used 881K, committed 1024K, reserved 1114112K
  class space    used 71K, committed 128K, reserved 1048576K
}
Event: 1.340 GC heap before
{Heap before GC invocations=1 (full 0):
 garbage-first heap   total 258048K, used 42640K [0x0000000600000000, 0x0000000800000000)
  region size 4096K, 11 young (45056K), 1 survivors (4096K)
 Metaspace       used 4591K, committed 4800K, reserved 1114112K
  class space    used 583K, committed 704K, reserved 1048576K
}
Event: 1.424 GC heap after
{Heap after GC invocations=2 (full 0):
 garbage-first heap   total 258048K, used 11526K [0x0000000600000000, 0x0000000800000000)
  region size 4096K, 2 young (8192K), 2 survivors (8192K)
 Metaspace       used 4591K, committed 4800K, reserved 1114112K
  class space    used 583K, committed 704K, reserved 1048576K
}
Event: 2.608 GC heap before
{Heap before GC invocations=2 (full 0):
 garbage-first heap   total 258048K, used 56582K [0x0000000600000000, 0x0000000800000000)
  region size 4096K, 13 young (53248K), 2 survivors (8192K)
 Metaspace       used 4862K, committed 5056K, reserved 1114112K
  class space    used 629K, committed 704K, reserved 1048576K
}
Event: 2.668 GC heap after
{Heap after GC invocations=3 (full 0):
 garbage-first heap   total 258048K, used 16648K [0x0000000600000000, 0x0000000800000000)
  region size 4096K, 2 young (8192K), 2 survivors (8192K)
 Metaspace       used 4862K, committed 5056K, reserved 1114112K
  class space    used 629K, committed 704K, reserved 1048576K
}
Event: 38.159 GC heap before
{Heap before GC invocations=3 (full 0):
 garbage-first heap   total 258048K, used 110856K [0x0000000600000000, 0x0000000800000000)
  region size 4096K, 27 young (110592K), 2 survivors (8192K)
 Metaspace       used 20890K, committed 21504K, reserved 1114112K
  class space    used 2886K, committed 3200K, reserved 1048576K
}
Event: 38.243 GC heap after
{Heap after GC invocations=4 (full 0):
 garbage-first heap   total 258048K, used 23489K [0x0000000600000000, 0x0000000800000000)
  region size 4096K, 3 young (12288K), 3 survivors (12288K)
 Metaspace       used 20890K, committed 21504K, reserved 1114112K
  class space    used 2886K, committed 3200K, reserved 1048576K
}
Event: 41.134 GC heap before
{Heap before GC invocations=5 (full 0):
 garbage-first heap   total 81920K, used 76737K [0x0000000600000000, 0x0000000800000000)
  region size 4096K, 17 young (69632K), 3 survivors (12288K)
 Metaspace       used 27997K, committed 28992K, reserved 1114112K
  class space    used 4013K, committed 4480K, reserved 1048576K
}
Event: 41.154 GC heap after
{Heap after GC invocations=6 (full 0):
 garbage-first heap   total 102400K, used 26991K [0x0000000600000000, 0x0000000800000000)
  region size 4096K, 3 young (12288K), 3 survivors (12288K)
 Metaspace       used 27997K, committed 28992K, reserved 1114112K
  class space    used 4013K, committed 4480K, reserved 1048576K
}
Event: 43.102 GC heap before
{Heap before GC invocations=6 (full 0):
 garbage-first heap   total 102400K, used 72047K [0x0000000600000000, 0x0000000800000000)
  region size 4096K, 15 young (61440K), 3 survivors (12288K)
 Metaspace       used 34281K, committed 35648K, reserved 1114112K
  class space    used 4920K, committed 5568K, reserved 1048576K
}
Event: 43.110 GC heap after
{Heap after GC invocations=7 (full 0):
 garbage-first heap   total 102400K, used 29561K [0x0000000600000000, 0x0000000800000000)
  region size 4096K, 2 young (8192K), 2 survivors (8192K)
 Metaspace       used 34281K, committed 35648K, reserved 1114112K
  class space    used 4920K, committed 5568K, reserved 1048576K
}
Event: 43.215 GC heap before
{Heap before GC invocations=7 (full 0):
 garbage-first heap   total 102400K, used 29561K [0x0000000600000000, 0x0000000800000000)
  region size 4096K, 3 young (12288K), 2 survivors (8192K)
 Metaspace       used 34637K, committed 35968K, reserved 1114112K
  class space    used 4955K, committed 5632K, reserved 1048576K
}
Event: 43.219 GC heap after
{Heap after GC invocations=8 (full 0):
 garbage-first heap   total 102400K, used 30555K [0x0000000600000000, 0x0000000800000000)
  region size 4096K, 1 young (4096K), 1 survivors (4096K)
 Metaspace       used 34637K, committed 35968K, reserved 1114112K
  class space    used 4955K, committed 5632K, reserved 1048576K
}
Event: 82.355 GC heap before
{Heap before GC invocations=9 (full 0):
 garbage-first heap   total 102400K, used 79707K [0x0000000600000000, 0x0000000800000000)
  region size 4096K, 13 young (53248K), 1 survivors (4096K)
 Metaspace       used 36853K, committed 38272K, reserved 1114112K
  class space    used 5290K, committed 5952K, reserved 1048576K
}
Event: 82.378 GC heap after
{Heap after GC invocations=10 (full 0):
 garbage-first heap   total 159744K, used 32148K [0x0000000600000000, 0x0000000800000000)
  region size 4096K, 2 young (8192K), 2 survivors (8192K)
 Metaspace       used 36853K, committed 38272K, reserved 1114112K
  class space    used 5290K, committed 5952K, reserved 1048576K
}

