# JRE version: OpenJDK Runtime Environment Temurin-21.0.12.1+1 (21.0.12.1+1) (build 21.0.12.1+1-LTS)
# Java VM: OpenJDK 64-Bit Server VM Temurin-21.0.12.1+1 (21.0.12.1+1-LTS, mixed mode, sharing, tiered, compressed oops, compressed class ptrs, g1 gc, windows-amd64)
GC Precious Log:
 CardTable entry size: 512
 Card Set container configuration: InlinePtr #cards 4 size 8 Array Of Cards #cards 32 size 80 Howl #buckets 8 coarsen threshold 7372 Howl Bitmap #cards 1024 size 144 coarsen threshold 921 Card regions per heap region 1 cards per card region 8192
 CPUs: 20 total, 20 available
 Memory: 16068M
 Large Page Support: Disabled
 NUMA Support: Disabled
 Compressed Oops: Enabled (Zero based)
 Heap Region Size: 4M
 Heap Min Capacity: 8M
 Heap Initial Capacity: 252M
 Heap Max Capacity: 8G
 Pre-touch: Disabled
 Parallel Workers: 15
 Concurrent Workers: 4
 Concurrent Refinement Workers: 15
 Periodic GC: Disabled
Heap:
 garbage-first heap   total 122880K, used 55781K [0x0000000600000000, 0x0000000800000000)
  region size 4096K, 2 young (8192K), 1 survivors (4096K)
 Metaspace       used 67321K, committed 69376K, reserved 1114112K
  class space    used 9914K, committed 10944K, reserved 1048576K
GC Heap History (20 events):
Event: 145.124 GC heap before
{Heap before GC invocations=9 (full 0):
 garbage-first heap   total 102400K, used 84753K [0x0000000600000000, 0x0000000800000000)
  region size 4096K, 14 young (57344K), 1 survivors (4096K)
 Metaspace       used 36986K, committed 38400K, reserved 1114112K
  class space    used 5318K, committed 6016K, reserved 1048576K
}
Event: 145.217 GC heap after
{Heap after GC invocations=10 (full 0):
 garbage-first heap   total 102400K, used 33153K [0x0000000600000000, 0x0000000800000000)
  region size 4096K, 2 young (8192K), 2 survivors (8192K)
 Metaspace       used 36986K, committed 38400K, reserved 1114112K
  class space    used 5318K, committed 6016K, reserved 1048576K
}
Event: 179.392 GC heap before
{Heap before GC invocations=10 (full 0):
 garbage-first heap   total 102400K, used 82305K [0x0000000600000000, 0x0000000800000000)
  region size 4096K, 14 young (57344K), 2 survivors (8192K)
 Metaspace       used 40506K, committed 42112K, reserved 1114112K
  class space    used 5906K, committed 6656K, reserved 1048576K
}
Event: 179.450 GC heap after
{Heap after GC invocations=11 (full 0):
 garbage-first heap   total 102400K, used 33969K [0x0000000600000000, 0x0000000800000000)
  region size 4096K, 1 young (4096K), 1 survivors (4096K)
 Metaspace       used 40506K, committed 42112K, reserved 1114112K
  class space    used 5906K, committed 6656K, reserved 1048576K
}
Event: 185.494 GC heap before
{Heap before GC invocations=11 (full 0):
 garbage-first heap   total 102400K, used 87217K [0x0000000600000000, 0x0000000800000000)
  region size 4096K, 14 young (57344K), 1 survivors (4096K)
 Metaspace       used 44943K, committed 46656K, reserved 1114112K
  class space    used 6639K, committed 7488K, reserved 1048576K
}
Event: 185.503 GC heap after
{Heap after GC invocations=12 (full 0):
 garbage-first heap   total 102400K, used 35706K [0x0000000600000000, 0x0000000800000000)
  region size 4096K, 2 young (8192K), 2 survivors (8192K)
 Metaspace       used 44943K, committed 46656K, reserved 1114112K
  class space    used 6639K, committed 7488K, reserved 1048576K
}
Event: 193.220 GC heap before
{Heap before GC invocations=12 (full 0):
 garbage-first heap   total 102400K, used 84858K [0x0000000600000000, 0x0000000800000000)
  region size 4096K, 14 young (57344K), 2 survivors (8192K)
 Metaspace       used 47679K, committed 49408K, reserved 1114112K
  class space    used 7044K, committed 7936K, reserved 1048576K
}
Event: 193.237 GC heap after
{Heap after GC invocations=13 (full 0):
 garbage-first heap   total 102400K, used 41025K [0x0000000600000000, 0x0000000800000000)
  region size 4096K, 2 young (8192K), 2 survivors (8192K)
 Metaspace       used 47679K, committed 49408K, reserved 1114112K
  class space    used 7044K, committed 7936K, reserved 1048576K
}
Event: 194.370 GC heap before
{Heap before GC invocations=13 (full 0):
 garbage-first heap   total 102400K, used 86081K [0x0000000600000000, 0x0000000800000000)
  region size 4096K, 13 young (53248K), 2 survivors (8192K)
 Metaspace       used 50519K, committed 52352K, reserved 1114112K
  class space    used 7534K, committed 8448K, reserved 1048576K
}
Event: 194.386 GC heap after
{Heap after GC invocations=14 (full 0):
 garbage-first heap   total 102400K, used 41649K [0x0000000600000000, 0x0000000800000000)
  region size 4096K, 1 young (4096K), 1 survivors (4096K)
 Metaspace       used 50519K, committed 52352K, reserved 1114112K
  class space    used 7534K, committed 8448K, reserved 1048576K
}
Event: 196.796 GC heap before
{Heap before GC invocations=14 (full 0):
 garbage-first heap   total 102400K, used 82609K [0x0000000600000000, 0x0000000800000000)
  region size 4096K, 12 young (49152K), 1 survivors (4096K)
 Metaspace       used 54682K, committed 56576K, reserved 1114112K
  class space    used 8100K, committed 9024K, reserved 1048576K
}
Event: 196.803 GC heap after
{Heap after GC invocations=15 (full 0):
 garbage-first heap   total 102400K, used 46595K [0x0000000600000000, 0x0000000800000000)
  region size 4096K, 2 young (8192K), 2 survivors (8192K)
 Metaspace       used 54682K, committed 56576K, reserved 1114112K
  class space    used 8100K, committed 9024K, reserved 1048576K
}
Event: 197.997 GC heap before
{Heap before GC invocations=15 (full 0):
 garbage-first heap   total 102400K, used 75267K [0x0000000600000000, 0x0000000800000000)
  region size 4096K, 10 young (40960K), 2 survivors (8192K)
 Metaspace       used 58257K, committed 60160K, reserved 1114112K
  class space    used 8587K, committed 9536K, reserved 1048576K
}
Event: 198.003 GC heap after
{Heap after GC invocations=16 (full 0):
 garbage-first heap   total 102400K, used 50247K [0x0000000600000000, 0x0000000800000000)
  region size 4096K, 1 young (4096K), 1 survivors (4096K)
 Metaspace       used 58257K, committed 60160K, reserved 1114112K
  class space    used 8587K, committed 9536K, reserved 1048576K
}
Event: 199.429 GC heap before
{Heap before GC invocations=17 (full 0):
 garbage-first heap   total 102400K, used 87111K [0x0000000600000000, 0x0000000800000000)
  region size 4096K, 10 young (40960K), 1 survivors (4096K)
 Metaspace       used 60613K, committed 62592K, reserved 1114112K
  class space    used 8935K, committed 9920K, reserved 1048576K
}
Event: 199.433 GC heap after
{Heap after GC invocations=18 (full 0):
 garbage-first heap   total 122880K, used 51064K [0x0000000600000000, 0x0000000800000000)
  region size 4096K, 1 young (4096K), 1 survivors (4096K)
 Metaspace       used 60613K, committed 62592K, reserved 1114112K
  class space    used 8935K, committed 9920K, reserved 1048576K
}
Event: 201.826 GC heap before
{Heap before GC invocations=18 (full 0):
 garbage-first heap   total 122880K, used 108408K [0x0000000600000000, 0x0000000800000000)
  region size 4096K, 15 young (61440K), 1 survivors (4096K)
 Metaspace       used 64175K, committed 66176K, reserved 1114112K
  class space    used 9449K, committed 10432K, reserved 1048576K
}
Event: 201.832 GC heap after
{Heap after GC invocations=19 (full 0):
 garbage-first heap   total 122880K, used 55357K [0x0000000600000000, 0x0000000800000000)
  region size 4096K, 2 young (8192K), 2 survivors (8192K)
 Metaspace       used 64175K, committed 66176K, reserved 1114112K
  class space    used 9449K, committed 10432K, reserved 1048576K
}
Event: 247.239 GC heap before
{Heap before GC invocations=19 (full 0):
 garbage-first heap   total 122880K, used 108605K [0x0000000600000000, 0x0000000800000000)
  region size 4096K, 15 young (61440K), 2 survivors (8192K)
 Metaspace       used 67310K, committed 69376K, reserved 1114112K
  class space    used 9914K, committed 10944K, reserved 1048576K
}
Event: 247.282 GC heap after
{Heap after GC invocations=20 (full 0):
 garbage-first heap   total 122880K, used 55781K [0x0000000600000000, 0x0000000800000000)
  region size 4096K, 1 young (4096K), 1 survivors (4096K)
 Metaspace       used 67310K, committed 69376K, reserved 1114112K
  class space    used 9914K, committed 10944K, reserved 1048576K
}

