# JRE version: OpenJDK Runtime Environment Temurin-21.0.12.1+1 (21.0.12.1+1) (build 21.0.12.1+1-LTS)
# Java VM: OpenJDK 64-Bit Server VM Temurin-21.0.12.1+1 (21.0.12.1+1-LTS, mixed mode, sharing, tiered, compressed oops, compressed class ptrs, g1 gc, windows-amd64)
GC Precious Log:
 CardTable entry size: 512
 Card Set container configuration: InlinePtr #cards 4 size 8 Array Of Cards #cards 32 size 80 Howl #buckets 8 coarsen threshold 7372 Howl Bitmap #cards 1024 size 144 coarsen threshold 921 Card regions per heap region 1 cards per card region 8192
 CPUs: 20 total, 20 available
 Memory: 16068M
 Large Page Support: Disabled
 NUMA Support: Disabled
 Compressed Oops: Enabled (Zero based)
 Heap Region Size: 4M
 Heap Min Capacity: 8M
 Heap Initial Capacity: 252M
 Heap Max Capacity: 8G
 Pre-touch: Disabled
 Parallel Workers: 15
 Concurrent Workers: 4
 Concurrent Refinement Workers: 15
 Periodic GC: Disabled
Heap:
 garbage-first heap   total 110592K, used 79869K [0x0000000600000000, 0x0000000800000000)
  region size 4096K, 14 young (57344K), 1 survivors (4096K)
 Metaspace       used 36927K, committed 38400K, reserved 1114112K
  class space    used 5308K, committed 6016K, reserved 1048576K
GC Heap History (14 events):
Event: 0.975 GC heap before
{Heap before GC invocations=0 (full 0):
 garbage-first heap   total 258048K, used 20480K [0x0000000600000000, 0x0000000800000000)
  region size 4096K, 5 young (20480K), 0 survivors (0K)
 Metaspace       used 876K, committed 1024K, reserved 1114112K
  class space    used 71K, committed 128K, reserved 1048576K
}
Event: 0.995 GC heap after
{Heap after GC invocations=1 (full 0):
 garbage-first heap   total 258048K, used 1440K [0x0000000600000000, 0x0000000800000000)
  region size 4096K, 1 young (4096K), 1 survivors (4096K)
 Metaspace       used 876K, committed 1024K, reserved 1114112K
  class space    used 71K, committed 128K, reserved 1048576K
}
Event: 2.499 GC heap before
{Heap before GC invocations=1 (full 0):
 garbage-first heap   total 258048K, used 42400K [0x0000000600000000, 0x0000000800000000)
  region size 4096K, 11 young (45056K), 1 survivors (4096K)
 Metaspace       used 4604K, committed 4800K, reserved 1114112K
  class space    used 585K, committed 704K, reserved 1048576K
}
Event: 2.505 GC heap after
{Heap after GC invocations=2 (full 0):
 garbage-first heap   total 258048K, used 11523K [0x0000000600000000, 0x0000000800000000)
  region size 4096K, 2 young (8192K), 2 survivors (8192K)
 Metaspace       used 4604K, committed 4800K, reserved 1114112K
  class space    used 585K, committed 704K, reserved 1048576K
}
Event: 5.016 GC heap before
{Heap before GC invocations=2 (full 0):
 garbage-first heap   total 258048K, used 77059K [0x0000000600000000, 0x0000000800000000)
  region size 4096K, 19 young (77824K), 2 survivors (8192K)
 Metaspace       used 10401K, committed 10688K, reserved 1114112K
  class space    used 1407K, committed 1536K, reserved 1048576K
}
Event: 5.052 GC heap after
{Heap after GC invocations=3 (full 0):
 garbage-first heap   total 258048K, used 19662K [0x0000000600000000, 0x0000000800000000)
  region size 4096K, 3 young (12288K), 3 survivors (12288K)
 Metaspace       used 10401K, committed 10688K, reserved 1114112K
  class space    used 1407K, committed 1536K, reserved 1048576K
}
Event: 9.947 GC heap before
{Heap before GC invocations=3 (full 0):
 garbage-first heap   total 258048K, used 85198K [0x0000000600000000, 0x0000000800000000)
  region size 4096K, 21 young (86016K), 3 survivors (12288K)
 Metaspace       used 20884K, committed 21504K, reserved 1114112K
  class space    used 2901K, committed 3200K, reserved 1048576K
}
Event: 9.957 GC heap after
{Heap after GC invocations=4 (full 0):
 garbage-first heap   total 258048K, used 23596K [0x0000000600000000, 0x0000000800000000)
  region size 4096K, 4 young (16384K), 4 survivors (16384K)
 Metaspace       used 20884K, committed 21504K, reserved 1114112K
  class space    used 2901K, committed 3200K, reserved 1048576K
}
Event: 12.486 GC heap before
{Heap before GC invocations=5 (full 0):
 garbage-first heap   total 98304K, used 93228K [0x0000000600000000, 0x0000000800000000)
  region size 4096K, 21 young (86016K), 4 survivors (16384K)
 Metaspace       used 29597K, committed 30720K, reserved 1114112K
  class space    used 4297K, committed 4864K, reserved 1048576K
}
Event: 12.495 GC heap after
{Heap after GC invocations=6 (full 0):
 garbage-first heap   total 114688K, used 27516K [0x0000000600000000, 0x0000000800000000)
  region size 4096K, 2 young (8192K), 2 survivors (8192K)
 Metaspace       used 29597K, committed 30720K, reserved 1114112K
  class space    used 4297K, committed 4864K, reserved 1048576K
}
Event: 13.783 GC heap before
{Heap before GC invocations=6 (full 0):
 garbage-first heap   total 114688K, used 64380K [0x0000000600000000, 0x0000000800000000)
  region size 4096K, 12 young (49152K), 2 survivors (8192K)
 Metaspace       used 34709K, committed 35968K, reserved 1114112K
  class space    used 4955K, committed 5568K, reserved 1048576K
}
Event: 13.788 GC heap after
{Heap after GC invocations=7 (full 0):
 garbage-first heap   total 114688K, used 30280K [0x0000000600000000, 0x0000000800000000)
  region size 4096K, 2 young (8192K), 2 survivors (8192K)
 Metaspace       used 34709K, committed 35968K, reserved 1114112K
  class space    used 4955K, committed 5568K, reserved 1048576K
}
Event: 13.850 GC heap before
{Heap before GC invocations=7 (full 0):
 garbage-first heap   total 114688K, used 30280K [0x0000000600000000, 0x0000000800000000)
  region size 4096K, 3 young (12288K), 2 survivors (8192K)
 Metaspace       used 34949K, committed 36288K, reserved 1114112K
  class space    used 4986K, committed 5632K, reserved 1048576K
}
Event: 13.854 GC heap after
{Heap after GC invocations=8 (full 0):
 garbage-first heap   total 114688K, used 30717K [0x0000000600000000, 0x0000000800000000)
  region size 4096K, 1 young (4096K), 1 survivors (4096K)
 Metaspace       used 34949K, committed 36288K, reserved 1114112K
  class space    used 4986K, committed 5632K, reserved 1048576K
}

