# JRE version: OpenJDK Runtime Environment Temurin-21.0.12.1+1 (21.0.12.1+1) (build 21.0.12.1+1-LTS)
# Java VM: OpenJDK 64-Bit Server VM Temurin-21.0.12.1+1 (21.0.12.1+1-LTS, mixed mode, sharing, tiered, compressed oops, compressed class ptrs, g1 gc, windows-amd64)
GC Precious Log:
 CardTable entry size: 512
 Card Set container configuration: InlinePtr #cards 4 size 8 Array Of Cards #cards 32 size 80 Howl #buckets 8 coarsen threshold 7372 Howl Bitmap #cards 1024 size 144 coarsen threshold 921 Card regions per heap region 1 cards per card region 8192
 CPUs: 20 total, 20 available
 Memory: 16068M
 Large Page Support: Disabled
 NUMA Support: Disabled
 Compressed Oops: Enabled (Zero based)
 Heap Region Size: 4M
 Heap Min Capacity: 8M
 Heap Initial Capacity: 252M
 Heap Max Capacity: 8G
 Pre-touch: Disabled
 Parallel Workers: 15
 Concurrent Workers: 4
 Concurrent Refinement Workers: 15
 Periodic GC: Disabled
Heap:
 garbage-first heap   total 102400K, used 63359K [0x0000000600000000, 0x0000000800000000)
  region size 4096K, 4 young (16384K), 1 survivors (4096K)
 Metaspace       used 68179K, committed 70272K, reserved 1114112K
  class space    used 10058K, committed 11072K, reserved 1048576K
GC Heap History (20 events):
Event: 374.856 GC heap before
{Heap before GC invocations=11 (full 0):
 garbage-first heap   total 102400K, used 82275K [0x0000000600000000, 0x0000000800000000)
  region size 4096K, 13 young (53248K), 1 survivors (4096K)
 Metaspace       used 41736K, committed 43392K, reserved 1114112K
  class space    used 6054K, committed 6848K, reserved 1048576K
}
Event: 374.866 GC heap after
{Heap after GC invocations=12 (full 0):
 garbage-first heap   total 102400K, used 34453K [0x0000000600000000, 0x0000000800000000)
  region size 4096K, 2 young (8192K), 2 survivors (8192K)
 Metaspace       used 41736K, committed 43392K, reserved 1114112K
  class space    used 6054K, committed 6848K, reserved 1048576K
}
Event: 377.668 GC heap before
{Heap before GC invocations=12 (full 0):
 garbage-first heap   total 102400K, used 83605K [0x0000000600000000, 0x0000000800000000)
  region size 4096K, 14 young (57344K), 2 survivors (8192K)
 Metaspace       used 45627K, committed 47360K, reserved 1114112K
  class space    used 6715K, committed 7552K, reserved 1048576K
}
Event: 377.680 GC heap after
{Heap after GC invocations=13 (full 0):
 garbage-first heap   total 102400K, used 36228K [0x0000000600000000, 0x0000000800000000)
  region size 4096K, 2 young (8192K), 2 survivors (8192K)
 Metaspace       used 45627K, committed 47360K, reserved 1114112K
  class space    used 6715K, committed 7552K, reserved 1048576K
}
Event: 381.898 GC heap before
{Heap before GC invocations=13 (full 0):
 garbage-first heap   total 102400K, used 85380K [0x0000000600000000, 0x0000000800000000)
  region size 4096K, 14 young (57344K), 2 survivors (8192K)
 Metaspace       used 48784K, committed 50496K, reserved 1114112K
  class space    used 7218K, committed 8064K, reserved 1048576K
}
Event: 381.917 GC heap after
{Heap after GC invocations=14 (full 0):
 garbage-first heap   total 102400K, used 41120K [0x0000000600000000, 0x0000000800000000)
  region size 4096K, 2 young (8192K), 2 survivors (8192K)
 Metaspace       used 48784K, committed 50496K, reserved 1114112K
  class space    used 7218K, committed 8064K, reserved 1048576K
}
Event: 382.672 GC heap before
{Heap before GC invocations=14 (full 0):
 garbage-first heap   total 102400K, used 82080K [0x0000000600000000, 0x0000000800000000)
  region size 4096K, 13 young (53248K), 2 survivors (8192K)
 Metaspace       used 50978K, committed 52864K, reserved 1114112K
  class space    used 7578K, committed 8512K, reserved 1048576K
}
Event: 382.683 GC heap after
{Heap after GC invocations=15 (full 0):
 garbage-first heap   total 102400K, used 41455K [0x0000000600000000, 0x0000000800000000)
  region size 4096K, 1 young (4096K), 1 survivors (4096K)
 Metaspace       used 50978K, committed 52864K, reserved 1114112K
  class space    used 7578K, committed 8512K, reserved 1048576K
}
Event: 387.820 GC heap before
{Heap before GC invocations=15 (full 0):
 garbage-first heap   total 102400K, used 82415K [0x0000000600000000, 0x0000000800000000)
  region size 4096K, 12 young (49152K), 1 survivors (4096K)
 Metaspace       used 55007K, committed 56896K, reserved 1114112K
  class space    used 8167K, committed 9088K, reserved 1048576K
}
Event: 387.823 GC heap after
{Heap after GC invocations=16 (full 0):
 garbage-first heap   total 102400K, used 46657K [0x0000000600000000, 0x0000000800000000)
  region size 4096K, 2 young (8192K), 2 survivors (8192K)
 Metaspace       used 55007K, committed 56896K, reserved 1114112K
  class space    used 8167K, committed 9088K, reserved 1048576K
}
Event: 388.402 GC heap before
{Heap before GC invocations=16 (full 0):
 garbage-first heap   total 102400K, used 71233K [0x0000000600000000, 0x0000000800000000)
  region size 4096K, 9 young (36864K), 2 survivors (8192K)
 Metaspace       used 58173K, committed 60096K, reserved 1114112K
  class space    used 8562K, committed 9472K, reserved 1048576K
}
Event: 388.411 GC heap after
{Heap after GC invocations=17 (full 0):
 garbage-first heap   total 102400K, used 49391K [0x0000000600000000, 0x0000000800000000)
  region size 4096K, 1 young (4096K), 1 survivors (4096K)
 Metaspace       used 58173K, committed 60096K, reserved 1114112K
  class space    used 8562K, committed 9472K, reserved 1048576K
}
Event: 389.071 GC heap before
{Heap before GC invocations=18 (full 0):
 garbage-first heap   total 102400K, used 86255K [0x0000000600000000, 0x0000000800000000)
  region size 4096K, 10 young (40960K), 1 survivors (4096K)
 Metaspace       used 60685K, committed 62592K, reserved 1114112K
  class space    used 8965K, committed 9920K, reserved 1048576K
}
Event: 389.073 GC heap after
{Heap after GC invocations=19 (full 0):
 garbage-first heap   total 102400K, used 50410K [0x0000000600000000, 0x0000000800000000)
  region size 4096K, 1 young (4096K), 1 survivors (4096K)
 Metaspace       used 60685K, committed 62592K, reserved 1114112K
  class space    used 8965K, committed 9920K, reserved 1048576K
}
Event: 389.642 GC heap before
{Heap before GC invocations=19 (full 0):
 garbage-first heap   total 102400K, used 87274K [0x0000000600000000, 0x0000000800000000)
  region size 4096K, 10 young (40960K), 1 survivors (4096K)
 Metaspace       used 63059K, committed 65088K, reserved 1114112K
  class space    used 9301K, committed 10304K, reserved 1048576K
}
Event: 389.646 GC heap after
{Heap after GC invocations=20 (full 0):
 garbage-first heap   total 102400K, used 51049K [0x0000000600000000, 0x0000000800000000)
  region size 4096K, 1 young (4096K), 1 survivors (4096K)
 Metaspace       used 63059K, committed 65088K, reserved 1114112K
  class space    used 9301K, committed 10304K, reserved 1048576K
}
Event: 391.106 GC heap before
{Heap before GC invocations=20 (full 0):
 garbage-first heap   total 102400K, used 92009K [0x0000000600000000, 0x0000000800000000)
  region size 4096K, 11 young (45056K), 1 survivors (4096K)
 Metaspace       used 65133K, committed 67072K, reserved 1114112K
  class space    used 9599K, committed 10560K, reserved 1048576K
}
Event: 391.112 GC heap after
{Heap after GC invocations=21 (full 0):
 garbage-first heap   total 102400K, used 55629K [0x0000000600000000, 0x0000000800000000)
  region size 4096K, 2 young (8192K), 2 survivors (8192K)
 Metaspace       used 65133K, committed 67072K, reserved 1114112K
  class space    used 9599K, committed 10560K, reserved 1048576K
}
Event: 392.421 GC heap before
{Heap before GC invocations=22 (full 0):
 garbage-first heap   total 102400K, used 88397K [0x0000000600000000, 0x0000000800000000)
  region size 4096K, 10 young (40960K), 2 survivors (8192K)
 Metaspace       used 67454K, committed 69504K, reserved 1114112K
  class space    used 9925K, committed 10944K, reserved 1048576K
}
Event: 392.425 GC heap after
{Heap after GC invocations=23 (full 0):
 garbage-first heap   total 102400K, used 55167K [0x0000000600000000, 0x0000000800000000)
  region size 4096K, 1 young (4096K), 1 survivors (4096K)
 Metaspace       used 67454K, committed 69504K, reserved 1114112K
  class space    used 9925K, committed 10944K, reserved 1048576K
}

