# JRE version: OpenJDK Runtime Environment Temurin-21.0.12.1+1 (21.0.12.1+1) (build 21.0.12.1+1-LTS)
# Java VM: OpenJDK 64-Bit Server VM Temurin-21.0.12.1+1 (21.0.12.1+1-LTS, mixed mode, sharing, tiered, compressed oops, compressed class ptrs, g1 gc, windows-amd64)
GC Precious Log:
 CardTable entry size: 512
 Card Set container configuration: InlinePtr #cards 4 size 8 Array Of Cards #cards 32 size 80 Howl #buckets 8 coarsen threshold 7372 Howl Bitmap #cards 1024 size 144 coarsen threshold 921 Card regions per heap region 1 cards per card region 8192
 CPUs: 20 total, 20 available
 Memory: 16068M
 Large Page Support: Disabled
 NUMA Support: Disabled
 Compressed Oops: Enabled (Zero based)
 Heap Region Size: 4M
 Heap Min Capacity: 8M
 Heap Initial Capacity: 252M
 Heap Max Capacity: 8G
 Pre-touch: Disabled
 Parallel Workers: 15
 Concurrent Workers: 4
 Concurrent Refinement Workers: 15
 Periodic GC: Disabled
Heap:
 garbage-first heap   total 102400K, used 52927K [0x0000000600000000, 0x0000000800000000)
  region size 4096K, 7 young (28672K), 1 survivors (4096K)
 Metaspace       used 37061K, committed 38400K, reserved 1114112K
  class space    used 5312K, committed 5952K, reserved 1048576K
GC Heap History (16 events):
Event: 0.309 GC heap before
{Heap before GC invocations=0 (full 0):
 garbage-first heap   total 258048K, used 20480K [0x0000000600000000, 0x0000000800000000)
  region size 4096K, 5 young (20480K), 0 survivors (0K)
 Metaspace       used 879K, committed 1024K, reserved 1114112K
  class space    used 71K, committed 128K, reserved 1048576K
}
Event: 0.311 GC heap after
{Heap after GC invocations=1 (full 0):
 garbage-first heap   total 258048K, used 1600K [0x0000000600000000, 0x0000000800000000)
  region size 4096K, 1 young (4096K), 1 survivors (4096K)
 Metaspace       used 879K, committed 1024K, reserved 1114112K
  class space    used 71K, committed 128K, reserved 1048576K
}
Event: 0.804 GC heap before
{Heap before GC invocations=1 (full 0):
 garbage-first heap   total 258048K, used 46656K [0x0000000600000000, 0x0000000800000000)
  region size 4096K, 11 young (45056K), 1 survivors (4096K)
 Metaspace       used 4603K, committed 4800K, reserved 1114112K
  class space    used 583K, committed 704K, reserved 1048576K
}
Event: 0.809 GC heap after
{Heap after GC invocations=2 (full 0):
 garbage-first heap   total 258048K, used 11500K [0x0000000600000000, 0x0000000800000000)
  region size 4096K, 2 young (8192K), 2 survivors (8192K)
 Metaspace       used 4603K, committed 4800K, reserved 1114112K
  class space    used 583K, committed 704K, reserved 1048576K
}
Event: 28.245 GC heap before
{Heap before GC invocations=2 (full 0):
 garbage-first heap   total 258048K, used 122092K [0x0000000600000000, 0x0000000800000000)
  region size 4096K, 29 young (118784K), 2 survivors (8192K)
 Metaspace       used 16210K, committed 16704K, reserved 1114112K
  class space    used 2217K, committed 2432K, reserved 1048576K
}
Event: 28.269 GC heap after
{Heap after GC invocations=3 (full 0):
 garbage-first heap   total 258048K, used 21193K [0x0000000600000000, 0x0000000800000000)
  region size 4096K, 4 young (16384K), 4 survivors (16384K)
 Metaspace       used 16210K, committed 16704K, reserved 1114112K
  class space    used 2217K, committed 2432K, reserved 1048576K
}
Event: 44.180 GC heap before
{Heap before GC invocations=3 (full 0):
 garbage-first heap   total 258048K, used 49865K [0x0000000600000000, 0x0000000800000000)
  region size 4096K, 13 young (53248K), 4 survivors (16384K)
 Metaspace       used 20893K, committed 21504K, reserved 1114112K
  class space    used 2889K, committed 3200K, reserved 1048576K
}
Event: 44.191 GC heap after
{Heap after GC invocations=4 (full 0):
 garbage-first heap   total 258048K, used 23877K [0x0000000600000000, 0x0000000800000000)
  region size 4096K, 3 young (12288K), 3 survivors (12288K)
 Metaspace       used 20893K, committed 21504K, reserved 1114112K
  class space    used 2889K, committed 3200K, reserved 1048576K
}
Event: 53.006 GC heap before
{Heap before GC invocations=5 (full 0):
 garbage-first heap   total 81920K, used 81221K [0x0000000600000000, 0x0000000800000000)
  region size 4096K, 17 young (69632K), 3 survivors (12288K)
 Metaspace       used 27923K, committed 28928K, reserved 1114112K
  class space    used 3988K, committed 4480K, reserved 1048576K
}
Event: 53.016 GC heap after
{Heap after GC invocations=6 (full 0):
 garbage-first heap   total 102400K, used 27324K [0x0000000600000000, 0x0000000800000000)
  region size 4096K, 2 young (8192K), 2 survivors (8192K)
 Metaspace       used 27923K, committed 28928K, reserved 1114112K
  class space    used 3988K, committed 4480K, reserved 1048576K
}
Event: 60.514 GC heap before
{Heap before GC invocations=6 (full 0):
 garbage-first heap   total 102400K, used 72380K [0x0000000600000000, 0x0000000800000000)
  region size 4096K, 15 young (61440K), 2 survivors (8192K)
 Metaspace       used 34643K, committed 35968K, reserved 1114112K
  class space    used 4957K, committed 5632K, reserved 1048576K
}
Event: 60.520 GC heap after
{Heap after GC invocations=7 (full 0):
 garbage-first heap   total 102400K, used 30732K [0x0000000600000000, 0x0000000800000000)
  region size 4096K, 2 young (8192K), 2 survivors (8192K)
 Metaspace       used 34643K, committed 35968K, reserved 1114112K
  class space    used 4957K, committed 5632K, reserved 1048576K
}
Event: 196.399 GC heap before
{Heap before GC invocations=8 (full 0):
 garbage-first heap   total 102400K, used 83980K [0x0000000600000000, 0x0000000800000000)
  region size 4096K, 15 young (61440K), 2 survivors (8192K)
 Metaspace       used 36984K, committed 38336K, reserved 1114112K
  class space    used 5311K, committed 5952K, reserved 1048576K
}
Event: 197.270 GC heap after
{Heap after GC invocations=9 (full 0):
 garbage-first heap   total 102400K, used 32543K [0x0000000600000000, 0x0000000800000000)
  region size 4096K, 2 young (8192K), 2 survivors (8192K)
 Metaspace       used 36984K, committed 38336K, reserved 1114112K
  class space    used 5311K, committed 5952K, reserved 1048576K
}
Event: 248.405 GC heap before
{Heap before GC invocations=9 (full 0):
 garbage-first heap   total 102400K, used 36639K [0x0000000600000000, 0x0000000800000000)
  region size 4096K, 3 young (12288K), 2 survivors (8192K)
 Metaspace       used 37018K, committed 38400K, reserved 1114112K
  class space    used 5311K, committed 5952K, reserved 1048576K
}
Event: 248.671 GC heap after
{Heap after GC invocations=10 (full 0):
 garbage-first heap   total 102400K, used 32447K [0x0000000600000000, 0x0000000800000000)
  region size 4096K, 1 young (4096K), 1 survivors (4096K)
 Metaspace       used 37018K, committed 38400K, reserved 1114112K
  class space    used 5311K, committed 5952K, reserved 1048576K
}

