# JRE version: OpenJDK Runtime Environment Temurin-21.0.12.1+1 (21.0.12.1+1) (build 21.0.12.1+1-LTS)
# Java VM: OpenJDK 64-Bit Server VM Temurin-21.0.12.1+1 (21.0.12.1+1-LTS, mixed mode, sharing, tiered, compressed oops, compressed class ptrs, g1 gc, windows-amd64)
GC Precious Log:
 CardTable entry size: 512
 Card Set container configuration: InlinePtr #cards 4 size 8 Array Of Cards #cards 32 size 80 Howl #buckets 8 coarsen threshold 7372 Howl Bitmap #cards 1024 size 144 coarsen threshold 921 Card regions per heap region 1 cards per card region 8192
 CPUs: 20 total, 20 available
 Memory: 16068M
 Large Page Support: Disabled
 NUMA Support: Disabled
 Compressed Oops: Enabled (Zero based)
 Heap Region Size: 4M
 Heap Min Capacity: 8M
 Heap Initial Capacity: 252M
 Heap Max Capacity: 8G
 Pre-touch: Disabled
 Parallel Workers: 15
 Concurrent Workers: 4
 Concurrent Refinement Workers: 15
 Periodic GC: Disabled
Heap:
 garbage-first heap   total 135168K, used 80516K [0x0000000600000000, 0x0000000800000000)
  region size 4096K, 10 young (40960K), 1 survivors (4096K)
 Metaspace       used 61631K, committed 63616K, reserved 1114112K
  class space    used 9108K, committed 10048K, reserved 1048576K
GC Heap History (20 events):
Event: 36.713 GC heap before
{Heap before GC invocations=3 (full 0):
 garbage-first heap   total 258048K, used 127174K [0x0000000600000000, 0x0000000800000000)
  region size 4096K, 32 young (131072K), 2 survivors (8192K)
 Metaspace       used 20901K, committed 21504K, reserved 1114112K
  class space    used 2888K, committed 3136K, reserved 1048576K
}
Event: 36.843 GC heap after
{Heap after GC invocations=4 (full 0):
 garbage-first heap   total 258048K, used 23453K [0x0000000600000000, 0x0000000800000000)
  region size 4096K, 5 young (20480K), 5 survivors (20480K)
 Metaspace       used 20901K, committed 21504K, reserved 1114112K
  class space    used 2888K, committed 3136K, reserved 1048576K
}
Event: 41.404 GC heap before
{Heap before GC invocations=5 (full 0):
 garbage-first heap   total 98304K, used 93085K [0x0000000600000000, 0x0000000800000000)
  region size 4096K, 22 young (90112K), 5 survivors (20480K)
 Metaspace       used 29454K, committed 30528K, reserved 1114112K
  class space    used 4266K, committed 4800K, reserved 1048576K
}
Event: 41.421 GC heap after
{Heap after GC invocations=6 (full 0):
 garbage-first heap   total 122880K, used 27536K [0x0000000600000000, 0x0000000800000000)
  region size 4096K, 2 young (8192K), 2 survivors (8192K)
 Metaspace       used 29454K, committed 30528K, reserved 1114112K
  class space    used 4266K, committed 4800K, reserved 1048576K
}
Event: 42.694 GC heap before
{Heap before GC invocations=6 (full 0):
 garbage-first heap   total 122880K, used 60304K [0x0000000600000000, 0x0000000800000000)
  region size 4096K, 12 young (49152K), 2 survivors (8192K)
 Metaspace       used 35003K, committed 36288K, reserved 1114112K
  class space    used 4981K, committed 5632K, reserved 1048576K
}
Event: 42.700 GC heap after
{Heap after GC invocations=7 (full 0):
 garbage-first heap   total 122880K, used 30879K [0x0000000600000000, 0x0000000800000000)
  region size 4096K, 2 young (8192K), 2 survivors (8192K)
 Metaspace       used 35003K, committed 36288K, reserved 1114112K
  class space    used 4981K, committed 5632K, reserved 1048576K
}
Event: 42.777 GC heap before
{Heap before GC invocations=7 (full 0):
 garbage-first heap   total 122880K, used 30879K [0x0000000600000000, 0x0000000800000000)
  region size 4096K, 3 young (12288K), 2 survivors (8192K)
 Metaspace       used 35346K, committed 36608K, reserved 1114112K
  class space    used 5032K, committed 5632K, reserved 1048576K
}
Event: 42.782 GC heap after
{Heap after GC invocations=8 (full 0):
 garbage-first heap   total 122880K, used 31391K [0x0000000600000000, 0x0000000800000000)
  region size 4096K, 1 young (4096K), 1 survivors (4096K)
 Metaspace       used 35346K, committed 36608K, reserved 1114112K
  class space    used 5032K, committed 5632K, reserved 1048576K
}
Event: 122.413 GC heap before
{Heap before GC invocations=9 (full 0):
 garbage-first heap   total 110592K, used 88735K [0x0000000600000000, 0x0000000800000000)
  region size 4096K, 16 young (65536K), 1 survivors (4096K)
 Metaspace       used 38448K, committed 39872K, reserved 1114112K
  class space    used 5570K, committed 6272K, reserved 1048576K
}
Event: 122.446 GC heap after
{Heap after GC invocations=10 (full 0):
 garbage-first heap   total 110592K, used 32748K [0x0000000600000000, 0x0000000800000000)
  region size 4096K, 2 young (8192K), 2 survivors (8192K)
 Metaspace       used 38448K, committed 39872K, reserved 1114112K
  class space    used 5570K, committed 6272K, reserved 1048576K
}
Event: 130.292 GC heap before
{Heap before GC invocations=10 (full 0):
 garbage-first heap   total 110592K, used 90092K [0x0000000600000000, 0x0000000800000000)
  region size 4096K, 16 young (65536K), 2 survivors (8192K)
 Metaspace       used 41931K, committed 43584K, reserved 1114112K
  class space    used 6155K, committed 6976K, reserved 1048576K
}
Event: 130.473 GC heap after
{Heap after GC invocations=11 (full 0):
 garbage-first heap   total 110592K, used 34055K [0x0000000600000000, 0x0000000800000000)
  region size 4096K, 1 young (4096K), 1 survivors (4096K)
 Metaspace       used 41931K, committed 43584K, reserved 1114112K
  class space    used 6155K, committed 6976K, reserved 1048576K
}
Event: 139.261 GC heap before
{Heap before GC invocations=11 (full 0):
 garbage-first heap   total 110592K, used 95495K [0x0000000600000000, 0x0000000800000000)
  region size 4096K, 16 young (65536K), 1 survivors (4096K)
 Metaspace       used 47060K, committed 48832K, reserved 1114112K
  class space    used 6953K, committed 7808K, reserved 1048576K
}
Event: 139.270 GC heap after
{Heap after GC invocations=12 (full 0):
 garbage-first heap   total 135168K, used 37335K [0x0000000600000000, 0x0000000800000000)
  region size 4096K, 2 young (8192K), 2 survivors (8192K)
 Metaspace       used 47060K, committed 48832K, reserved 1114112K
  class space    used 6953K, committed 7808K, reserved 1048576K
}
Event: 146.537 GC heap before
{Heap before GC invocations=12 (full 0):
 garbage-first heap   total 135168K, used 102871K [0x0000000600000000, 0x0000000800000000)
  region size 4096K, 19 young (77824K), 2 survivors (8192K)
 Metaspace       used 50353K, committed 52224K, reserved 1114112K
  class space    used 7537K, committed 8448K, reserved 1048576K
}
Event: 146.547 GC heap after
{Heap after GC invocations=13 (full 0):
 garbage-first heap   total 135168K, used 39695K [0x0000000600000000, 0x0000000800000000)
  region size 4096K, 2 young (8192K), 2 survivors (8192K)
 Metaspace       used 50353K, committed 52224K, reserved 1114112K
  class space    used 7537K, committed 8448K, reserved 1048576K
}
Event: 148.937 GC heap before
{Heap before GC invocations=13 (full 0):
 garbage-first heap   total 135168K, used 105231K [0x0000000600000000, 0x0000000800000000)
  region size 4096K, 19 young (77824K), 2 survivors (8192K)
 Metaspace       used 57588K, committed 59456K, reserved 1114112K
  class space    used 8503K, committed 9408K, reserved 1048576K
}
Event: 148.944 GC heap after
{Heap after GC invocations=14 (full 0):
 garbage-first heap   total 135168K, used 46272K [0x0000000600000000, 0x0000000800000000)
  region size 4096K, 3 young (12288K), 3 survivors (12288K)
 Metaspace       used 57588K, committed 59456K, reserved 1114112K
  class space    used 8503K, committed 9408K, reserved 1048576K
}
Event: 149.408 GC heap before
{Heap before GC invocations=14 (full 0):
 garbage-first heap   total 135168K, used 66752K [0x0000000600000000, 0x0000000800000000)
  region size 4096K, 9 young (36864K), 3 survivors (12288K)
 Metaspace       used 59325K, committed 61248K, reserved 1114112K
  class space    used 8777K, committed 9728K, reserved 1048576K
}
Event: 149.419 GC heap after
{Heap after GC invocations=15 (full 0):
 garbage-first heap   total 135168K, used 47748K [0x0000000600000000, 0x0000000800000000)
  region size 4096K, 1 young (4096K), 1 survivors (4096K)
 Metaspace       used 59325K, committed 61248K, reserved 1114112K
  class space    used 8777K, committed 9728K, reserved 1048576K
}

